[0.006s] Invoking command in '/home/dylan/ros_programs/ex2_ws/build/angle_interface': CMAKE_PREFIX_PATH=/opt/ros/humble /usr/bin/cmake /home/dylan/ros_programs/ex2_ws/src/angle_interface -DCMAKE_INSTALL_PREFIX=/home/dylan/ros_programs/ex2_ws/install/angle_interface
[0.047s] -- The C compiler identification is GNU 11.4.0
[0.085s] -- The CXX compiler identification is GNU 11.4.0
[0.090s] -- Detecting C compiler ABI info
[0.139s] -- Detecting C compiler ABI info - done
[0.143s] -- Check for working C compiler: /usr/bin/cc - skipped
[0.143s] -- Detecting C compile features
[0.144s] -- Detecting C compile features - done
[0.145s] -- Detecting CXX compiler ABI info
[0.200s] -- Detecting CXX compiler ABI info - done
[0.205s] -- Check for working CXX compiler: /usr/bin/c++ - skipped
[0.205s] -- Detecting CXX compile features
[0.205s] -- Detecting CXX compile features - done
[0.207s] -- Found ament_cmake: 1.3.12 (/opt/ros/humble/share/ament_cmake/cmake)
[0.308s] -- Found Python3: /usr/bin/python3 (found version "3.10.12") found components: Interpreter 
[0.359s] -- Found rosidl_default_generators: 1.2.0 (/opt/ros/humble/share/rosidl_default_generators/cmake)
[0.361s] -- Using all available rosidl_typesupport_c: rosidl_typesupport_fastrtps_c;rosidl_typesupport_introspection_c
[0.364s] -- Found rosidl_adapter: 3.1.7 (/opt/ros/humble/share/rosidl_adapter/cmake)
[0.383s] -- Using all available rosidl_typesupport_cpp: rosidl_typesupport_fastrtps_cpp;rosidl_typesupport_introspection_cpp
[0.554s] -- Found ament_cmake_ros: 0.10.0 (/opt/ros/humble/share/ament_cmake_ros/cmake)
[0.671s] -- Using all available rosidl_typesupport_c: rosidl_typesupport_fastrtps_c;rosidl_typesupport_introspection_c
[0.818s] -- Using all available rosidl_typesupport_cpp: rosidl_typesupport_fastrtps_cpp;rosidl_typesupport_introspection_cpp
[0.831s] -- Found PythonInterp: /usr/bin/python3 (found suitable version "3.10.12", minimum required is "3.6") 
[0.832s] -- Found python_cmake_module: 0.10.0 (/opt/ros/humble/share/python_cmake_module/cmake)
[0.848s] -- Found PythonLibs: /usr/lib/x86_64-linux-gnu/libpython3.10.so (found suitable version "3.10.12", minimum required is "3.5") 
[0.848s] -- Using PYTHON_EXECUTABLE: /usr/bin/python3
[0.848s] -- Using PYTHON_INCLUDE_DIRS: /usr/include/python3.10
[0.848s] -- Using PYTHON_LIBRARIES: /usr/lib/x86_64-linux-gnu/libpython3.10.so
[0.860s] -- Found PythonExtra: .so  
[0.880s] -- Found ament_lint_auto: 0.12.14 (/opt/ros/humble/share/ament_lint_auto/cmake)
[0.887s] -- Added test 'lint_cmake' to check CMake code style
[0.887s] -- Added test 'xmllint' to check XML markup files
[0.889s] -- Configuring done
[0.901s] -- Generating done
[0.906s] -- Build files have been written to: /home/dylan/ros_programs/ex2_ws/build/angle_interface
[0.911s] Invoked command in '/home/dylan/ros_programs/ex2_ws/build/angle_interface' returned '0': CMAKE_PREFIX_PATH=/opt/ros/humble /usr/bin/cmake /home/dylan/ros_programs/ex2_ws/src/angle_interface -DCMAKE_INSTALL_PREFIX=/home/dylan/ros_programs/ex2_ws/install/angle_interface
[0.911s] Invoking command in '/home/dylan/ros_programs/ex2_ws/build/angle_interface': CMAKE_PREFIX_PATH=/opt/ros/humble /usr/bin/cmake --build /home/dylan/ros_programs/ex2_ws/build/angle_interface -- -j16 -l16
[0.939s] [  3%] [34m[1mGenerating C code for ROS interfaces[0m
[0.948s] [  6%] [34m[1mGenerating C++ code for ROS interfaces[0m
[0.955s] [  6%] Built target ament_cmake_python_copy_angle_interface
[1.095s] running egg_info
[1.095s] creating angle_interface.egg-info
[1.095s] writing angle_interface.egg-info/PKG-INFO
[1.095s] writing dependency_links to angle_interface.egg-info/dependency_links.txt
[1.095s] writing top-level names to angle_interface.egg-info/top_level.txt
[1.096s] writing manifest file 'angle_interface.egg-info/SOURCES.txt'
[1.097s] reading manifest file 'angle_interface.egg-info/SOURCES.txt'
[1.097s] writing manifest file 'angle_interface.egg-info/SOURCES.txt'
[1.110s] [  9%] [32mBuilding C object CMakeFiles/angle_interface__rosidl_generator_c.dir/rosidl_generator_c/angle_interface/srv/detail/data__functions.c.o[0m
[1.113s] [  9%] Built target angle_interface__cpp
[1.116s] [  9%] Built target ament_cmake_python_build_angle_interface_egg
[1.120s] [ 12%] [34m[1mGenerating C++ type support dispatch for ROS interfaces[0m
[1.120s] [ 16%] [34m[1mGenerating C++ type support for eProsima Fast-RTPS[0m
[1.122s] [ 19%] [34m[1mGenerating C++ introspection for ROS interfaces[0m
[1.160s] [ 22%] [32m[1mLinking C shared library libangle_interface__rosidl_generator_c.so[0m
[1.191s] [ 22%] Built target angle_interface__rosidl_generator_c
[1.199s] [ 25%] [34m[1mGenerating C type support for eProsima Fast-RTPS[0m
[1.200s] [ 29%] [34m[1mGenerating C introspection for ROS interfaces[0m
[1.201s] [ 32%] [34m[1mGenerating C type support dispatch for ROS interfaces[0m
[1.281s] [ 35%] [32mBuilding CXX object CMakeFiles/angle_interface__rosidl_typesupport_cpp.dir/rosidl_typesupport_cpp/angle_interface/srv/data__type_support.cpp.o[0m
[1.293s] [ 38%] [32mBuilding CXX object CMakeFiles/angle_interface__rosidl_typesupport_introspection_cpp.dir/rosidl_typesupport_introspection_cpp/angle_interface/srv/detail/data__type_support.cpp.o[0m
[1.304s] [ 41%] [32mBuilding CXX object CMakeFiles/angle_interface__rosidl_typesupport_fastrtps_cpp.dir/rosidl_typesupport_fastrtps_cpp/angle_interface/srv/detail/dds_fastrtps/data__type_support.cpp.o[0m
[1.391s] [ 45%] [32mBuilding CXX object CMakeFiles/angle_interface__rosidl_typesupport_fastrtps_c.dir/rosidl_typesupport_fastrtps_c/angle_interface/srv/detail/data__type_support_c.cpp.o[0m
[1.400s] [ 48%] [32mBuilding C object CMakeFiles/angle_interface__rosidl_typesupport_introspection_c.dir/rosidl_typesupport_introspection_c/angle_interface/srv/detail/data__type_support.c.o[0m
[1.432s] [ 51%] [32m[1mLinking C shared library libangle_interface__rosidl_typesupport_introspection_c.so[0m
[1.440s] [ 54%] [32m[1mLinking CXX shared library libangle_interface__rosidl_typesupport_cpp.so[0m
[1.450s] [ 58%] [32mBuilding CXX object CMakeFiles/angle_interface__rosidl_typesupport_c.dir/rosidl_typesupport_c/angle_interface/srv/data__type_support.cpp.o[0m
[1.458s] [ 58%] Built target angle_interface__rosidl_typesupport_introspection_c
[1.477s] [ 61%] [32m[1mLinking CXX shared library libangle_interface__rosidl_typesupport_c.so[0m
[1.478s] [ 61%] Built target angle_interface__rosidl_typesupport_cpp
[1.509s] [ 61%] Built target angle_interface__rosidl_typesupport_c
[1.547s] [ 64%] [32m[1mLinking CXX shared library libangle_interface__rosidl_typesupport_fastrtps_cpp.so[0m
[1.575s] [ 67%] [32m[1mLinking CXX shared library libangle_interface__rosidl_typesupport_introspection_cpp.so[0m
[1.590s] [ 70%] [32m[1mLinking CXX shared library libangle_interface__rosidl_typesupport_fastrtps_c.so[0m
[1.600s] [ 70%] Built target angle_interface__rosidl_typesupport_fastrtps_cpp
[1.603s] [ 70%] Built target angle_interface__rosidl_typesupport_introspection_cpp
[1.639s] [ 70%] Built target angle_interface__rosidl_typesupport_fastrtps_c
[1.655s] [ 70%] Built target angle_interface
[1.670s] [ 74%] [34m[1mGenerating Python code for ROS interfaces[0m
[1.866s] [ 74%] Built target angle_interface__py
[1.880s] [ 77%] [32mBuilding C object CMakeFiles/angle_interface__rosidl_generator_py.dir/rosidl_generator_py/angle_interface/srv/_data_s.c.o[0m
[1.937s] [ 80%] [32m[1mLinking C shared library rosidl_generator_py/angle_interface/libangle_interface__rosidl_generator_py.so[0m
[1.965s] [ 80%] Built target angle_interface__rosidl_generator_py
[1.980s] [ 83%] [32mBuilding C object CMakeFiles/angle_interface__rosidl_typesupport_fastrtps_c__pyext.dir/rosidl_generator_py/angle_interface/_angle_interface_s.ep.rosidl_typesupport_fastrtps_c.c.o[0m
[1.980s] [ 87%] [32mBuilding C object CMakeFiles/angle_interface__rosidl_typesupport_c__pyext.dir/rosidl_generator_py/angle_interface/_angle_interface_s.ep.rosidl_typesupport_c.c.o[0m
[1.981s] [ 90%] [32mBuilding C object CMakeFiles/angle_interface__rosidl_typesupport_introspection_c__pyext.dir/rosidl_generator_py/angle_interface/_angle_interface_s.ep.rosidl_typesupport_introspection_c.c.o[0m
[2.036s] [ 93%] [32m[1mLinking C shared library rosidl_generator_py/angle_interface/angle_interface_s__rosidl_typesupport_c.cpython-310-x86_64-linux-gnu.so[0m
[2.042s] [100%] [32m[1mLinking C shared library rosidl_generator_py/angle_interface/angle_interface_s__rosidl_typesupport_introspection_c.cpython-310-x86_64-linux-gnu.so[0m
[2.042s] [100%] [32m[1mLinking C shared library rosidl_generator_py/angle_interface/angle_interface_s__rosidl_typesupport_fastrtps_c.cpython-310-x86_64-linux-gnu.so[0m
[2.066s] [100%] Built target angle_interface__rosidl_typesupport_c__pyext
[2.069s] [100%] Built target angle_interface__rosidl_typesupport_introspection_c__pyext
[2.069s] [100%] Built target angle_interface__rosidl_typesupport_fastrtps_c__pyext
[2.078s] Invoked command in '/home/dylan/ros_programs/ex2_ws/build/angle_interface' returned '0': CMAKE_PREFIX_PATH=/opt/ros/humble /usr/bin/cmake --build /home/dylan/ros_programs/ex2_ws/build/angle_interface -- -j16 -l16
[2.085s] Invoking command in '/home/dylan/ros_programs/ex2_ws/build/angle_interface': CMAKE_PREFIX_PATH=/opt/ros/humble /usr/bin/cmake --install /home/dylan/ros_programs/ex2_ws/build/angle_interface
[2.094s] -- Install configuration: ""
[2.094s] -- Installing: /home/dylan/ros_programs/ex2_ws/install/angle_interface/share/ament_index/resource_index/rosidl_interfaces/angle_interface
[2.094s] -- Installing: /home/dylan/ros_programs/ex2_ws/install/angle_interface/include/angle_interface/angle_interface
[2.094s] -- Installing: /home/dylan/ros_programs/ex2_ws/install/angle_interface/include/angle_interface/angle_interface/msg
[2.094s] -- Installing: /home/dylan/ros_programs/ex2_ws/install/angle_interface/include/angle_interface/angle_interface/msg/rosidl_generator_c__visibility_control.h
[2.094s] -- Installing: /home/dylan/ros_programs/ex2_ws/install/angle_interface/include/angle_interface/angle_interface/srv
[2.094s] -- Installing: /home/dylan/ros_programs/ex2_ws/install/angle_interface/include/angle_interface/angle_interface/srv/detail
[2.094s] -- Installing: /home/dylan/ros_programs/ex2_ws/install/angle_interface/include/angle_interface/angle_interface/srv/detail/data__type_support.h
[2.094s] -- Installing: /home/dylan/ros_programs/ex2_ws/install/angle_interface/include/angle_interface/angle_interface/srv/detail/data__functions.h
[2.094s] -- Installing: /home/dylan/ros_programs/ex2_ws/install/angle_interface/include/angle_interface/angle_interface/srv/detail/data__struct.h
[2.094s] -- Installing: /home/dylan/ros_programs/ex2_ws/install/angle_interface/include/angle_interface/angle_interface/srv/detail/data__functions.c
[2.094s] -- Installing: /home/dylan/ros_programs/ex2_ws/install/angle_interface/include/angle_interface/angle_interface/srv/data.h
[2.094s] -- Installing: /home/dylan/ros_programs/ex2_ws/install/angle_interface/share/angle_interface/environment/library_path.sh
[2.094s] -- Installing: /home/dylan/ros_programs/ex2_ws/install/angle_interface/share/angle_interface/environment/library_path.dsv
[2.094s] -- Installing: /home/dylan/ros_programs/ex2_ws/install/angle_interface/lib/libangle_interface__rosidl_generator_c.so
[2.094s] -- Set runtime path of "/home/dylan/ros_programs/ex2_ws/install/angle_interface/lib/libangle_interface__rosidl_generator_c.so" to ""
[2.094s] -- Up-to-date: /home/dylan/ros_programs/ex2_ws/install/angle_interface/include/angle_interface/angle_interface
[2.094s] -- Up-to-date: /home/dylan/ros_programs/ex2_ws/install/angle_interface/include/angle_interface/angle_interface/msg
[2.094s] -- Installing: /home/dylan/ros_programs/ex2_ws/install/angle_interface/include/angle_interface/angle_interface/msg/rosidl_typesupport_fastrtps_c__visibility_control.h
[2.094s] -- Up-to-date: /home/dylan/ros_programs/ex2_ws/install/angle_interface/include/angle_interface/angle_interface/srv
[2.094s] -- Up-to-date: /home/dylan/ros_programs/ex2_ws/install/angle_interface/include/angle_interface/angle_interface/srv/detail
[2.094s] -- Installing: /home/dylan/ros_programs/ex2_ws/install/angle_interface/include/angle_interface/angle_interface/srv/detail/data__rosidl_typesupport_fastrtps_c.h
[2.095s] -- Installing: /home/dylan/ros_programs/ex2_ws/install/angle_interface/lib/libangle_interface__rosidl_typesupport_fastrtps_c.so
[2.095s] -- Set runtime path of "/home/dylan/ros_programs/ex2_ws/install/angle_interface/lib/libangle_interface__rosidl_typesupport_fastrtps_c.so" to ""
[2.095s] -- Up-to-date: /home/dylan/ros_programs/ex2_ws/install/angle_interface/include/angle_interface/angle_interface
[2.095s] -- Up-to-date: /home/dylan/ros_programs/ex2_ws/install/angle_interface/include/angle_interface/angle_interface/msg
[2.095s] -- Installing: /home/dylan/ros_programs/ex2_ws/install/angle_interface/include/angle_interface/angle_interface/msg/rosidl_typesupport_introspection_c__visibility_control.h
[2.095s] -- Up-to-date: /home/dylan/ros_programs/ex2_ws/install/angle_interface/include/angle_interface/angle_interface/srv
[2.095s] -- Up-to-date: /home/dylan/ros_programs/ex2_ws/install/angle_interface/include/angle_interface/angle_interface/srv/detail
[2.095s] -- Installing: /home/dylan/ros_programs/ex2_ws/install/angle_interface/include/angle_interface/angle_interface/srv/detail/data__rosidl_typesupport_introspection_c.h
[2.095s] -- Installing: /home/dylan/ros_programs/ex2_ws/install/angle_interface/include/angle_interface/angle_interface/srv/detail/data__type_support.c
[2.095s] -- Installing: /home/dylan/ros_programs/ex2_ws/install/angle_interface/lib/libangle_interface__rosidl_typesupport_introspection_c.so
[2.095s] -- Set runtime path of "/home/dylan/ros_programs/ex2_ws/install/angle_interface/lib/libangle_interface__rosidl_typesupport_introspection_c.so" to ""
[2.095s] -- Installing: /home/dylan/ros_programs/ex2_ws/install/angle_interface/lib/libangle_interface__rosidl_typesupport_c.so
[2.095s] -- Set runtime path of "/home/dylan/ros_programs/ex2_ws/install/angle_interface/lib/libangle_interface__rosidl_typesupport_c.so" to ""
[2.095s] -- Up-to-date: /home/dylan/ros_programs/ex2_ws/install/angle_interface/include/angle_interface/angle_interface
[2.095s] -- Up-to-date: /home/dylan/ros_programs/ex2_ws/install/angle_interface/include/angle_interface/angle_interface/msg
[2.095s] -- Installing: /home/dylan/ros_programs/ex2_ws/install/angle_interface/include/angle_interface/angle_interface/msg/rosidl_generator_cpp__visibility_control.hpp
[2.095s] -- Up-to-date: /home/dylan/ros_programs/ex2_ws/install/angle_interface/include/angle_interface/angle_interface/srv
[2.095s] -- Up-to-date: /home/dylan/ros_programs/ex2_ws/install/angle_interface/include/angle_interface/angle_interface/srv/detail
[2.095s] -- Installing: /home/dylan/ros_programs/ex2_ws/install/angle_interface/include/angle_interface/angle_interface/srv/detail/data__struct.hpp
[2.095s] -- Installing: /home/dylan/ros_programs/ex2_ws/install/angle_interface/include/angle_interface/angle_interface/srv/detail/data__traits.hpp
[2.095s] -- Installing: /home/dylan/ros_programs/ex2_ws/install/angle_interface/include/angle_interface/angle_interface/srv/detail/data__builder.hpp
[2.096s] -- Installing: /home/dylan/ros_programs/ex2_ws/install/angle_interface/include/angle_interface/angle_interface/srv/detail/data__type_support.hpp
[2.096s] -- Installing: /home/dylan/ros_programs/ex2_ws/install/angle_interface/include/angle_interface/angle_interface/srv/data.hpp
[2.096s] -- Up-to-date: /home/dylan/ros_programs/ex2_ws/install/angle_interface/include/angle_interface/angle_interface
[2.096s] -- Up-to-date: /home/dylan/ros_programs/ex2_ws/install/angle_interface/include/angle_interface/angle_interface/msg
[2.096s] -- Installing: /home/dylan/ros_programs/ex2_ws/install/angle_interface/include/angle_interface/angle_interface/msg/rosidl_typesupport_fastrtps_cpp__visibility_control.h
[2.096s] -- Up-to-date: /home/dylan/ros_programs/ex2_ws/install/angle_interface/include/angle_interface/angle_interface/srv
[2.096s] -- Up-to-date: /home/dylan/ros_programs/ex2_ws/install/angle_interface/include/angle_interface/angle_interface/srv/detail
[2.096s] -- Installing: /home/dylan/ros_programs/ex2_ws/install/angle_interface/include/angle_interface/angle_interface/srv/detail/dds_fastrtps
[2.096s] -- Installing: /home/dylan/ros_programs/ex2_ws/install/angle_interface/include/angle_interface/angle_interface/srv/detail/data__rosidl_typesupport_fastrtps_cpp.hpp
[2.096s] -- Installing: /home/dylan/ros_programs/ex2_ws/install/angle_interface/lib/libangle_interface__rosidl_typesupport_fastrtps_cpp.so
[2.096s] -- Set runtime path of "/home/dylan/ros_programs/ex2_ws/install/angle_interface/lib/libangle_interface__rosidl_typesupport_fastrtps_cpp.so" to ""
[2.096s] -- Up-to-date: /home/dylan/ros_programs/ex2_ws/install/angle_interface/include/angle_interface/angle_interface
[2.096s] -- Up-to-date: /home/dylan/ros_programs/ex2_ws/install/angle_interface/include/angle_interface/angle_interface/srv
[2.096s] -- Up-to-date: /home/dylan/ros_programs/ex2_ws/install/angle_interface/include/angle_interface/angle_interface/srv/detail
[2.096s] -- Installing: /home/dylan/ros_programs/ex2_ws/install/angle_interface/include/angle_interface/angle_interface/srv/detail/data__rosidl_typesupport_introspection_cpp.hpp
[2.096s] -- Installing: /home/dylan/ros_programs/ex2_ws/install/angle_interface/include/angle_interface/angle_interface/srv/detail/data__type_support.cpp
[2.096s] -- Installing: /home/dylan/ros_programs/ex2_ws/install/angle_interface/lib/libangle_interface__rosidl_typesupport_introspection_cpp.so
[2.096s] -- Set runtime path of "/home/dylan/ros_programs/ex2_ws/install/angle_interface/lib/libangle_interface__rosidl_typesupport_introspection_cpp.so" to ""
[2.096s] -- Installing: /home/dylan/ros_programs/ex2_ws/install/angle_interface/lib/libangle_interface__rosidl_typesupport_cpp.so
[2.096s] -- Set runtime path of "/home/dylan/ros_programs/ex2_ws/install/angle_interface/lib/libangle_interface__rosidl_typesupport_cpp.so" to ""
[2.097s] -- Installing: /home/dylan/ros_programs/ex2_ws/install/angle_interface/share/angle_interface/environment/pythonpath.sh
[2.097s] -- Installing: /home/dylan/ros_programs/ex2_ws/install/angle_interface/share/angle_interface/environment/pythonpath.dsv
[2.097s] -- Installing: /home/dylan/ros_programs/ex2_ws/install/angle_interface/local/lib/python3.10/dist-packages/angle_interface-0.0.0-py3.10.egg-info
[2.097s] -- Installing: /home/dylan/ros_programs/ex2_ws/install/angle_interface/local/lib/python3.10/dist-packages/angle_interface-0.0.0-py3.10.egg-info/PKG-INFO
[2.097s] -- Installing: /home/dylan/ros_programs/ex2_ws/install/angle_interface/local/lib/python3.10/dist-packages/angle_interface-0.0.0-py3.10.egg-info/top_level.txt
[2.097s] -- Installing: /home/dylan/ros_programs/ex2_ws/install/angle_interface/local/lib/python3.10/dist-packages/angle_interface-0.0.0-py3.10.egg-info/dependency_links.txt
[2.097s] -- Installing: /home/dylan/ros_programs/ex2_ws/install/angle_interface/local/lib/python3.10/dist-packages/angle_interface-0.0.0-py3.10.egg-info/SOURCES.txt
[2.097s] -- Installing: /home/dylan/ros_programs/ex2_ws/install/angle_interface/local/lib/python3.10/dist-packages/angle_interface
[2.097s] -- Installing: /home/dylan/ros_programs/ex2_ws/install/angle_interface/local/lib/python3.10/dist-packages/angle_interface/__init__.py
[2.097s] -- Installing: /home/dylan/ros_programs/ex2_ws/install/angle_interface/local/lib/python3.10/dist-packages/angle_interface/_angle_interface_s.ep.rosidl_typesupport_fastrtps_c.c
[2.097s] -- Installing: /home/dylan/ros_programs/ex2_ws/install/angle_interface/local/lib/python3.10/dist-packages/angle_interface/angle_interface_s__rosidl_typesupport_fastrtps_c.cpython-310-x86_64-linux-gnu.so
[2.097s] -- Installing: /home/dylan/ros_programs/ex2_ws/install/angle_interface/local/lib/python3.10/dist-packages/angle_interface/_angle_interface_s.ep.rosidl_typesupport_introspection_c.c
[2.097s] -- Installing: /home/dylan/ros_programs/ex2_ws/install/angle_interface/local/lib/python3.10/dist-packages/angle_interface/angle_interface_s__rosidl_typesupport_c.cpython-310-x86_64-linux-gnu.so
[2.097s] -- Installing: /home/dylan/ros_programs/ex2_ws/install/angle_interface/local/lib/python3.10/dist-packages/angle_interface/angle_interface_s__rosidl_typesupport_introspection_c.cpython-310-x86_64-linux-gnu.so
[2.097s] -- Installing: /home/dylan/ros_programs/ex2_ws/install/angle_interface/local/lib/python3.10/dist-packages/angle_interface/libangle_interface__rosidl_generator_py.so
[2.097s] -- Installing: /home/dylan/ros_programs/ex2_ws/install/angle_interface/local/lib/python3.10/dist-packages/angle_interface/srv
[2.097s] -- Installing: /home/dylan/ros_programs/ex2_ws/install/angle_interface/local/lib/python3.10/dist-packages/angle_interface/srv/__init__.py
[2.097s] -- Installing: /home/dylan/ros_programs/ex2_ws/install/angle_interface/local/lib/python3.10/dist-packages/angle_interface/srv/_data_s.c
[2.097s] -- Installing: /home/dylan/ros_programs/ex2_ws/install/angle_interface/local/lib/python3.10/dist-packages/angle_interface/srv/_data.py
[2.098s] -- Installing: /home/dylan/ros_programs/ex2_ws/install/angle_interface/local/lib/python3.10/dist-packages/angle_interface/_angle_interface_s.ep.rosidl_typesupport_c.c
[2.120s] Listing '/home/dylan/ros_programs/ex2_ws/install/angle_interface/local/lib/python3.10/dist-packages/angle_interface'...
[2.120s] Compiling '/home/dylan/ros_programs/ex2_ws/install/angle_interface/local/lib/python3.10/dist-packages/angle_interface/__init__.py'...
[2.120s] Listing '/home/dylan/ros_programs/ex2_ws/install/angle_interface/local/lib/python3.10/dist-packages/angle_interface/srv'...
[2.120s] Compiling '/home/dylan/ros_programs/ex2_ws/install/angle_interface/local/lib/python3.10/dist-packages/angle_interface/srv/__init__.py'...
[2.120s] Compiling '/home/dylan/ros_programs/ex2_ws/install/angle_interface/local/lib/python3.10/dist-packages/angle_interface/srv/_data.py'...
[2.123s] -- Installing: /home/dylan/ros_programs/ex2_ws/install/angle_interface/local/lib/python3.10/dist-packages/angle_interface/angle_interface_s__rosidl_typesupport_fastrtps_c.cpython-310-x86_64-linux-gnu.so
[2.123s] -- Set runtime path of "/home/dylan/ros_programs/ex2_ws/install/angle_interface/local/lib/python3.10/dist-packages/angle_interface/angle_interface_s__rosidl_typesupport_fastrtps_c.cpython-310-x86_64-linux-gnu.so" to ""
[2.123s] -- Installing: /home/dylan/ros_programs/ex2_ws/install/angle_interface/local/lib/python3.10/dist-packages/angle_interface/angle_interface_s__rosidl_typesupport_introspection_c.cpython-310-x86_64-linux-gnu.so
[2.123s] -- Set runtime path of "/home/dylan/ros_programs/ex2_ws/install/angle_interface/local/lib/python3.10/dist-packages/angle_interface/angle_interface_s__rosidl_typesupport_introspection_c.cpython-310-x86_64-linux-gnu.so" to ""
[2.123s] -- Installing: /home/dylan/ros_programs/ex2_ws/install/angle_interface/local/lib/python3.10/dist-packages/angle_interface/angle_interface_s__rosidl_typesupport_c.cpython-310-x86_64-linux-gnu.so
[2.123s] -- Set runtime path of "/home/dylan/ros_programs/ex2_ws/install/angle_interface/local/lib/python3.10/dist-packages/angle_interface/angle_interface_s__rosidl_typesupport_c.cpython-310-x86_64-linux-gnu.so" to ""
[2.123s] -- Installing: /home/dylan/ros_programs/ex2_ws/install/angle_interface/lib/libangle_interface__rosidl_generator_py.so
[2.123s] -- Set runtime path of "/home/dylan/ros_programs/ex2_ws/install/angle_interface/lib/libangle_interface__rosidl_generator_py.so" to ""
[2.123s] -- Installing: /home/dylan/ros_programs/ex2_ws/install/angle_interface/share/angle_interface/srv/Data.idl
[2.123s] -- Installing: /home/dylan/ros_programs/ex2_ws/install/angle_interface/share/angle_interface/srv/Data.srv
[2.123s] -- Installing: /home/dylan/ros_programs/ex2_ws/install/angle_interface/share/angle_interface/srv/Data_Request.msg
[2.123s] -- Installing: /home/dylan/ros_programs/ex2_ws/install/angle_interface/share/angle_interface/srv/Data_Response.msg
[2.123s] -- Installing: /home/dylan/ros_programs/ex2_ws/install/angle_interface/share/ament_index/resource_index/package_run_dependencies/angle_interface
[2.123s] -- Installing: /home/dylan/ros_programs/ex2_ws/install/angle_interface/share/ament_index/resource_index/parent_prefix_path/angle_interface
[2.123s] -- Installing: /home/dylan/ros_programs/ex2_ws/install/angle_interface/share/angle_interface/environment/ament_prefix_path.sh
[2.124s] -- Installing: /home/dylan/ros_programs/ex2_ws/install/angle_interface/share/angle_interface/environment/ament_prefix_path.dsv
[2.124s] -- Installing: /home/dylan/ros_programs/ex2_ws/install/angle_interface/share/angle_interface/environment/path.sh
[2.124s] -- Installing: /home/dylan/ros_programs/ex2_ws/install/angle_interface/share/angle_interface/environment/path.dsv
[2.124s] -- Installing: /home/dylan/ros_programs/ex2_ws/install/angle_interface/share/angle_interface/local_setup.bash
[2.124s] -- Installing: /home/dylan/ros_programs/ex2_ws/install/angle_interface/share/angle_interface/local_setup.sh
[2.124s] -- Installing: /home/dylan/ros_programs/ex2_ws/install/angle_interface/share/angle_interface/local_setup.zsh
[2.124s] -- Installing: /home/dylan/ros_programs/ex2_ws/install/angle_interface/share/angle_interface/local_setup.dsv
[2.124s] -- Installing: /home/dylan/ros_programs/ex2_ws/install/angle_interface/share/angle_interface/package.dsv
[2.124s] -- Installing: /home/dylan/ros_programs/ex2_ws/install/angle_interface/share/ament_index/resource_index/packages/angle_interface
[2.124s] -- Installing: /home/dylan/ros_programs/ex2_ws/install/angle_interface/share/angle_interface/cmake/export_angle_interface__rosidl_generator_cExport.cmake
[2.124s] -- Installing: /home/dylan/ros_programs/ex2_ws/install/angle_interface/share/angle_interface/cmake/export_angle_interface__rosidl_generator_cExport-noconfig.cmake
[2.124s] -- Installing: /home/dylan/ros_programs/ex2_ws/install/angle_interface/share/angle_interface/cmake/export_angle_interface__rosidl_typesupport_fastrtps_cExport.cmake
[2.124s] -- Installing: /home/dylan/ros_programs/ex2_ws/install/angle_interface/share/angle_interface/cmake/export_angle_interface__rosidl_typesupport_fastrtps_cExport-noconfig.cmake
[2.124s] -- Installing: /home/dylan/ros_programs/ex2_ws/install/angle_interface/share/angle_interface/cmake/angle_interface__rosidl_typesupport_introspection_cExport.cmake
[2.124s] -- Installing: /home/dylan/ros_programs/ex2_ws/install/angle_interface/share/angle_interface/cmake/angle_interface__rosidl_typesupport_introspection_cExport-noconfig.cmake
[2.124s] -- Installing: /home/dylan/ros_programs/ex2_ws/install/angle_interface/share/angle_interface/cmake/angle_interface__rosidl_typesupport_cExport.cmake
[2.124s] -- Installing: /home/dylan/ros_programs/ex2_ws/install/angle_interface/share/angle_interface/cmake/angle_interface__rosidl_typesupport_cExport-noconfig.cmake
[2.124s] -- Installing: /home/dylan/ros_programs/ex2_ws/install/angle_interface/share/angle_interface/cmake/export_angle_interface__rosidl_generator_cppExport.cmake
[2.124s] -- Installing: /home/dylan/ros_programs/ex2_ws/install/angle_interface/share/angle_interface/cmake/export_angle_interface__rosidl_typesupport_fastrtps_cppExport.cmake
[2.124s] -- Installing: /home/dylan/ros_programs/ex2_ws/install/angle_interface/share/angle_interface/cmake/export_angle_interface__rosidl_typesupport_fastrtps_cppExport-noconfig.cmake
[2.124s] -- Installing: /home/dylan/ros_programs/ex2_ws/install/angle_interface/share/angle_interface/cmake/angle_interface__rosidl_typesupport_introspection_cppExport.cmake
[2.124s] -- Installing: /home/dylan/ros_programs/ex2_ws/install/angle_interface/share/angle_interface/cmake/angle_interface__rosidl_typesupport_introspection_cppExport-noconfig.cmake
[2.124s] -- Installing: /home/dylan/ros_programs/ex2_ws/install/angle_interface/share/angle_interface/cmake/angle_interface__rosidl_typesupport_cppExport.cmake
[2.125s] -- Installing: /home/dylan/ros_programs/ex2_ws/install/angle_interface/share/angle_interface/cmake/angle_interface__rosidl_typesupport_cppExport-noconfig.cmake
[2.125s] -- Installing: /home/dylan/ros_programs/ex2_ws/install/angle_interface/share/angle_interface/cmake/export_angle_interface__rosidl_generator_pyExport.cmake
[2.125s] -- Installing: /home/dylan/ros_programs/ex2_ws/install/angle_interface/share/angle_interface/cmake/export_angle_interface__rosidl_generator_pyExport-noconfig.cmake
[2.125s] -- Installing: /home/dylan/ros_programs/ex2_ws/install/angle_interface/share/angle_interface/cmake/rosidl_cmake-extras.cmake
[2.125s] -- Installing: /home/dylan/ros_programs/ex2_ws/install/angle_interface/share/angle_interface/cmake/ament_cmake_export_include_directories-extras.cmake
[2.125s] -- Installing: /home/dylan/ros_programs/ex2_ws/install/angle_interface/share/angle_interface/cmake/ament_cmake_export_libraries-extras.cmake
[2.125s] -- Installing: /home/dylan/ros_programs/ex2_ws/install/angle_interface/share/angle_interface/cmake/ament_cmake_export_targets-extras.cmake
[2.125s] -- Installing: /home/dylan/ros_programs/ex2_ws/install/angle_interface/share/angle_interface/cmake/rosidl_cmake_export_typesupport_targets-extras.cmake
[2.125s] -- Installing: /home/dylan/ros_programs/ex2_ws/install/angle_interface/share/angle_interface/cmake/ament_cmake_export_dependencies-extras.cmake
[2.125s] -- Installing: /home/dylan/ros_programs/ex2_ws/install/angle_interface/share/angle_interface/cmake/rosidl_cmake_export_typesupport_libraries-extras.cmake
[2.125s] -- Installing: /home/dylan/ros_programs/ex2_ws/install/angle_interface/share/angle_interface/cmake/angle_interfaceConfig.cmake
[2.125s] -- Installing: /home/dylan/ros_programs/ex2_ws/install/angle_interface/share/angle_interface/cmake/angle_interfaceConfig-version.cmake
[2.125s] -- Installing: /home/dylan/ros_programs/ex2_ws/install/angle_interface/share/angle_interface/package.xml
[2.127s] Invoked command in '/home/dylan/ros_programs/ex2_ws/build/angle_interface' returned '0': CMAKE_PREFIX_PATH=/opt/ros/humble /usr/bin/cmake --install /home/dylan/ros_programs/ex2_ws/build/angle_interface
