[0.757s] Invoking command in '/home/nath/ros2_ws/build/my_pub_pkg': PYTHONPATH=/home/nath/ros2_ws/build/my_pub_pkg/prefix_override:/usr/lib/python3/dist-packages/colcon_core/task/python/colcon_distutils_commands:/home/nath/ros2_ws/install/my_pub_pkg/lib/python3.10/site-packages:${PYTHONPATH} /usr/bin/python3 -W ignore:setup.py install is deprecated -W ignore:easy_install command is deprecated setup.py develop --editable --build-directory /home/nath/ros2_ws/build/my_pub_pkg/build --no-deps symlink_data
[1.043s] running develop
[1.236s] running egg_info
[1.236s] creating my_pub_pkg.egg-info
[1.236s] writing my_pub_pkg.egg-info/PKG-INFO
[1.237s] writing dependency_links to my_pub_pkg.egg-info/dependency_links.txt
[1.237s] writing entry points to my_pub_pkg.egg-info/entry_points.txt
[1.237s] writing requirements to my_pub_pkg.egg-info/requires.txt
[1.238s] writing top-level names to my_pub_pkg.egg-info/top_level.txt
[1.238s] writing manifest file 'my_pub_pkg.egg-info/SOURCES.txt'
[1.241s] reading manifest file 'my_pub_pkg.egg-info/SOURCES.txt'
[1.242s] writing manifest file 'my_pub_pkg.egg-info/SOURCES.txt'
[1.244s] running build_ext
[1.244s] Creating /home/nath/ros2_ws/install/my_pub_pkg/lib/python3.10/site-packages/my-pub-pkg.egg-link (link to .)
[1.246s] Installing publicador script to /home/nath/ros2_ws/install/my_pub_pkg/lib/my_pub_pkg
[1.246s] 
[1.246s] Installed /home/nath/ros2_ws/build/my_pub_pkg
[1.247s] running symlink_data
[1.247s] creating /home/nath/ros2_ws/install/my_pub_pkg/share/ament_index
[1.247s] creating /home/nath/ros2_ws/install/my_pub_pkg/share/ament_index/resource_index
[1.247s] creating /home/nath/ros2_ws/install/my_pub_pkg/share/ament_index/resource_index/packages
[1.248s] symbolically linking /home/nath/ros2_ws/build/my_pub_pkg/resource/my_pub_pkg -> /home/nath/ros2_ws/install/my_pub_pkg/share/ament_index/resource_index/packages
[1.248s] symbolically linking /home/nath/ros2_ws/build/my_pub_pkg/package.xml -> /home/nath/ros2_ws/install/my_pub_pkg/share/my_pub_pkg
[1.309s] Invoked command in '/home/nath/ros2_ws/build/my_pub_pkg' returned '0': PYTHONPATH=/home/nath/ros2_ws/build/my_pub_pkg/prefix_override:/usr/lib/python3/dist-packages/colcon_core/task/python/colcon_distutils_commands:/home/nath/ros2_ws/install/my_pub_pkg/lib/python3.10/site-packages:${PYTHONPATH} /usr/bin/python3 -W ignore:setup.py install is deprecated -W ignore:easy_install command is deprecated setup.py develop --editable --build-directory /home/nath/ros2_ws/build/my_pub_pkg/build --no-deps symlink_data
