[  9%] Built target angle_interface__rosidl_generator_c
[ 12%] Built target angle_interface__cpp
[ 12%] Built target ament_cmake_python_copy_angle_interface
[ 22%] Built target angle_interface__rosidl_typesupport_introspection_c
[ 32%] Built target angle_interface__rosidl_typesupport_cpp
[ 41%] Built target angle_interface__rosidl_typesupport_fastrtps_c
[ 51%] Built target angle_interface__rosidl_typesupport_c
[ 61%] Built target angle_interface__rosidl_typesupport_fastrtps_cpp
[ 70%] Built target angle_interface__rosidl_typesupport_introspection_cpp
[ 70%] Built target angle_interface
[ 74%] Built target angle_interface__py
[ 80%] Built target angle_interface__rosidl_generator_py
[100%] Built target angle_interface__rosidl_typesupport_introspection_c__pyext
[100%] Built target angle_interface__rosidl_typesupport_fastrtps_c__pyext
[100%] Built target angle_interface__rosidl_typesupport_c__pyext
running egg_info
writing angle_interface.egg-info/PKG-INFO
writing dependency_links to angle_interface.egg-info/dependency_links.txt
writing top-level names to angle_interface.egg-info/top_level.txt
reading manifest file 'angle_interface.egg-info/SOURCES.txt'
writing manifest file 'angle_interface.egg-info/SOURCES.txt'
[100%] Built target ament_cmake_python_build_angle_interface_egg
-- Install configuration: ""
-- Up-to-date: /home/dylan/ros_programs/ex2_ws/src/install/angle_interface/share/ament_index/resource_index/rosidl_interfaces/angle_interface
-- Up-to-date: /home/dylan/ros_programs/ex2_ws/src/install/angle_interface/include/angle_interface/angle_interface
-- Up-to-date: /home/dylan/ros_programs/ex2_ws/src/install/angle_interface/include/angle_interface/angle_interface/msg
-- Up-to-date: /home/dylan/ros_programs/ex2_ws/src/install/angle_interface/include/angle_interface/angle_interface/msg/rosidl_generator_c__visibility_control.h
-- Up-to-date: /home/dylan/ros_programs/ex2_ws/src/install/angle_interface/include/angle_interface/angle_interface/srv
-- Up-to-date: /home/dylan/ros_programs/ex2_ws/src/install/angle_interface/include/angle_interface/angle_interface/srv/detail
-- Up-to-date: /home/dylan/ros_programs/ex2_ws/src/install/angle_interface/include/angle_interface/angle_interface/srv/detail/data__type_support.h
-- Up-to-date: /home/dylan/ros_programs/ex2_ws/src/install/angle_interface/include/angle_interface/angle_interface/srv/detail/data__functions.h
-- Up-to-date: /home/dylan/ros_programs/ex2_ws/src/install/angle_interface/include/angle_interface/angle_interface/srv/detail/data__struct.h
-- Up-to-date: /home/dylan/ros_programs/ex2_ws/src/install/angle_interface/include/angle_interface/angle_interface/srv/detail/data__functions.c
-- Up-to-date: /home/dylan/ros_programs/ex2_ws/src/install/angle_interface/include/angle_interface/angle_interface/srv/data.h
-- Up-to-date: /home/dylan/ros_programs/ex2_ws/src/install/angle_interface/share/angle_interface/environment/library_path.sh
-- Up-to-date: /home/dylan/ros_programs/ex2_ws/src/install/angle_interface/share/angle_interface/environment/library_path.dsv
-- Up-to-date: /home/dylan/ros_programs/ex2_ws/src/install/angle_interface/lib/libangle_interface__rosidl_generator_c.so
-- Up-to-date: /home/dylan/ros_programs/ex2_ws/src/install/angle_interface/include/angle_interface/angle_interface
-- Up-to-date: /home/dylan/ros_programs/ex2_ws/src/install/angle_interface/include/angle_interface/angle_interface/msg
-- Up-to-date: /home/dylan/ros_programs/ex2_ws/src/install/angle_interface/include/angle_interface/angle_interface/msg/rosidl_typesupport_fastrtps_c__visibility_control.h
-- Up-to-date: /home/dylan/ros_programs/ex2_ws/src/install/angle_interface/include/angle_interface/angle_interface/srv
-- Up-to-date: /home/dylan/ros_programs/ex2_ws/src/install/angle_interface/include/angle_interface/angle_interface/srv/detail
-- Up-to-date: /home/dylan/ros_programs/ex2_ws/src/install/angle_interface/include/angle_interface/angle_interface/srv/detail/data__rosidl_typesupport_fastrtps_c.h
-- Up-to-date: /home/dylan/ros_programs/ex2_ws/src/install/angle_interface/lib/libangle_interface__rosidl_typesupport_fastrtps_c.so
-- Up-to-date: /home/dylan/ros_programs/ex2_ws/src/install/angle_interface/include/angle_interface/angle_interface
-- Up-to-date: /home/dylan/ros_programs/ex2_ws/src/install/angle_interface/include/angle_interface/angle_interface/msg
-- Up-to-date: /home/dylan/ros_programs/ex2_ws/src/install/angle_interface/include/angle_interface/angle_interface/msg/rosidl_typesupport_introspection_c__visibility_control.h
-- Up-to-date: /home/dylan/ros_programs/ex2_ws/src/install/angle_interface/include/angle_interface/angle_interface/srv
-- Up-to-date: /home/dylan/ros_programs/ex2_ws/src/install/angle_interface/include/angle_interface/angle_interface/srv/detail
-- Up-to-date: /home/dylan/ros_programs/ex2_ws/src/install/angle_interface/include/angle_interface/angle_interface/srv/detail/data__rosidl_typesupport_introspection_c.h
-- Up-to-date: /home/dylan/ros_programs/ex2_ws/src/install/angle_interface/include/angle_interface/angle_interface/srv/detail/data__type_support.c
-- Up-to-date: /home/dylan/ros_programs/ex2_ws/src/install/angle_interface/lib/libangle_interface__rosidl_typesupport_introspection_c.so
-- Up-to-date: /home/dylan/ros_programs/ex2_ws/src/install/angle_interface/lib/libangle_interface__rosidl_typesupport_c.so
-- Up-to-date: /home/dylan/ros_programs/ex2_ws/src/install/angle_interface/include/angle_interface/angle_interface
-- Up-to-date: /home/dylan/ros_programs/ex2_ws/src/install/angle_interface/include/angle_interface/angle_interface/msg
-- Up-to-date: /home/dylan/ros_programs/ex2_ws/src/install/angle_interface/include/angle_interface/angle_interface/msg/rosidl_generator_cpp__visibility_control.hpp
-- Up-to-date: /home/dylan/ros_programs/ex2_ws/src/install/angle_interface/include/angle_interface/angle_interface/srv
-- Up-to-date: /home/dylan/ros_programs/ex2_ws/src/install/angle_interface/include/angle_interface/angle_interface/srv/detail
-- Up-to-date: /home/dylan/ros_programs/ex2_ws/src/install/angle_interface/include/angle_interface/angle_interface/srv/detail/data__struct.hpp
-- Up-to-date: /home/dylan/ros_programs/ex2_ws/src/install/angle_interface/include/angle_interface/angle_interface/srv/detail/data__traits.hpp
-- Up-to-date: /home/dylan/ros_programs/ex2_ws/src/install/angle_interface/include/angle_interface/angle_interface/srv/detail/data__builder.hpp
-- Up-to-date: /home/dylan/ros_programs/ex2_ws/src/install/angle_interface/include/angle_interface/angle_interface/srv/detail/data__type_support.hpp
-- Up-to-date: /home/dylan/ros_programs/ex2_ws/src/install/angle_interface/include/angle_interface/angle_interface/srv/data.hpp
-- Up-to-date: /home/dylan/ros_programs/ex2_ws/src/install/angle_interface/include/angle_interface/angle_interface
-- Up-to-date: /home/dylan/ros_programs/ex2_ws/src/install/angle_interface/include/angle_interface/angle_interface/msg
-- Up-to-date: /home/dylan/ros_programs/ex2_ws/src/install/angle_interface/include/angle_interface/angle_interface/msg/rosidl_typesupport_fastrtps_cpp__visibility_control.h
-- Up-to-date: /home/dylan/ros_programs/ex2_ws/src/install/angle_interface/include/angle_interface/angle_interface/srv
-- Up-to-date: /home/dylan/ros_programs/ex2_ws/src/install/angle_interface/include/angle_interface/angle_interface/srv/detail
-- Up-to-date: /home/dylan/ros_programs/ex2_ws/src/install/angle_interface/include/angle_interface/angle_interface/srv/detail/dds_fastrtps
-- Up-to-date: /home/dylan/ros_programs/ex2_ws/src/install/angle_interface/include/angle_interface/angle_interface/srv/detail/data__rosidl_typesupport_fastrtps_cpp.hpp
-- Up-to-date: /home/dylan/ros_programs/ex2_ws/src/install/angle_interface/lib/libangle_interface__rosidl_typesupport_fastrtps_cpp.so
-- Up-to-date: /home/dylan/ros_programs/ex2_ws/src/install/angle_interface/include/angle_interface/angle_interface
-- Up-to-date: /home/dylan/ros_programs/ex2_ws/src/install/angle_interface/include/angle_interface/angle_interface/srv
-- Up-to-date: /home/dylan/ros_programs/ex2_ws/src/install/angle_interface/include/angle_interface/angle_interface/srv/detail
-- Up-to-date: /home/dylan/ros_programs/ex2_ws/src/install/angle_interface/include/angle_interface/angle_interface/srv/detail/data__rosidl_typesupport_introspection_cpp.hpp
-- Up-to-date: /home/dylan/ros_programs/ex2_ws/src/install/angle_interface/include/angle_interface/angle_interface/srv/detail/data__type_support.cpp
-- Up-to-date: /home/dylan/ros_programs/ex2_ws/src/install/angle_interface/lib/libangle_interface__rosidl_typesupport_introspection_cpp.so
-- Up-to-date: /home/dylan/ros_programs/ex2_ws/src/install/angle_interface/lib/libangle_interface__rosidl_typesupport_cpp.so
-- Up-to-date: /home/dylan/ros_programs/ex2_ws/src/install/angle_interface/share/angle_interface/environment/pythonpath.sh
-- Up-to-date: /home/dylan/ros_programs/ex2_ws/src/install/angle_interface/share/angle_interface/environment/pythonpath.dsv
-- Up-to-date: /home/dylan/ros_programs/ex2_ws/src/install/angle_interface/local/lib/python3.10/dist-packages/angle_interface-0.0.0-py3.10.egg-info
-- Installing: /home/dylan/ros_programs/ex2_ws/src/install/angle_interface/local/lib/python3.10/dist-packages/angle_interface-0.0.0-py3.10.egg-info/PKG-INFO
-- Installing: /home/dylan/ros_programs/ex2_ws/src/install/angle_interface/local/lib/python3.10/dist-packages/angle_interface-0.0.0-py3.10.egg-info/top_level.txt
-- Installing: /home/dylan/ros_programs/ex2_ws/src/install/angle_interface/local/lib/python3.10/dist-packages/angle_interface-0.0.0-py3.10.egg-info/dependency_links.txt
-- Installing: /home/dylan/ros_programs/ex2_ws/src/install/angle_interface/local/lib/python3.10/dist-packages/angle_interface-0.0.0-py3.10.egg-info/SOURCES.txt
-- Up-to-date: /home/dylan/ros_programs/ex2_ws/src/install/angle_interface/local/lib/python3.10/dist-packages/angle_interface
-- Up-to-date: /home/dylan/ros_programs/ex2_ws/src/install/angle_interface/local/lib/python3.10/dist-packages/angle_interface/__init__.py
-- Up-to-date: /home/dylan/ros_programs/ex2_ws/src/install/angle_interface/local/lib/python3.10/dist-packages/angle_interface/_angle_interface_s.ep.rosidl_typesupport_fastrtps_c.c
-- Up-to-date: /home/dylan/ros_programs/ex2_ws/src/install/angle_interface/local/lib/python3.10/dist-packages/angle_interface/angle_interface_s__rosidl_typesupport_fastrtps_c.cpython-310-x86_64-linux-gnu.so
-- Up-to-date: /home/dylan/ros_programs/ex2_ws/src/install/angle_interface/local/lib/python3.10/dist-packages/angle_interface/_angle_interface_s.ep.rosidl_typesupport_introspection_c.c
-- Up-to-date: /home/dylan/ros_programs/ex2_ws/src/install/angle_interface/local/lib/python3.10/dist-packages/angle_interface/angle_interface_s__rosidl_typesupport_c.cpython-310-x86_64-linux-gnu.so
-- Up-to-date: /home/dylan/ros_programs/ex2_ws/src/install/angle_interface/local/lib/python3.10/dist-packages/angle_interface/angle_interface_s__rosidl_typesupport_introspection_c.cpython-310-x86_64-linux-gnu.so
-- Up-to-date: /home/dylan/ros_programs/ex2_ws/src/install/angle_interface/local/lib/python3.10/dist-packages/angle_interface/libangle_interface__rosidl_generator_py.so
-- Up-to-date: /home/dylan/ros_programs/ex2_ws/src/install/angle_interface/local/lib/python3.10/dist-packages/angle_interface/srv
-- Up-to-date: /home/dylan/ros_programs/ex2_ws/src/install/angle_interface/local/lib/python3.10/dist-packages/angle_interface/srv/__init__.py
-- Up-to-date: /home/dylan/ros_programs/ex2_ws/src/install/angle_interface/local/lib/python3.10/dist-packages/angle_interface/srv/_data_s.c
-- Up-to-date: /home/dylan/ros_programs/ex2_ws/src/install/angle_interface/local/lib/python3.10/dist-packages/angle_interface/srv/_data.py
-- Up-to-date: /home/dylan/ros_programs/ex2_ws/src/install/angle_interface/local/lib/python3.10/dist-packages/angle_interface/_angle_interface_s.ep.rosidl_typesupport_c.c
Listing '/home/dylan/ros_programs/ex2_ws/src/install/angle_interface/local/lib/python3.10/dist-packages/angle_interface'...
Listing '/home/dylan/ros_programs/ex2_ws/src/install/angle_interface/local/lib/python3.10/dist-packages/angle_interface/srv'...
-- Up-to-date: /home/dylan/ros_programs/ex2_ws/src/install/angle_interface/local/lib/python3.10/dist-packages/angle_interface/angle_interface_s__rosidl_typesupport_fastrtps_c.cpython-310-x86_64-linux-gnu.so
-- Up-to-date: /home/dylan/ros_programs/ex2_ws/src/install/angle_interface/local/lib/python3.10/dist-packages/angle_interface/angle_interface_s__rosidl_typesupport_introspection_c.cpython-310-x86_64-linux-gnu.so
-- Up-to-date: /home/dylan/ros_programs/ex2_ws/src/install/angle_interface/local/lib/python3.10/dist-packages/angle_interface/angle_interface_s__rosidl_typesupport_c.cpython-310-x86_64-linux-gnu.so
-- Up-to-date: /home/dylan/ros_programs/ex2_ws/src/install/angle_interface/lib/libangle_interface__rosidl_generator_py.so
-- Up-to-date: /home/dylan/ros_programs/ex2_ws/src/install/angle_interface/share/angle_interface/srv/Data.idl
-- Up-to-date: /home/dylan/ros_programs/ex2_ws/src/install/angle_interface/share/angle_interface/srv/Data.srv
-- Up-to-date: /home/dylan/ros_programs/ex2_ws/src/install/angle_interface/share/angle_interface/srv/Data_Request.msg
-- Up-to-date: /home/dylan/ros_programs/ex2_ws/src/install/angle_interface/share/angle_interface/srv/Data_Response.msg
-- Up-to-date: /home/dylan/ros_programs/ex2_ws/src/install/angle_interface/share/ament_index/resource_index/package_run_dependencies/angle_interface
-- Up-to-date: /home/dylan/ros_programs/ex2_ws/src/install/angle_interface/share/ament_index/resource_index/parent_prefix_path/angle_interface
-- Up-to-date: /home/dylan/ros_programs/ex2_ws/src/install/angle_interface/share/angle_interface/environment/ament_prefix_path.sh
-- Up-to-date: /home/dylan/ros_programs/ex2_ws/src/install/angle_interface/share/angle_interface/environment/ament_prefix_path.dsv
-- Up-to-date: /home/dylan/ros_programs/ex2_ws/src/install/angle_interface/share/angle_interface/environment/path.sh
-- Up-to-date: /home/dylan/ros_programs/ex2_ws/src/install/angle_interface/share/angle_interface/environment/path.dsv
-- Up-to-date: /home/dylan/ros_programs/ex2_ws/src/install/angle_interface/share/angle_interface/local_setup.bash
-- Up-to-date: /home/dylan/ros_programs/ex2_ws/src/install/angle_interface/share/angle_interface/local_setup.sh
-- Up-to-date: /home/dylan/ros_programs/ex2_ws/src/install/angle_interface/share/angle_interface/local_setup.zsh
-- Up-to-date: /home/dylan/ros_programs/ex2_ws/src/install/angle_interface/share/angle_interface/local_setup.dsv
-- Installing: /home/dylan/ros_programs/ex2_ws/src/install/angle_interface/share/angle_interface/package.dsv
-- Up-to-date: /home/dylan/ros_programs/ex2_ws/src/install/angle_interface/share/ament_index/resource_index/packages/angle_interface
-- Up-to-date: /home/dylan/ros_programs/ex2_ws/src/install/angle_interface/share/angle_interface/cmake/export_angle_interface__rosidl_generator_cExport.cmake
-- Up-to-date: /home/dylan/ros_programs/ex2_ws/src/install/angle_interface/share/angle_interface/cmake/export_angle_interface__rosidl_generator_cExport-noconfig.cmake
-- Up-to-date: /home/dylan/ros_programs/ex2_ws/src/install/angle_interface/share/angle_interface/cmake/export_angle_interface__rosidl_typesupport_fastrtps_cExport.cmake
-- Up-to-date: /home/dylan/ros_programs/ex2_ws/src/install/angle_interface/share/angle_interface/cmake/export_angle_interface__rosidl_typesupport_fastrtps_cExport-noconfig.cmake
-- Up-to-date: /home/dylan/ros_programs/ex2_ws/src/install/angle_interface/share/angle_interface/cmake/angle_interface__rosidl_typesupport_introspection_cExport.cmake
-- Up-to-date: /home/dylan/ros_programs/ex2_ws/src/install/angle_interface/share/angle_interface/cmake/angle_interface__rosidl_typesupport_introspection_cExport-noconfig.cmake
-- Up-to-date: /home/dylan/ros_programs/ex2_ws/src/install/angle_interface/share/angle_interface/cmake/angle_interface__rosidl_typesupport_cExport.cmake
-- Up-to-date: /home/dylan/ros_programs/ex2_ws/src/install/angle_interface/share/angle_interface/cmake/angle_interface__rosidl_typesupport_cExport-noconfig.cmake
-- Up-to-date: /home/dylan/ros_programs/ex2_ws/src/install/angle_interface/share/angle_interface/cmake/export_angle_interface__rosidl_generator_cppExport.cmake
-- Up-to-date: /home/dylan/ros_programs/ex2_ws/src/install/angle_interface/share/angle_interface/cmake/export_angle_interface__rosidl_typesupport_fastrtps_cppExport.cmake
-- Up-to-date: /home/dylan/ros_programs/ex2_ws/src/install/angle_interface/share/angle_interface/cmake/export_angle_interface__rosidl_typesupport_fastrtps_cppExport-noconfig.cmake
-- Up-to-date: /home/dylan/ros_programs/ex2_ws/src/install/angle_interface/share/angle_interface/cmake/angle_interface__rosidl_typesupport_introspection_cppExport.cmake
-- Up-to-date: /home/dylan/ros_programs/ex2_ws/src/install/angle_interface/share/angle_interface/cmake/angle_interface__rosidl_typesupport_introspection_cppExport-noconfig.cmake
-- Up-to-date: /home/dylan/ros_programs/ex2_ws/src/install/angle_interface/share/angle_interface/cmake/angle_interface__rosidl_typesupport_cppExport.cmake
-- Up-to-date: /home/dylan/ros_programs/ex2_ws/src/install/angle_interface/share/angle_interface/cmake/angle_interface__rosidl_typesupport_cppExport-noconfig.cmake
-- Up-to-date: /home/dylan/ros_programs/ex2_ws/src/install/angle_interface/share/angle_interface/cmake/export_angle_interface__rosidl_generator_pyExport.cmake
-- Up-to-date: /home/dylan/ros_programs/ex2_ws/src/install/angle_interface/share/angle_interface/cmake/export_angle_interface__rosidl_generator_pyExport-noconfig.cmake
-- Up-to-date: /home/dylan/ros_programs/ex2_ws/src/install/angle_interface/share/angle_interface/cmake/rosidl_cmake-extras.cmake
-- Up-to-date: /home/dylan/ros_programs/ex2_ws/src/install/angle_interface/share/angle_interface/cmake/ament_cmake_export_include_directories-extras.cmake
-- Up-to-date: /home/dylan/ros_programs/ex2_ws/src/install/angle_interface/share/angle_interface/cmake/ament_cmake_export_libraries-extras.cmake
-- Up-to-date: /home/dylan/ros_programs/ex2_ws/src/install/angle_interface/share/angle_interface/cmake/ament_cmake_export_targets-extras.cmake
-- Up-to-date: /home/dylan/ros_programs/ex2_ws/src/install/angle_interface/share/angle_interface/cmake/rosidl_cmake_export_typesupport_targets-extras.cmake
-- Up-to-date: /home/dylan/ros_programs/ex2_ws/src/install/angle_interface/share/angle_interface/cmake/ament_cmake_export_dependencies-extras.cmake
-- Up-to-date: /home/dylan/ros_programs/ex2_ws/src/install/angle_interface/share/angle_interface/cmake/rosidl_cmake_export_typesupport_libraries-extras.cmake
-- Up-to-date: /home/dylan/ros_programs/ex2_ws/src/install/angle_interface/share/angle_interface/cmake/angle_interfaceConfig.cmake
-- Up-to-date: /home/dylan/ros_programs/ex2_ws/src/install/angle_interface/share/angle_interface/cmake/angle_interfaceConfig-version.cmake
-- Up-to-date: /home/dylan/ros_programs/ex2_ws/src/install/angle_interface/share/angle_interface/package.xml
