-- The C compiler identification is GNU 11.4.0
-- The CXX compiler identification is GNU 11.4.0
-- Detecting C compiler ABI info
-- Detecting C compiler ABI info - done
-- Check for working C compiler: /usr/bin/cc - skipped
-- Detecting C compile features
-- Detecting C compile features - done
-- Detecting CXX compiler ABI info
-- Detecting CXX compiler ABI info - done
-- Check for working CXX compiler: /usr/bin/c++ - skipped
-- Detecting CXX compile features
-- Detecting CXX compile features - done
-- Found ament_cmake: 1.3.12 (/opt/ros/humble/share/ament_cmake/cmake)
-- Found Python3: /usr/bin/python3 (found version "3.10.12") found components: Interpreter 
-- Found rosidl_default_generators: 1.2.0 (/opt/ros/humble/share/rosidl_default_generators/cmake)
-- Using all available rosidl_typesupport_c: rosidl_typesupport_fastrtps_c;rosidl_typesupport_introspection_c
-- Found rosidl_adapter: 3.1.7 (/opt/ros/humble/share/rosidl_adapter/cmake)
-- Using all available rosidl_typesupport_cpp: rosidl_typesupport_fastrtps_cpp;rosidl_typesupport_introspection_cpp
-- Found ament_cmake_ros: 0.10.0 (/opt/ros/humble/share/ament_cmake_ros/cmake)
-- Using all available rosidl_typesupport_c: rosidl_typesupport_fastrtps_c;rosidl_typesupport_introspection_c
-- Using all available rosidl_typesupport_cpp: rosidl_typesupport_fastrtps_cpp;rosidl_typesupport_introspection_cpp
-- Found PythonInterp: /usr/bin/python3 (found suitable version "3.10.12", minimum required is "3.6") 
-- Found python_cmake_module: 0.10.0 (/opt/ros/humble/share/python_cmake_module/cmake)
-- Found PythonLibs: /usr/lib/x86_64-linux-gnu/libpython3.10.so (found suitable version "3.10.12", minimum required is "3.5") 
-- Using PYTHON_EXECUTABLE: /usr/bin/python3
-- Using PYTHON_INCLUDE_DIRS: /usr/include/python3.10
-- Using PYTHON_LIBRARIES: /usr/lib/x86_64-linux-gnu/libpython3.10.so
-- Found PythonExtra: .so  
-- Found ament_lint_auto: 0.12.14 (/opt/ros/humble/share/ament_lint_auto/cmake)
-- Added test 'lint_cmake' to check CMake code style
-- Added test 'xmllint' to check XML markup files
-- Configuring done
-- Generating done
-- Build files have been written to: /home/dylan/ros_programs/ex2_ws/src/build/angle_interface
[  3%] [34m[1mGenerating C code for ROS interfaces[0m
[  6%] [34m[1mGenerating C++ code for ROS interfaces[0m
[  6%] Built target ament_cmake_python_copy_angle_interface
running egg_info
creating angle_interface.egg-info
writing angle_interface.egg-info/PKG-INFO
writing dependency_links to angle_interface.egg-info/dependency_links.txt
writing top-level names to angle_interface.egg-info/top_level.txt
writing manifest file 'angle_interface.egg-info/SOURCES.txt'
reading manifest file 'angle_interface.egg-info/SOURCES.txt'
writing manifest file 'angle_interface.egg-info/SOURCES.txt'
[  6%] Built target angle_interface__cpp
[  6%] Built target ament_cmake_python_build_angle_interface_egg
[  9%] [34m[1mGenerating C++ type support for eProsima Fast-RTPS[0m
[ 12%] [34m[1mGenerating C++ type support dispatch for ROS interfaces[0m
[ 16%] [32mBuilding C object CMakeFiles/angle_interface__rosidl_generator_c.dir/rosidl_generator_c/angle_interface/srv/detail/data__functions.c.o[0m
[ 19%] [34m[1mGenerating C++ introspection for ROS interfaces[0m
[ 22%] [32m[1mLinking C shared library libangle_interface__rosidl_generator_c.so[0m
[ 22%] Built target angle_interface__rosidl_generator_c
[ 32%] [34m[1mGenerating C type support for eProsima Fast-RTPS[0m
[ 32%] [34m[1mGenerating C introspection for ROS interfaces[0m
[ 32%] [34m[1mGenerating C type support dispatch for ROS interfaces[0m
[ 35%] [32mBuilding CXX object CMakeFiles/angle_interface__rosidl_typesupport_cpp.dir/rosidl_typesupport_cpp/angle_interface/srv/data__type_support.cpp.o[0m
[ 41%] [32mBuilding CXX object CMakeFiles/angle_interface__rosidl_typesupport_fastrtps_cpp.dir/rosidl_typesupport_fastrtps_cpp/angle_interface/srv/detail/dds_fastrtps/data__type_support.cpp.o[0m
[ 41%] [32mBuilding CXX object CMakeFiles/angle_interface__rosidl_typesupport_introspection_cpp.dir/rosidl_typesupport_introspection_cpp/angle_interface/srv/detail/data__type_support.cpp.o[0m
[ 45%] [32mBuilding CXX object CMakeFiles/angle_interface__rosidl_typesupport_c.dir/rosidl_typesupport_c/angle_interface/srv/data__type_support.cpp.o[0m
[ 48%] [32m[1mLinking CXX shared library libangle_interface__rosidl_typesupport_c.so[0m
[ 48%] Built target angle_interface__rosidl_typesupport_c
[ 51%] [32m[1mLinking CXX shared library libangle_interface__rosidl_typesupport_cpp.so[0m
[ 54%] [32mBuilding C object CMakeFiles/angle_interface__rosidl_typesupport_introspection_c.dir/rosidl_typesupport_introspection_c/angle_interface/srv/detail/data__type_support.c.o[0m
[ 54%] Built target angle_interface__rosidl_typesupport_cpp
[ 58%] [32m[1mLinking C shared library libangle_interface__rosidl_typesupport_introspection_c.so[0m
[ 61%] [32mBuilding CXX object CMakeFiles/angle_interface__rosidl_typesupport_fastrtps_c.dir/rosidl_typesupport_fastrtps_c/angle_interface/srv/detail/data__type_support_c.cpp.o[0m
[ 61%] Built target angle_interface__rosidl_typesupport_introspection_c
[ 64%] [32m[1mLinking CXX shared library libangle_interface__rosidl_typesupport_introspection_cpp.so[0m
[ 67%] [32m[1mLinking CXX shared library libangle_interface__rosidl_typesupport_fastrtps_cpp.so[0m
[ 67%] Built target angle_interface__rosidl_typesupport_introspection_cpp
[ 67%] Built target angle_interface__rosidl_typesupport_fastrtps_cpp
[ 70%] [32m[1mLinking CXX shared library libangle_interface__rosidl_typesupport_fastrtps_c.so[0m
[ 70%] Built target angle_interface__rosidl_typesupport_fastrtps_c
[ 70%] Built target angle_interface
[ 74%] [34m[1mGenerating Python code for ROS interfaces[0m
[ 74%] Built target angle_interface__py
[ 77%] [32mBuilding C object CMakeFiles/angle_interface__rosidl_generator_py.dir/rosidl_generator_py/angle_interface/srv/_data_s.c.o[0m
[ 80%] [32m[1mLinking C shared library rosidl_generator_py/angle_interface/libangle_interface__rosidl_generator_py.so[0m
[ 80%] Built target angle_interface__rosidl_generator_py
[ 83%] [32mBuilding C object CMakeFiles/angle_interface__rosidl_typesupport_fastrtps_c__pyext.dir/rosidl_generator_py/angle_interface/_angle_interface_s.ep.rosidl_typesupport_fastrtps_c.c.o[0m
[ 90%] [32mBuilding C object CMakeFiles/angle_interface__rosidl_typesupport_introspection_c__pyext.dir/rosidl_generator_py/angle_interface/_angle_interface_s.ep.rosidl_typesupport_introspection_c.c.o[0m
[ 90%] [32mBuilding C object CMakeFiles/angle_interface__rosidl_typesupport_c__pyext.dir/rosidl_generator_py/angle_interface/_angle_interface_s.ep.rosidl_typesupport_c.c.o[0m
[ 93%] [32m[1mLinking C shared library rosidl_generator_py/angle_interface/angle_interface_s__rosidl_typesupport_introspection_c.cpython-310-x86_64-linux-gnu.so[0m
[ 96%] [32m[1mLinking C shared library rosidl_generator_py/angle_interface/angle_interface_s__rosidl_typesupport_fastrtps_c.cpython-310-x86_64-linux-gnu.so[0m
[100%] [32m[1mLinking C shared library rosidl_generator_py/angle_interface/angle_interface_s__rosidl_typesupport_c.cpython-310-x86_64-linux-gnu.so[0m
[100%] Built target angle_interface__rosidl_typesupport_introspection_c__pyext
[100%] Built target angle_interface__rosidl_typesupport_c__pyext
[100%] Built target angle_interface__rosidl_typesupport_fastrtps_c__pyext
-- Install configuration: ""
-- Installing: /home/dylan/ros_programs/ex2_ws/src/install/angle_interface/share/ament_index/resource_index/rosidl_interfaces/angle_interface
-- Installing: /home/dylan/ros_programs/ex2_ws/src/install/angle_interface/include/angle_interface/angle_interface
-- Installing: /home/dylan/ros_programs/ex2_ws/src/install/angle_interface/include/angle_interface/angle_interface/msg
-- Installing: /home/dylan/ros_programs/ex2_ws/src/install/angle_interface/include/angle_interface/angle_interface/msg/rosidl_generator_c__visibility_control.h
-- Installing: /home/dylan/ros_programs/ex2_ws/src/install/angle_interface/include/angle_interface/angle_interface/srv
-- Installing: /home/dylan/ros_programs/ex2_ws/src/install/angle_interface/include/angle_interface/angle_interface/srv/detail
-- Installing: /home/dylan/ros_programs/ex2_ws/src/install/angle_interface/include/angle_interface/angle_interface/srv/detail/data__type_support.h
-- Installing: /home/dylan/ros_programs/ex2_ws/src/install/angle_interface/include/angle_interface/angle_interface/srv/detail/data__functions.h
-- Installing: /home/dylan/ros_programs/ex2_ws/src/install/angle_interface/include/angle_interface/angle_interface/srv/detail/data__struct.h
-- Installing: /home/dylan/ros_programs/ex2_ws/src/install/angle_interface/include/angle_interface/angle_interface/srv/detail/data__functions.c
-- Installing: /home/dylan/ros_programs/ex2_ws/src/install/angle_interface/include/angle_interface/angle_interface/srv/data.h
-- Installing: /home/dylan/ros_programs/ex2_ws/src/install/angle_interface/share/angle_interface/environment/library_path.sh
-- Installing: /home/dylan/ros_programs/ex2_ws/src/install/angle_interface/share/angle_interface/environment/library_path.dsv
-- Installing: /home/dylan/ros_programs/ex2_ws/src/install/angle_interface/lib/libangle_interface__rosidl_generator_c.so
-- Set runtime path of "/home/dylan/ros_programs/ex2_ws/src/install/angle_interface/lib/libangle_interface__rosidl_generator_c.so" to ""
-- Up-to-date: /home/dylan/ros_programs/ex2_ws/src/install/angle_interface/include/angle_interface/angle_interface
-- Up-to-date: /home/dylan/ros_programs/ex2_ws/src/install/angle_interface/include/angle_interface/angle_interface/msg
-- Installing: /home/dylan/ros_programs/ex2_ws/src/install/angle_interface/include/angle_interface/angle_interface/msg/rosidl_typesupport_fastrtps_c__visibility_control.h
-- Up-to-date: /home/dylan/ros_programs/ex2_ws/src/install/angle_interface/include/angle_interface/angle_interface/srv
-- Up-to-date: /home/dylan/ros_programs/ex2_ws/src/install/angle_interface/include/angle_interface/angle_interface/srv/detail
-- Installing: /home/dylan/ros_programs/ex2_ws/src/install/angle_interface/include/angle_interface/angle_interface/srv/detail/data__rosidl_typesupport_fastrtps_c.h
-- Installing: /home/dylan/ros_programs/ex2_ws/src/install/angle_interface/lib/libangle_interface__rosidl_typesupport_fastrtps_c.so
-- Set runtime path of "/home/dylan/ros_programs/ex2_ws/src/install/angle_interface/lib/libangle_interface__rosidl_typesupport_fastrtps_c.so" to ""
-- Up-to-date: /home/dylan/ros_programs/ex2_ws/src/install/angle_interface/include/angle_interface/angle_interface
-- Up-to-date: /home/dylan/ros_programs/ex2_ws/src/install/angle_interface/include/angle_interface/angle_interface/msg
-- Installing: /home/dylan/ros_programs/ex2_ws/src/install/angle_interface/include/angle_interface/angle_interface/msg/rosidl_typesupport_introspection_c__visibility_control.h
-- Up-to-date: /home/dylan/ros_programs/ex2_ws/src/install/angle_interface/include/angle_interface/angle_interface/srv
-- Up-to-date: /home/dylan/ros_programs/ex2_ws/src/install/angle_interface/include/angle_interface/angle_interface/srv/detail
-- Installing: /home/dylan/ros_programs/ex2_ws/src/install/angle_interface/include/angle_interface/angle_interface/srv/detail/data__rosidl_typesupport_introspection_c.h
-- Installing: /home/dylan/ros_programs/ex2_ws/src/install/angle_interface/include/angle_interface/angle_interface/srv/detail/data__type_support.c
-- Installing: /home/dylan/ros_programs/ex2_ws/src/install/angle_interface/lib/libangle_interface__rosidl_typesupport_introspection_c.so
-- Set runtime path of "/home/dylan/ros_programs/ex2_ws/src/install/angle_interface/lib/libangle_interface__rosidl_typesupport_introspection_c.so" to ""
-- Installing: /home/dylan/ros_programs/ex2_ws/src/install/angle_interface/lib/libangle_interface__rosidl_typesupport_c.so
-- Set runtime path of "/home/dylan/ros_programs/ex2_ws/src/install/angle_interface/lib/libangle_interface__rosidl_typesupport_c.so" to ""
-- Up-to-date: /home/dylan/ros_programs/ex2_ws/src/install/angle_interface/include/angle_interface/angle_interface
-- Up-to-date: /home/dylan/ros_programs/ex2_ws/src/install/angle_interface/include/angle_interface/angle_interface/msg
-- Installing: /home/dylan/ros_programs/ex2_ws/src/install/angle_interface/include/angle_interface/angle_interface/msg/rosidl_generator_cpp__visibility_control.hpp
-- Up-to-date: /home/dylan/ros_programs/ex2_ws/src/install/angle_interface/include/angle_interface/angle_interface/srv
-- Up-to-date: /home/dylan/ros_programs/ex2_ws/src/install/angle_interface/include/angle_interface/angle_interface/srv/detail
-- Installing: /home/dylan/ros_programs/ex2_ws/src/install/angle_interface/include/angle_interface/angle_interface/srv/detail/data__struct.hpp
-- Installing: /home/dylan/ros_programs/ex2_ws/src/install/angle_interface/include/angle_interface/angle_interface/srv/detail/data__traits.hpp
-- Installing: /home/dylan/ros_programs/ex2_ws/src/install/angle_interface/include/angle_interface/angle_interface/srv/detail/data__builder.hpp
-- Installing: /home/dylan/ros_programs/ex2_ws/src/install/angle_interface/include/angle_interface/angle_interface/srv/detail/data__type_support.hpp
-- Installing: /home/dylan/ros_programs/ex2_ws/src/install/angle_interface/include/angle_interface/angle_interface/srv/data.hpp
-- Up-to-date: /home/dylan/ros_programs/ex2_ws/src/install/angle_interface/include/angle_interface/angle_interface
-- Up-to-date: /home/dylan/ros_programs/ex2_ws/src/install/angle_interface/include/angle_interface/angle_interface/msg
-- Installing: /home/dylan/ros_programs/ex2_ws/src/install/angle_interface/include/angle_interface/angle_interface/msg/rosidl_typesupport_fastrtps_cpp__visibility_control.h
-- Up-to-date: /home/dylan/ros_programs/ex2_ws/src/install/angle_interface/include/angle_interface/angle_interface/srv
-- Up-to-date: /home/dylan/ros_programs/ex2_ws/src/install/angle_interface/include/angle_interface/angle_interface/srv/detail
-- Installing: /home/dylan/ros_programs/ex2_ws/src/install/angle_interface/include/angle_interface/angle_interface/srv/detail/dds_fastrtps
-- Installing: /home/dylan/ros_programs/ex2_ws/src/install/angle_interface/include/angle_interface/angle_interface/srv/detail/data__rosidl_typesupport_fastrtps_cpp.hpp
-- Installing: /home/dylan/ros_programs/ex2_ws/src/install/angle_interface/lib/libangle_interface__rosidl_typesupport_fastrtps_cpp.so
-- Set runtime path of "/home/dylan/ros_programs/ex2_ws/src/install/angle_interface/lib/libangle_interface__rosidl_typesupport_fastrtps_cpp.so" to ""
-- Up-to-date: /home/dylan/ros_programs/ex2_ws/src/install/angle_interface/include/angle_interface/angle_interface
-- Up-to-date: /home/dylan/ros_programs/ex2_ws/src/install/angle_interface/include/angle_interface/angle_interface/srv
-- Up-to-date: /home/dylan/ros_programs/ex2_ws/src/install/angle_interface/include/angle_interface/angle_interface/srv/detail
-- Installing: /home/dylan/ros_programs/ex2_ws/src/install/angle_interface/include/angle_interface/angle_interface/srv/detail/data__rosidl_typesupport_introspection_cpp.hpp
-- Installing: /home/dylan/ros_programs/ex2_ws/src/install/angle_interface/include/angle_interface/angle_interface/srv/detail/data__type_support.cpp
-- Installing: /home/dylan/ros_programs/ex2_ws/src/install/angle_interface/lib/libangle_interface__rosidl_typesupport_introspection_cpp.so
-- Set runtime path of "/home/dylan/ros_programs/ex2_ws/src/install/angle_interface/lib/libangle_interface__rosidl_typesupport_introspection_cpp.so" to ""
-- Installing: /home/dylan/ros_programs/ex2_ws/src/install/angle_interface/lib/libangle_interface__rosidl_typesupport_cpp.so
-- Set runtime path of "/home/dylan/ros_programs/ex2_ws/src/install/angle_interface/lib/libangle_interface__rosidl_typesupport_cpp.so" to ""
-- Installing: /home/dylan/ros_programs/ex2_ws/src/install/angle_interface/share/angle_interface/environment/pythonpath.sh
-- Installing: /home/dylan/ros_programs/ex2_ws/src/install/angle_interface/share/angle_interface/environment/pythonpath.dsv
-- Installing: /home/dylan/ros_programs/ex2_ws/src/install/angle_interface/local/lib/python3.10/dist-packages/angle_interface-0.0.0-py3.10.egg-info
-- Installing: /home/dylan/ros_programs/ex2_ws/src/install/angle_interface/local/lib/python3.10/dist-packages/angle_interface-0.0.0-py3.10.egg-info/PKG-INFO
-- Installing: /home/dylan/ros_programs/ex2_ws/src/install/angle_interface/local/lib/python3.10/dist-packages/angle_interface-0.0.0-py3.10.egg-info/top_level.txt
-- Installing: /home/dylan/ros_programs/ex2_ws/src/install/angle_interface/local/lib/python3.10/dist-packages/angle_interface-0.0.0-py3.10.egg-info/dependency_links.txt
-- Installing: /home/dylan/ros_programs/ex2_ws/src/install/angle_interface/local/lib/python3.10/dist-packages/angle_interface-0.0.0-py3.10.egg-info/SOURCES.txt
-- Installing: /home/dylan/ros_programs/ex2_ws/src/install/angle_interface/local/lib/python3.10/dist-packages/angle_interface
-- Installing: /home/dylan/ros_programs/ex2_ws/src/install/angle_interface/local/lib/python3.10/dist-packages/angle_interface/__init__.py
-- Installing: /home/dylan/ros_programs/ex2_ws/src/install/angle_interface/local/lib/python3.10/dist-packages/angle_interface/_angle_interface_s.ep.rosidl_typesupport_fastrtps_c.c
-- Installing: /home/dylan/ros_programs/ex2_ws/src/install/angle_interface/local/lib/python3.10/dist-packages/angle_interface/angle_interface_s__rosidl_typesupport_fastrtps_c.cpython-310-x86_64-linux-gnu.so
-- Installing: /home/dylan/ros_programs/ex2_ws/src/install/angle_interface/local/lib/python3.10/dist-packages/angle_interface/_angle_interface_s.ep.rosidl_typesupport_introspection_c.c
-- Installing: /home/dylan/ros_programs/ex2_ws/src/install/angle_interface/local/lib/python3.10/dist-packages/angle_interface/angle_interface_s__rosidl_typesupport_c.cpython-310-x86_64-linux-gnu.so
-- Installing: /home/dylan/ros_programs/ex2_ws/src/install/angle_interface/local/lib/python3.10/dist-packages/angle_interface/angle_interface_s__rosidl_typesupport_introspection_c.cpython-310-x86_64-linux-gnu.so
-- Installing: /home/dylan/ros_programs/ex2_ws/src/install/angle_interface/local/lib/python3.10/dist-packages/angle_interface/libangle_interface__rosidl_generator_py.so
-- Installing: /home/dylan/ros_programs/ex2_ws/src/install/angle_interface/local/lib/python3.10/dist-packages/angle_interface/srv
-- Installing: /home/dylan/ros_programs/ex2_ws/src/install/angle_interface/local/lib/python3.10/dist-packages/angle_interface/srv/__init__.py
-- Installing: /home/dylan/ros_programs/ex2_ws/src/install/angle_interface/local/lib/python3.10/dist-packages/angle_interface/srv/_data_s.c
-- Installing: /home/dylan/ros_programs/ex2_ws/src/install/angle_interface/local/lib/python3.10/dist-packages/angle_interface/srv/_data.py
-- Installing: /home/dylan/ros_programs/ex2_ws/src/install/angle_interface/local/lib/python3.10/dist-packages/angle_interface/_angle_interface_s.ep.rosidl_typesupport_c.c
Listing '/home/dylan/ros_programs/ex2_ws/src/install/angle_interface/local/lib/python3.10/dist-packages/angle_interface'...
Compiling '/home/dylan/ros_programs/ex2_ws/src/install/angle_interface/local/lib/python3.10/dist-packages/angle_interface/__init__.py'...
Listing '/home/dylan/ros_programs/ex2_ws/src/install/angle_interface/local/lib/python3.10/dist-packages/angle_interface/srv'...
Compiling '/home/dylan/ros_programs/ex2_ws/src/install/angle_interface/local/lib/python3.10/dist-packages/angle_interface/srv/__init__.py'...
Compiling '/home/dylan/ros_programs/ex2_ws/src/install/angle_interface/local/lib/python3.10/dist-packages/angle_interface/srv/_data.py'...
-- Installing: /home/dylan/ros_programs/ex2_ws/src/install/angle_interface/local/lib/python3.10/dist-packages/angle_interface/angle_interface_s__rosidl_typesupport_fastrtps_c.cpython-310-x86_64-linux-gnu.so
-- Set runtime path of "/home/dylan/ros_programs/ex2_ws/src/install/angle_interface/local/lib/python3.10/dist-packages/angle_interface/angle_interface_s__rosidl_typesupport_fastrtps_c.cpython-310-x86_64-linux-gnu.so" to ""
-- Installing: /home/dylan/ros_programs/ex2_ws/src/install/angle_interface/local/lib/python3.10/dist-packages/angle_interface/angle_interface_s__rosidl_typesupport_introspection_c.cpython-310-x86_64-linux-gnu.so
-- Set runtime path of "/home/dylan/ros_programs/ex2_ws/src/install/angle_interface/local/lib/python3.10/dist-packages/angle_interface/angle_interface_s__rosidl_typesupport_introspection_c.cpython-310-x86_64-linux-gnu.so" to ""
-- Installing: /home/dylan/ros_programs/ex2_ws/src/install/angle_interface/local/lib/python3.10/dist-packages/angle_interface/angle_interface_s__rosidl_typesupport_c.cpython-310-x86_64-linux-gnu.so
-- Set runtime path of "/home/dylan/ros_programs/ex2_ws/src/install/angle_interface/local/lib/python3.10/dist-packages/angle_interface/angle_interface_s__rosidl_typesupport_c.cpython-310-x86_64-linux-gnu.so" to ""
-- Installing: /home/dylan/ros_programs/ex2_ws/src/install/angle_interface/lib/libangle_interface__rosidl_generator_py.so
-- Set runtime path of "/home/dylan/ros_programs/ex2_ws/src/install/angle_interface/lib/libangle_interface__rosidl_generator_py.so" to ""
-- Installing: /home/dylan/ros_programs/ex2_ws/src/install/angle_interface/share/angle_interface/srv/Data.idl
-- Installing: /home/dylan/ros_programs/ex2_ws/src/install/angle_interface/share/angle_interface/srv/Data.srv
-- Installing: /home/dylan/ros_programs/ex2_ws/src/install/angle_interface/share/angle_interface/srv/Data_Request.msg
-- Installing: /home/dylan/ros_programs/ex2_ws/src/install/angle_interface/share/angle_interface/srv/Data_Response.msg
-- Installing: /home/dylan/ros_programs/ex2_ws/src/install/angle_interface/share/ament_index/resource_index/package_run_dependencies/angle_interface
-- Installing: /home/dylan/ros_programs/ex2_ws/src/install/angle_interface/share/ament_index/resource_index/parent_prefix_path/angle_interface
-- Installing: /home/dylan/ros_programs/ex2_ws/src/install/angle_interface/share/angle_interface/environment/ament_prefix_path.sh
-- Installing: /home/dylan/ros_programs/ex2_ws/src/install/angle_interface/share/angle_interface/environment/ament_prefix_path.dsv
-- Installing: /home/dylan/ros_programs/ex2_ws/src/install/angle_interface/share/angle_interface/environment/path.sh
-- Installing: /home/dylan/ros_programs/ex2_ws/src/install/angle_interface/share/angle_interface/environment/path.dsv
-- Installing: /home/dylan/ros_programs/ex2_ws/src/install/angle_interface/share/angle_interface/local_setup.bash
-- Installing: /home/dylan/ros_programs/ex2_ws/src/install/angle_interface/share/angle_interface/local_setup.sh
-- Installing: /home/dylan/ros_programs/ex2_ws/src/install/angle_interface/share/angle_interface/local_setup.zsh
-- Installing: /home/dylan/ros_programs/ex2_ws/src/install/angle_interface/share/angle_interface/local_setup.dsv
-- Installing: /home/dylan/ros_programs/ex2_ws/src/install/angle_interface/share/angle_interface/package.dsv
-- Installing: /home/dylan/ros_programs/ex2_ws/src/install/angle_interface/share/ament_index/resource_index/packages/angle_interface
-- Installing: /home/dylan/ros_programs/ex2_ws/src/install/angle_interface/share/angle_interface/cmake/export_angle_interface__rosidl_generator_cExport.cmake
-- Installing: /home/dylan/ros_programs/ex2_ws/src/install/angle_interface/share/angle_interface/cmake/export_angle_interface__rosidl_generator_cExport-noconfig.cmake
-- Installing: /home/dylan/ros_programs/ex2_ws/src/install/angle_interface/share/angle_interface/cmake/export_angle_interface__rosidl_typesupport_fastrtps_cExport.cmake
-- Installing: /home/dylan/ros_programs/ex2_ws/src/install/angle_interface/share/angle_interface/cmake/export_angle_interface__rosidl_typesupport_fastrtps_cExport-noconfig.cmake
-- Installing: /home/dylan/ros_programs/ex2_ws/src/install/angle_interface/share/angle_interface/cmake/angle_interface__rosidl_typesupport_introspection_cExport.cmake
-- Installing: /home/dylan/ros_programs/ex2_ws/src/install/angle_interface/share/angle_interface/cmake/angle_interface__rosidl_typesupport_introspection_cExport-noconfig.cmake
-- Installing: /home/dylan/ros_programs/ex2_ws/src/install/angle_interface/share/angle_interface/cmake/angle_interface__rosidl_typesupport_cExport.cmake
-- Installing: /home/dylan/ros_programs/ex2_ws/src/install/angle_interface/share/angle_interface/cmake/angle_interface__rosidl_typesupport_cExport-noconfig.cmake
-- Installing: /home/dylan/ros_programs/ex2_ws/src/install/angle_interface/share/angle_interface/cmake/export_angle_interface__rosidl_generator_cppExport.cmake
-- Installing: /home/dylan/ros_programs/ex2_ws/src/install/angle_interface/share/angle_interface/cmake/export_angle_interface__rosidl_typesupport_fastrtps_cppExport.cmake
-- Installing: /home/dylan/ros_programs/ex2_ws/src/install/angle_interface/share/angle_interface/cmake/export_angle_interface__rosidl_typesupport_fastrtps_cppExport-noconfig.cmake
-- Installing: /home/dylan/ros_programs/ex2_ws/src/install/angle_interface/share/angle_interface/cmake/angle_interface__rosidl_typesupport_introspection_cppExport.cmake
-- Installing: /home/dylan/ros_programs/ex2_ws/src/install/angle_interface/share/angle_interface/cmake/angle_interface__rosidl_typesupport_introspection_cppExport-noconfig.cmake
-- Installing: /home/dylan/ros_programs/ex2_ws/src/install/angle_interface/share/angle_interface/cmake/angle_interface__rosidl_typesupport_cppExport.cmake
-- Installing: /home/dylan/ros_programs/ex2_ws/src/install/angle_interface/share/angle_interface/cmake/angle_interface__rosidl_typesupport_cppExport-noconfig.cmake
-- Installing: /home/dylan/ros_programs/ex2_ws/src/install/angle_interface/share/angle_interface/cmake/export_angle_interface__rosidl_generator_pyExport.cmake
-- Installing: /home/dylan/ros_programs/ex2_ws/src/install/angle_interface/share/angle_interface/cmake/export_angle_interface__rosidl_generator_pyExport-noconfig.cmake
-- Installing: /home/dylan/ros_programs/ex2_ws/src/install/angle_interface/share/angle_interface/cmake/rosidl_cmake-extras.cmake
-- Installing: /home/dylan/ros_programs/ex2_ws/src/install/angle_interface/share/angle_interface/cmake/ament_cmake_export_include_directories-extras.cmake
-- Installing: /home/dylan/ros_programs/ex2_ws/src/install/angle_interface/share/angle_interface/cmake/ament_cmake_export_libraries-extras.cmake
-- Installing: /home/dylan/ros_programs/ex2_ws/src/install/angle_interface/share/angle_interface/cmake/ament_cmake_export_targets-extras.cmake
-- Installing: /home/dylan/ros_programs/ex2_ws/src/install/angle_interface/share/angle_interface/cmake/rosidl_cmake_export_typesupport_targets-extras.cmake
-- Installing: /home/dylan/ros_programs/ex2_ws/src/install/angle_interface/share/angle_interface/cmake/ament_cmake_export_dependencies-extras.cmake
-- Installing: /home/dylan/ros_programs/ex2_ws/src/install/angle_interface/share/angle_interface/cmake/rosidl_cmake_export_typesupport_libraries-extras.cmake
-- Installing: /home/dylan/ros_programs/ex2_ws/src/install/angle_interface/share/angle_interface/cmake/angle_interfaceConfig.cmake
-- Installing: /home/dylan/ros_programs/ex2_ws/src/install/angle_interface/share/angle_interface/cmake/angle_interfaceConfig-version.cmake
-- Installing: /home/dylan/ros_programs/ex2_ws/src/install/angle_interface/share/angle_interface/package.xml
