[0.005s] Invoking command in '/home/dylan/ros_programs/ex2_ws/src/build/angle_interface': CMAKE_PREFIX_PATH=/opt/ros/humble /usr/bin/cmake /home/dylan/ros_programs/ex2_ws/src/angle_interface -DCMAKE_INSTALL_PREFIX=/home/dylan/ros_programs/ex2_ws/src/install/angle_interface
[0.054s] -- The C compiler identification is GNU 11.4.0
[0.092s] -- The CXX compiler identification is GNU 11.4.0
[0.097s] -- Detecting C compiler ABI info
[0.157s] -- Detecting C compiler ABI info - done
[0.161s] -- Check for working C compiler: /usr/bin/cc - skipped
[0.161s] -- Detecting C compile features
[0.161s] -- Detecting C compile features - done
[0.163s] -- Detecting CXX compiler ABI info
[0.220s] -- Detecting CXX compiler ABI info - done
[0.224s] -- Check for working CXX compiler: /usr/bin/c++ - skipped
[0.224s] -- Detecting CXX compile features
[0.224s] -- Detecting CXX compile features - done
[0.226s] -- Found ament_cmake: 1.3.12 (/opt/ros/humble/share/ament_cmake/cmake)
[0.322s] -- Found Python3: /usr/bin/python3 (found version "3.10.12") found components: Interpreter 
[0.369s] -- Found rosidl_default_generators: 1.2.0 (/opt/ros/humble/share/rosidl_default_generators/cmake)
[0.371s] -- Using all available rosidl_typesupport_c: rosidl_typesupport_fastrtps_c;rosidl_typesupport_introspection_c
[0.373s] -- Found rosidl_adapter: 3.1.7 (/opt/ros/humble/share/rosidl_adapter/cmake)
[0.392s] -- Using all available rosidl_typesupport_cpp: rosidl_typesupport_fastrtps_cpp;rosidl_typesupport_introspection_cpp
[0.558s] -- Found ament_cmake_ros: 0.10.0 (/opt/ros/humble/share/ament_cmake_ros/cmake)
[0.680s] -- Using all available rosidl_typesupport_c: rosidl_typesupport_fastrtps_c;rosidl_typesupport_introspection_c
[0.839s] -- Using all available rosidl_typesupport_cpp: rosidl_typesupport_fastrtps_cpp;rosidl_typesupport_introspection_cpp
[0.854s] -- Found PythonInterp: /usr/bin/python3 (found suitable version "3.10.12", minimum required is "3.6") 
[0.854s] -- Found python_cmake_module: 0.10.0 (/opt/ros/humble/share/python_cmake_module/cmake)
[0.871s] -- Found PythonLibs: /usr/lib/x86_64-linux-gnu/libpython3.10.so (found suitable version "3.10.12", minimum required is "3.5") 
[0.871s] -- Using PYTHON_EXECUTABLE: /usr/bin/python3
[0.871s] -- Using PYTHON_INCLUDE_DIRS: /usr/include/python3.10
[0.871s] -- Using PYTHON_LIBRARIES: /usr/lib/x86_64-linux-gnu/libpython3.10.so
[0.884s] -- Found PythonExtra: .so  
[0.902s] -- Found ament_lint_auto: 0.12.14 (/opt/ros/humble/share/ament_lint_auto/cmake)
[0.910s] -- Added test 'lint_cmake' to check CMake code style
[0.910s] -- Added test 'xmllint' to check XML markup files
[0.911s] -- Configuring done
[0.924s] -- Generating done
[0.930s] -- Build files have been written to: /home/dylan/ros_programs/ex2_ws/src/build/angle_interface
[0.935s] Invoked command in '/home/dylan/ros_programs/ex2_ws/src/build/angle_interface' returned '0': CMAKE_PREFIX_PATH=/opt/ros/humble /usr/bin/cmake /home/dylan/ros_programs/ex2_ws/src/angle_interface -DCMAKE_INSTALL_PREFIX=/home/dylan/ros_programs/ex2_ws/src/install/angle_interface
[0.937s] Invoking command in '/home/dylan/ros_programs/ex2_ws/src/build/angle_interface': CMAKE_PREFIX_PATH=/opt/ros/humble /usr/bin/cmake --build /home/dylan/ros_programs/ex2_ws/src/build/angle_interface -- -j16 -l16
[0.967s] [  3%] [34m[1mGenerating C code for ROS interfaces[0m
[0.975s] [  6%] [34m[1mGenerating C++ code for ROS interfaces[0m
[0.983s] [  6%] Built target ament_cmake_python_copy_angle_interface
[1.123s] running egg_info
[1.124s] creating angle_interface.egg-info
[1.124s] writing angle_interface.egg-info/PKG-INFO
[1.124s] writing dependency_links to angle_interface.egg-info/dependency_links.txt
[1.124s] writing top-level names to angle_interface.egg-info/top_level.txt
[1.124s] writing manifest file 'angle_interface.egg-info/SOURCES.txt'
[1.125s] reading manifest file 'angle_interface.egg-info/SOURCES.txt'
[1.125s] writing manifest file 'angle_interface.egg-info/SOURCES.txt'
[1.141s] [  6%] Built target angle_interface__cpp
[1.147s] [  6%] Built target ament_cmake_python_build_angle_interface_egg
[1.150s] [  9%] [34m[1mGenerating C++ type support for eProsima Fast-RTPS[0m
[1.150s] [ 12%] [34m[1mGenerating C++ type support dispatch for ROS interfaces[0m
[1.150s] [ 16%] [32mBuilding C object CMakeFiles/angle_interface__rosidl_generator_c.dir/rosidl_generator_c/angle_interface/srv/detail/data__functions.c.o[0m
[1.151s] [ 19%] [34m[1mGenerating C++ introspection for ROS interfaces[0m
[1.191s] [ 22%] [32m[1mLinking C shared library libangle_interface__rosidl_generator_c.so[0m
[1.221s] [ 22%] Built target angle_interface__rosidl_generator_c
[1.232s] [ 32%] [34m[1mGenerating C type support for eProsima Fast-RTPS[0m
[1.232s] [ 32%] [34m[1mGenerating C introspection for ROS interfaces[0m
[1.232s] [ 32%] [34m[1mGenerating C type support dispatch for ROS interfaces[0m
[1.307s] [ 35%] [32mBuilding CXX object CMakeFiles/angle_interface__rosidl_typesupport_cpp.dir/rosidl_typesupport_cpp/angle_interface/srv/data__type_support.cpp.o[0m
[1.323s] [ 41%] [32mBuilding CXX object CMakeFiles/angle_interface__rosidl_typesupport_fastrtps_cpp.dir/rosidl_typesupport_fastrtps_cpp/angle_interface/srv/detail/dds_fastrtps/data__type_support.cpp.o[0m
[1.323s] [ 41%] [32mBuilding CXX object CMakeFiles/angle_interface__rosidl_typesupport_introspection_cpp.dir/rosidl_typesupport_introspection_cpp/angle_interface/srv/detail/data__type_support.cpp.o[0m
[1.396s] [ 45%] [32mBuilding CXX object CMakeFiles/angle_interface__rosidl_typesupport_c.dir/rosidl_typesupport_c/angle_interface/srv/data__type_support.cpp.o[0m
[1.425s] [ 48%] [32m[1mLinking CXX shared library libangle_interface__rosidl_typesupport_c.so[0m
[1.467s] [ 48%] Built target angle_interface__rosidl_typesupport_c
[1.472s] [ 51%] [32m[1mLinking CXX shared library libangle_interface__rosidl_typesupport_cpp.so[0m
[1.481s] [ 54%] [32mBuilding C object CMakeFiles/angle_interface__rosidl_typesupport_introspection_c.dir/rosidl_typesupport_introspection_c/angle_interface/srv/detail/data__type_support.c.o[0m
[1.507s] [ 54%] Built target angle_interface__rosidl_typesupport_cpp
[1.510s] [ 58%] [32m[1mLinking C shared library libangle_interface__rosidl_typesupport_introspection_c.so[0m
[1.513s] [ 61%] [32mBuilding CXX object CMakeFiles/angle_interface__rosidl_typesupport_fastrtps_c.dir/rosidl_typesupport_fastrtps_c/angle_interface/srv/detail/data__type_support_c.cpp.o[0m
[1.535s] [ 61%] Built target angle_interface__rosidl_typesupport_introspection_c
[1.543s] [ 64%] [32m[1mLinking CXX shared library libangle_interface__rosidl_typesupport_introspection_cpp.so[0m
[1.562s] [ 67%] [32m[1mLinking CXX shared library libangle_interface__rosidl_typesupport_fastrtps_cpp.so[0m
[1.576s] [ 67%] Built target angle_interface__rosidl_typesupport_introspection_cpp
[1.614s] [ 67%] Built target angle_interface__rosidl_typesupport_fastrtps_cpp
[1.699s] [ 70%] [32m[1mLinking CXX shared library libangle_interface__rosidl_typesupport_fastrtps_c.so[0m
[1.753s] [ 70%] Built target angle_interface__rosidl_typesupport_fastrtps_c
[1.769s] [ 70%] Built target angle_interface
[1.781s] [ 74%] [34m[1mGenerating Python code for ROS interfaces[0m
[1.986s] [ 74%] Built target angle_interface__py
[2.001s] [ 77%] [32mBuilding C object CMakeFiles/angle_interface__rosidl_generator_py.dir/rosidl_generator_py/angle_interface/srv/_data_s.c.o[0m
[2.064s] [ 80%] [32m[1mLinking C shared library rosidl_generator_py/angle_interface/libangle_interface__rosidl_generator_py.so[0m
[2.095s] [ 80%] Built target angle_interface__rosidl_generator_py
[2.112s] [ 83%] [32mBuilding C object CMakeFiles/angle_interface__rosidl_typesupport_fastrtps_c__pyext.dir/rosidl_generator_py/angle_interface/_angle_interface_s.ep.rosidl_typesupport_fastrtps_c.c.o[0m
[2.113s] [ 90%] [32mBuilding C object CMakeFiles/angle_interface__rosidl_typesupport_introspection_c__pyext.dir/rosidl_generator_py/angle_interface/_angle_interface_s.ep.rosidl_typesupport_introspection_c.c.o[0m
[2.113s] [ 90%] [32mBuilding C object CMakeFiles/angle_interface__rosidl_typesupport_c__pyext.dir/rosidl_generator_py/angle_interface/_angle_interface_s.ep.rosidl_typesupport_c.c.o[0m
[2.171s] [ 93%] [32m[1mLinking C shared library rosidl_generator_py/angle_interface/angle_interface_s__rosidl_typesupport_introspection_c.cpython-310-x86_64-linux-gnu.so[0m
[2.173s] [ 96%] [32m[1mLinking C shared library rosidl_generator_py/angle_interface/angle_interface_s__rosidl_typesupport_fastrtps_c.cpython-310-x86_64-linux-gnu.so[0m
[2.174s] [100%] [32m[1mLinking C shared library rosidl_generator_py/angle_interface/angle_interface_s__rosidl_typesupport_c.cpython-310-x86_64-linux-gnu.so[0m
[2.194s] [100%] Built target angle_interface__rosidl_typesupport_introspection_c__pyext
[2.198s] [100%] Built target angle_interface__rosidl_typesupport_c__pyext
[2.198s] [100%] Built target angle_interface__rosidl_typesupport_fastrtps_c__pyext
[2.206s] Invoked command in '/home/dylan/ros_programs/ex2_ws/src/build/angle_interface' returned '0': CMAKE_PREFIX_PATH=/opt/ros/humble /usr/bin/cmake --build /home/dylan/ros_programs/ex2_ws/src/build/angle_interface -- -j16 -l16
[2.212s] Invoking command in '/home/dylan/ros_programs/ex2_ws/src/build/angle_interface': CMAKE_PREFIX_PATH=/opt/ros/humble /usr/bin/cmake --install /home/dylan/ros_programs/ex2_ws/src/build/angle_interface
[2.217s] -- Install configuration: ""
[2.217s] -- Installing: /home/dylan/ros_programs/ex2_ws/src/install/angle_interface/share/ament_index/resource_index/rosidl_interfaces/angle_interface
[2.217s] -- Installing: /home/dylan/ros_programs/ex2_ws/src/install/angle_interface/include/angle_interface/angle_interface
[2.217s] -- Installing: /home/dylan/ros_programs/ex2_ws/src/install/angle_interface/include/angle_interface/angle_interface/msg
[2.217s] -- Installing: /home/dylan/ros_programs/ex2_ws/src/install/angle_interface/include/angle_interface/angle_interface/msg/rosidl_generator_c__visibility_control.h
[2.217s] -- Installing: /home/dylan/ros_programs/ex2_ws/src/install/angle_interface/include/angle_interface/angle_interface/srv
[2.217s] -- Installing: /home/dylan/ros_programs/ex2_ws/src/install/angle_interface/include/angle_interface/angle_interface/srv/detail
[2.217s] -- Installing: /home/dylan/ros_programs/ex2_ws/src/install/angle_interface/include/angle_interface/angle_interface/srv/detail/data__type_support.h
[2.217s] -- Installing: /home/dylan/ros_programs/ex2_ws/src/install/angle_interface/include/angle_interface/angle_interface/srv/detail/data__functions.h
[2.217s] -- Installing: /home/dylan/ros_programs/ex2_ws/src/install/angle_interface/include/angle_interface/angle_interface/srv/detail/data__struct.h
[2.217s] -- Installing: /home/dylan/ros_programs/ex2_ws/src/install/angle_interface/include/angle_interface/angle_interface/srv/detail/data__functions.c
[2.217s] -- Installing: /home/dylan/ros_programs/ex2_ws/src/install/angle_interface/include/angle_interface/angle_interface/srv/data.h
[2.217s] -- Installing: /home/dylan/ros_programs/ex2_ws/src/install/angle_interface/share/angle_interface/environment/library_path.sh
[2.217s] -- Installing: /home/dylan/ros_programs/ex2_ws/src/install/angle_interface/share/angle_interface/environment/library_path.dsv
[2.217s] -- Installing: /home/dylan/ros_programs/ex2_ws/src/install/angle_interface/lib/libangle_interface__rosidl_generator_c.so
[2.218s] -- Set runtime path of "/home/dylan/ros_programs/ex2_ws/src/install/angle_interface/lib/libangle_interface__rosidl_generator_c.so" to ""
[2.218s] -- Up-to-date: /home/dylan/ros_programs/ex2_ws/src/install/angle_interface/include/angle_interface/angle_interface
[2.218s] -- Up-to-date: /home/dylan/ros_programs/ex2_ws/src/install/angle_interface/include/angle_interface/angle_interface/msg
[2.218s] -- Installing: /home/dylan/ros_programs/ex2_ws/src/install/angle_interface/include/angle_interface/angle_interface/msg/rosidl_typesupport_fastrtps_c__visibility_control.h
[2.218s] -- Up-to-date: /home/dylan/ros_programs/ex2_ws/src/install/angle_interface/include/angle_interface/angle_interface/srv
[2.218s] -- Up-to-date: /home/dylan/ros_programs/ex2_ws/src/install/angle_interface/include/angle_interface/angle_interface/srv/detail
[2.218s] -- Installing: /home/dylan/ros_programs/ex2_ws/src/install/angle_interface/include/angle_interface/angle_interface/srv/detail/data__rosidl_typesupport_fastrtps_c.h
[2.218s] -- Installing: /home/dylan/ros_programs/ex2_ws/src/install/angle_interface/lib/libangle_interface__rosidl_typesupport_fastrtps_c.so
[2.218s] -- Set runtime path of "/home/dylan/ros_programs/ex2_ws/src/install/angle_interface/lib/libangle_interface__rosidl_typesupport_fastrtps_c.so" to ""
[2.218s] -- Up-to-date: /home/dylan/ros_programs/ex2_ws/src/install/angle_interface/include/angle_interface/angle_interface
[2.218s] -- Up-to-date: /home/dylan/ros_programs/ex2_ws/src/install/angle_interface/include/angle_interface/angle_interface/msg
[2.218s] -- Installing: /home/dylan/ros_programs/ex2_ws/src/install/angle_interface/include/angle_interface/angle_interface/msg/rosidl_typesupport_introspection_c__visibility_control.h
[2.218s] -- Up-to-date: /home/dylan/ros_programs/ex2_ws/src/install/angle_interface/include/angle_interface/angle_interface/srv
[2.218s] -- Up-to-date: /home/dylan/ros_programs/ex2_ws/src/install/angle_interface/include/angle_interface/angle_interface/srv/detail
[2.218s] -- Installing: /home/dylan/ros_programs/ex2_ws/src/install/angle_interface/include/angle_interface/angle_interface/srv/detail/data__rosidl_typesupport_introspection_c.h
[2.218s] -- Installing: /home/dylan/ros_programs/ex2_ws/src/install/angle_interface/include/angle_interface/angle_interface/srv/detail/data__type_support.c
[2.218s] -- Installing: /home/dylan/ros_programs/ex2_ws/src/install/angle_interface/lib/libangle_interface__rosidl_typesupport_introspection_c.so
[2.218s] -- Set runtime path of "/home/dylan/ros_programs/ex2_ws/src/install/angle_interface/lib/libangle_interface__rosidl_typesupport_introspection_c.so" to ""
[2.218s] -- Installing: /home/dylan/ros_programs/ex2_ws/src/install/angle_interface/lib/libangle_interface__rosidl_typesupport_c.so
[2.218s] -- Set runtime path of "/home/dylan/ros_programs/ex2_ws/src/install/angle_interface/lib/libangle_interface__rosidl_typesupport_c.so" to ""
[2.218s] -- Up-to-date: /home/dylan/ros_programs/ex2_ws/src/install/angle_interface/include/angle_interface/angle_interface
[2.218s] -- Up-to-date: /home/dylan/ros_programs/ex2_ws/src/install/angle_interface/include/angle_interface/angle_interface/msg
[2.218s] -- Installing: /home/dylan/ros_programs/ex2_ws/src/install/angle_interface/include/angle_interface/angle_interface/msg/rosidl_generator_cpp__visibility_control.hpp
[2.218s] -- Up-to-date: /home/dylan/ros_programs/ex2_ws/src/install/angle_interface/include/angle_interface/angle_interface/srv
[2.218s] -- Up-to-date: /home/dylan/ros_programs/ex2_ws/src/install/angle_interface/include/angle_interface/angle_interface/srv/detail
[2.218s] -- Installing: /home/dylan/ros_programs/ex2_ws/src/install/angle_interface/include/angle_interface/angle_interface/srv/detail/data__struct.hpp
[2.218s] -- Installing: /home/dylan/ros_programs/ex2_ws/src/install/angle_interface/include/angle_interface/angle_interface/srv/detail/data__traits.hpp
[2.218s] -- Installing: /home/dylan/ros_programs/ex2_ws/src/install/angle_interface/include/angle_interface/angle_interface/srv/detail/data__builder.hpp
[2.219s] -- Installing: /home/dylan/ros_programs/ex2_ws/src/install/angle_interface/include/angle_interface/angle_interface/srv/detail/data__type_support.hpp
[2.219s] -- Installing: /home/dylan/ros_programs/ex2_ws/src/install/angle_interface/include/angle_interface/angle_interface/srv/data.hpp
[2.219s] -- Up-to-date: /home/dylan/ros_programs/ex2_ws/src/install/angle_interface/include/angle_interface/angle_interface
[2.219s] -- Up-to-date: /home/dylan/ros_programs/ex2_ws/src/install/angle_interface/include/angle_interface/angle_interface/msg
[2.219s] -- Installing: /home/dylan/ros_programs/ex2_ws/src/install/angle_interface/include/angle_interface/angle_interface/msg/rosidl_typesupport_fastrtps_cpp__visibility_control.h
[2.219s] -- Up-to-date: /home/dylan/ros_programs/ex2_ws/src/install/angle_interface/include/angle_interface/angle_interface/srv
[2.219s] -- Up-to-date: /home/dylan/ros_programs/ex2_ws/src/install/angle_interface/include/angle_interface/angle_interface/srv/detail
[2.219s] -- Installing: /home/dylan/ros_programs/ex2_ws/src/install/angle_interface/include/angle_interface/angle_interface/srv/detail/dds_fastrtps
[2.219s] -- Installing: /home/dylan/ros_programs/ex2_ws/src/install/angle_interface/include/angle_interface/angle_interface/srv/detail/data__rosidl_typesupport_fastrtps_cpp.hpp
[2.219s] -- Installing: /home/dylan/ros_programs/ex2_ws/src/install/angle_interface/lib/libangle_interface__rosidl_typesupport_fastrtps_cpp.so
[2.219s] -- Set runtime path of "/home/dylan/ros_programs/ex2_ws/src/install/angle_interface/lib/libangle_interface__rosidl_typesupport_fastrtps_cpp.so" to ""
[2.219s] -- Up-to-date: /home/dylan/ros_programs/ex2_ws/src/install/angle_interface/include/angle_interface/angle_interface
[2.219s] -- Up-to-date: /home/dylan/ros_programs/ex2_ws/src/install/angle_interface/include/angle_interface/angle_interface/srv
[2.219s] -- Up-to-date: /home/dylan/ros_programs/ex2_ws/src/install/angle_interface/include/angle_interface/angle_interface/srv/detail
[2.219s] -- Installing: /home/dylan/ros_programs/ex2_ws/src/install/angle_interface/include/angle_interface/angle_interface/srv/detail/data__rosidl_typesupport_introspection_cpp.hpp
[2.219s] -- Installing: /home/dylan/ros_programs/ex2_ws/src/install/angle_interface/include/angle_interface/angle_interface/srv/detail/data__type_support.cpp
[2.219s] -- Installing: /home/dylan/ros_programs/ex2_ws/src/install/angle_interface/lib/libangle_interface__rosidl_typesupport_introspection_cpp.so
[2.219s] -- Set runtime path of "/home/dylan/ros_programs/ex2_ws/src/install/angle_interface/lib/libangle_interface__rosidl_typesupport_introspection_cpp.so" to ""
[2.219s] -- Installing: /home/dylan/ros_programs/ex2_ws/src/install/angle_interface/lib/libangle_interface__rosidl_typesupport_cpp.so
[2.219s] -- Set runtime path of "/home/dylan/ros_programs/ex2_ws/src/install/angle_interface/lib/libangle_interface__rosidl_typesupport_cpp.so" to ""
[2.219s] -- Installing: /home/dylan/ros_programs/ex2_ws/src/install/angle_interface/share/angle_interface/environment/pythonpath.sh
[2.219s] -- Installing: /home/dylan/ros_programs/ex2_ws/src/install/angle_interface/share/angle_interface/environment/pythonpath.dsv
[2.219s] -- Installing: /home/dylan/ros_programs/ex2_ws/src/install/angle_interface/local/lib/python3.10/dist-packages/angle_interface-0.0.0-py3.10.egg-info
[2.219s] -- Installing: /home/dylan/ros_programs/ex2_ws/src/install/angle_interface/local/lib/python3.10/dist-packages/angle_interface-0.0.0-py3.10.egg-info/PKG-INFO
[2.220s] -- Installing: /home/dylan/ros_programs/ex2_ws/src/install/angle_interface/local/lib/python3.10/dist-packages/angle_interface-0.0.0-py3.10.egg-info/top_level.txt
[2.220s] -- Installing: /home/dylan/ros_programs/ex2_ws/src/install/angle_interface/local/lib/python3.10/dist-packages/angle_interface-0.0.0-py3.10.egg-info/dependency_links.txt
[2.220s] -- Installing: /home/dylan/ros_programs/ex2_ws/src/install/angle_interface/local/lib/python3.10/dist-packages/angle_interface-0.0.0-py3.10.egg-info/SOURCES.txt
[2.220s] -- Installing: /home/dylan/ros_programs/ex2_ws/src/install/angle_interface/local/lib/python3.10/dist-packages/angle_interface
[2.220s] -- Installing: /home/dylan/ros_programs/ex2_ws/src/install/angle_interface/local/lib/python3.10/dist-packages/angle_interface/__init__.py
[2.220s] -- Installing: /home/dylan/ros_programs/ex2_ws/src/install/angle_interface/local/lib/python3.10/dist-packages/angle_interface/_angle_interface_s.ep.rosidl_typesupport_fastrtps_c.c
[2.220s] -- Installing: /home/dylan/ros_programs/ex2_ws/src/install/angle_interface/local/lib/python3.10/dist-packages/angle_interface/angle_interface_s__rosidl_typesupport_fastrtps_c.cpython-310-x86_64-linux-gnu.so
[2.220s] -- Installing: /home/dylan/ros_programs/ex2_ws/src/install/angle_interface/local/lib/python3.10/dist-packages/angle_interface/_angle_interface_s.ep.rosidl_typesupport_introspection_c.c
[2.220s] -- Installing: /home/dylan/ros_programs/ex2_ws/src/install/angle_interface/local/lib/python3.10/dist-packages/angle_interface/angle_interface_s__rosidl_typesupport_c.cpython-310-x86_64-linux-gnu.so
[2.220s] -- Installing: /home/dylan/ros_programs/ex2_ws/src/install/angle_interface/local/lib/python3.10/dist-packages/angle_interface/angle_interface_s__rosidl_typesupport_introspection_c.cpython-310-x86_64-linux-gnu.so
[2.220s] -- Installing: /home/dylan/ros_programs/ex2_ws/src/install/angle_interface/local/lib/python3.10/dist-packages/angle_interface/libangle_interface__rosidl_generator_py.so
[2.220s] -- Installing: /home/dylan/ros_programs/ex2_ws/src/install/angle_interface/local/lib/python3.10/dist-packages/angle_interface/srv
[2.220s] -- Installing: /home/dylan/ros_programs/ex2_ws/src/install/angle_interface/local/lib/python3.10/dist-packages/angle_interface/srv/__init__.py
[2.220s] -- Installing: /home/dylan/ros_programs/ex2_ws/src/install/angle_interface/local/lib/python3.10/dist-packages/angle_interface/srv/_data_s.c
[2.220s] -- Installing: /home/dylan/ros_programs/ex2_ws/src/install/angle_interface/local/lib/python3.10/dist-packages/angle_interface/srv/_data.py
[2.220s] -- Installing: /home/dylan/ros_programs/ex2_ws/src/install/angle_interface/local/lib/python3.10/dist-packages/angle_interface/_angle_interface_s.ep.rosidl_typesupport_c.c
[2.241s] Listing '/home/dylan/ros_programs/ex2_ws/src/install/angle_interface/local/lib/python3.10/dist-packages/angle_interface'...
[2.241s] Compiling '/home/dylan/ros_programs/ex2_ws/src/install/angle_interface/local/lib/python3.10/dist-packages/angle_interface/__init__.py'...
[2.241s] Listing '/home/dylan/ros_programs/ex2_ws/src/install/angle_interface/local/lib/python3.10/dist-packages/angle_interface/srv'...
[2.242s] Compiling '/home/dylan/ros_programs/ex2_ws/src/install/angle_interface/local/lib/python3.10/dist-packages/angle_interface/srv/__init__.py'...
[2.242s] Compiling '/home/dylan/ros_programs/ex2_ws/src/install/angle_interface/local/lib/python3.10/dist-packages/angle_interface/srv/_data.py'...
[2.244s] -- Installing: /home/dylan/ros_programs/ex2_ws/src/install/angle_interface/local/lib/python3.10/dist-packages/angle_interface/angle_interface_s__rosidl_typesupport_fastrtps_c.cpython-310-x86_64-linux-gnu.so
[2.244s] -- Set runtime path of "/home/dylan/ros_programs/ex2_ws/src/install/angle_interface/local/lib/python3.10/dist-packages/angle_interface/angle_interface_s__rosidl_typesupport_fastrtps_c.cpython-310-x86_64-linux-gnu.so" to ""
[2.245s] -- Installing: /home/dylan/ros_programs/ex2_ws/src/install/angle_interface/local/lib/python3.10/dist-packages/angle_interface/angle_interface_s__rosidl_typesupport_introspection_c.cpython-310-x86_64-linux-gnu.so
[2.245s] -- Set runtime path of "/home/dylan/ros_programs/ex2_ws/src/install/angle_interface/local/lib/python3.10/dist-packages/angle_interface/angle_interface_s__rosidl_typesupport_introspection_c.cpython-310-x86_64-linux-gnu.so" to ""
[2.245s] -- Installing: /home/dylan/ros_programs/ex2_ws/src/install/angle_interface/local/lib/python3.10/dist-packages/angle_interface/angle_interface_s__rosidl_typesupport_c.cpython-310-x86_64-linux-gnu.so
[2.245s] -- Set runtime path of "/home/dylan/ros_programs/ex2_ws/src/install/angle_interface/local/lib/python3.10/dist-packages/angle_interface/angle_interface_s__rosidl_typesupport_c.cpython-310-x86_64-linux-gnu.so" to ""
[2.245s] -- Installing: /home/dylan/ros_programs/ex2_ws/src/install/angle_interface/lib/libangle_interface__rosidl_generator_py.so
[2.245s] -- Set runtime path of "/home/dylan/ros_programs/ex2_ws/src/install/angle_interface/lib/libangle_interface__rosidl_generator_py.so" to ""
[2.245s] -- Installing: /home/dylan/ros_programs/ex2_ws/src/install/angle_interface/share/angle_interface/srv/Data.idl
[2.245s] -- Installing: /home/dylan/ros_programs/ex2_ws/src/install/angle_interface/share/angle_interface/srv/Data.srv
[2.245s] -- Installing: /home/dylan/ros_programs/ex2_ws/src/install/angle_interface/share/angle_interface/srv/Data_Request.msg
[2.245s] -- Installing: /home/dylan/ros_programs/ex2_ws/src/install/angle_interface/share/angle_interface/srv/Data_Response.msg
[2.245s] -- Installing: /home/dylan/ros_programs/ex2_ws/src/install/angle_interface/share/ament_index/resource_index/package_run_dependencies/angle_interface
[2.246s] -- Installing: /home/dylan/ros_programs/ex2_ws/src/install/angle_interface/share/ament_index/resource_index/parent_prefix_path/angle_interface
[2.246s] -- Installing: /home/dylan/ros_programs/ex2_ws/src/install/angle_interface/share/angle_interface/environment/ament_prefix_path.sh
[2.246s] -- Installing: /home/dylan/ros_programs/ex2_ws/src/install/angle_interface/share/angle_interface/environment/ament_prefix_path.dsv
[2.246s] -- Installing: /home/dylan/ros_programs/ex2_ws/src/install/angle_interface/share/angle_interface/environment/path.sh
[2.246s] -- Installing: /home/dylan/ros_programs/ex2_ws/src/install/angle_interface/share/angle_interface/environment/path.dsv
[2.246s] -- Installing: /home/dylan/ros_programs/ex2_ws/src/install/angle_interface/share/angle_interface/local_setup.bash
[2.246s] -- Installing: /home/dylan/ros_programs/ex2_ws/src/install/angle_interface/share/angle_interface/local_setup.sh
[2.246s] -- Installing: /home/dylan/ros_programs/ex2_ws/src/install/angle_interface/share/angle_interface/local_setup.zsh
[2.246s] -- Installing: /home/dylan/ros_programs/ex2_ws/src/install/angle_interface/share/angle_interface/local_setup.dsv
[2.246s] -- Installing: /home/dylan/ros_programs/ex2_ws/src/install/angle_interface/share/angle_interface/package.dsv
[2.246s] -- Installing: /home/dylan/ros_programs/ex2_ws/src/install/angle_interface/share/ament_index/resource_index/packages/angle_interface
[2.246s] -- Installing: /home/dylan/ros_programs/ex2_ws/src/install/angle_interface/share/angle_interface/cmake/export_angle_interface__rosidl_generator_cExport.cmake
[2.246s] -- Installing: /home/dylan/ros_programs/ex2_ws/src/install/angle_interface/share/angle_interface/cmake/export_angle_interface__rosidl_generator_cExport-noconfig.cmake
[2.246s] -- Installing: /home/dylan/ros_programs/ex2_ws/src/install/angle_interface/share/angle_interface/cmake/export_angle_interface__rosidl_typesupport_fastrtps_cExport.cmake
[2.246s] -- Installing: /home/dylan/ros_programs/ex2_ws/src/install/angle_interface/share/angle_interface/cmake/export_angle_interface__rosidl_typesupport_fastrtps_cExport-noconfig.cmake
[2.246s] -- Installing: /home/dylan/ros_programs/ex2_ws/src/install/angle_interface/share/angle_interface/cmake/angle_interface__rosidl_typesupport_introspection_cExport.cmake
[2.246s] -- Installing: /home/dylan/ros_programs/ex2_ws/src/install/angle_interface/share/angle_interface/cmake/angle_interface__rosidl_typesupport_introspection_cExport-noconfig.cmake
[2.246s] -- Installing: /home/dylan/ros_programs/ex2_ws/src/install/angle_interface/share/angle_interface/cmake/angle_interface__rosidl_typesupport_cExport.cmake
[2.247s] -- Installing: /home/dylan/ros_programs/ex2_ws/src/install/angle_interface/share/angle_interface/cmake/angle_interface__rosidl_typesupport_cExport-noconfig.cmake
[2.247s] -- Installing: /home/dylan/ros_programs/ex2_ws/src/install/angle_interface/share/angle_interface/cmake/export_angle_interface__rosidl_generator_cppExport.cmake
[2.247s] -- Installing: /home/dylan/ros_programs/ex2_ws/src/install/angle_interface/share/angle_interface/cmake/export_angle_interface__rosidl_typesupport_fastrtps_cppExport.cmake
[2.247s] -- Installing: /home/dylan/ros_programs/ex2_ws/src/install/angle_interface/share/angle_interface/cmake/export_angle_interface__rosidl_typesupport_fastrtps_cppExport-noconfig.cmake
[2.247s] -- Installing: /home/dylan/ros_programs/ex2_ws/src/install/angle_interface/share/angle_interface/cmake/angle_interface__rosidl_typesupport_introspection_cppExport.cmake
[2.247s] -- Installing: /home/dylan/ros_programs/ex2_ws/src/install/angle_interface/share/angle_interface/cmake/angle_interface__rosidl_typesupport_introspection_cppExport-noconfig.cmake
[2.247s] -- Installing: /home/dylan/ros_programs/ex2_ws/src/install/angle_interface/share/angle_interface/cmake/angle_interface__rosidl_typesupport_cppExport.cmake
[2.247s] -- Installing: /home/dylan/ros_programs/ex2_ws/src/install/angle_interface/share/angle_interface/cmake/angle_interface__rosidl_typesupport_cppExport-noconfig.cmake
[2.247s] -- Installing: /home/dylan/ros_programs/ex2_ws/src/install/angle_interface/share/angle_interface/cmake/export_angle_interface__rosidl_generator_pyExport.cmake
[2.247s] -- Installing: /home/dylan/ros_programs/ex2_ws/src/install/angle_interface/share/angle_interface/cmake/export_angle_interface__rosidl_generator_pyExport-noconfig.cmake
[2.247s] -- Installing: /home/dylan/ros_programs/ex2_ws/src/install/angle_interface/share/angle_interface/cmake/rosidl_cmake-extras.cmake
[2.247s] -- Installing: /home/dylan/ros_programs/ex2_ws/src/install/angle_interface/share/angle_interface/cmake/ament_cmake_export_include_directories-extras.cmake
[2.247s] -- Installing: /home/dylan/ros_programs/ex2_ws/src/install/angle_interface/share/angle_interface/cmake/ament_cmake_export_libraries-extras.cmake
[2.247s] -- Installing: /home/dylan/ros_programs/ex2_ws/src/install/angle_interface/share/angle_interface/cmake/ament_cmake_export_targets-extras.cmake
[2.247s] -- Installing: /home/dylan/ros_programs/ex2_ws/src/install/angle_interface/share/angle_interface/cmake/rosidl_cmake_export_typesupport_targets-extras.cmake
[2.247s] -- Installing: /home/dylan/ros_programs/ex2_ws/src/install/angle_interface/share/angle_interface/cmake/ament_cmake_export_dependencies-extras.cmake
[2.247s] -- Installing: /home/dylan/ros_programs/ex2_ws/src/install/angle_interface/share/angle_interface/cmake/rosidl_cmake_export_typesupport_libraries-extras.cmake
[2.247s] -- Installing: /home/dylan/ros_programs/ex2_ws/src/install/angle_interface/share/angle_interface/cmake/angle_interfaceConfig.cmake
[2.247s] -- Installing: /home/dylan/ros_programs/ex2_ws/src/install/angle_interface/share/angle_interface/cmake/angle_interfaceConfig-version.cmake
[2.247s] -- Installing: /home/dylan/ros_programs/ex2_ws/src/install/angle_interface/share/angle_interface/package.xml
[2.249s] Invoked command in '/home/dylan/ros_programs/ex2_ws/src/build/angle_interface' returned '0': CMAKE_PREFIX_PATH=/opt/ros/humble /usr/bin/cmake --install /home/dylan/ros_programs/ex2_ws/src/build/angle_interface
