[0.016s] Invoking command in '/home/dylan/ros_programs/ex2_ws/src/build/angle_interface': CMAKE_PREFIX_PATH=${CMAKE_PREFIX_PATH}:/home/dylan/ros_programs/ex2_ws/src/install/doggy:/opt/ros/humble /usr/bin/cmake --build /home/dylan/ros_programs/ex2_ws/src/build/angle_interface -- -j16 -l16
[0.057s] [  9%] Built target angle_interface__rosidl_generator_c
[0.058s] [ 12%] Built target angle_interface__cpp
[0.065s] [ 12%] Built target ament_cmake_python_copy_angle_interface
[0.073s] [ 22%] Built target angle_interface__rosidl_typesupport_c
[0.074s] [ 32%] Built target angle_interface__rosidl_typesupport_fastrtps_cpp
[0.077s] [ 41%] Built target angle_interface__rosidl_typesupport_cpp
[0.077s] [ 58%] Built target angle_interface__rosidl_typesupport_fastrtps_c
[0.077s] [ 61%] Built target angle_interface__rosidl_typesupport_introspection_cpp
[0.078s] [ 70%] Built target angle_interface__rosidl_typesupport_introspection_c
[0.094s] [ 70%] Built target angle_interface
[0.109s] [ 74%] Built target angle_interface__py
[0.128s] [ 80%] Built target angle_interface__rosidl_generator_py
[0.147s] [ 87%] Built target angle_interface__rosidl_typesupport_fastrtps_c__pyext
[0.148s] [ 93%] Built target angle_interface__rosidl_typesupport_c__pyext
[0.148s] [100%] Built target angle_interface__rosidl_typesupport_introspection_c__pyext
[0.200s] running egg_info
[0.200s] writing angle_interface.egg-info/PKG-INFO
[0.201s] writing dependency_links to angle_interface.egg-info/dependency_links.txt
[0.201s] writing top-level names to angle_interface.egg-info/top_level.txt
[0.202s] reading manifest file 'angle_interface.egg-info/SOURCES.txt'
[0.202s] writing manifest file 'angle_interface.egg-info/SOURCES.txt'
[0.219s] [100%] Built target ament_cmake_python_build_angle_interface_egg
[0.229s] Invoked command in '/home/dylan/ros_programs/ex2_ws/src/build/angle_interface' returned '0': CMAKE_PREFIX_PATH=${CMAKE_PREFIX_PATH}:/home/dylan/ros_programs/ex2_ws/src/install/doggy:/opt/ros/humble /usr/bin/cmake --build /home/dylan/ros_programs/ex2_ws/src/build/angle_interface -- -j16 -l16
[0.237s] Invoking command in '/home/dylan/ros_programs/ex2_ws/src/build/angle_interface': CMAKE_PREFIX_PATH=${CMAKE_PREFIX_PATH}:/home/dylan/ros_programs/ex2_ws/src/install/doggy:/opt/ros/humble /usr/bin/cmake --install /home/dylan/ros_programs/ex2_ws/src/build/angle_interface
[0.243s] -- Install configuration: ""
[0.243s] -- Up-to-date: /home/dylan/ros_programs/ex2_ws/src/install/angle_interface/share/ament_index/resource_index/rosidl_interfaces/angle_interface
[0.243s] -- Up-to-date: /home/dylan/ros_programs/ex2_ws/src/install/angle_interface/include/angle_interface/angle_interface
[0.243s] -- Up-to-date: /home/dylan/ros_programs/ex2_ws/src/install/angle_interface/include/angle_interface/angle_interface/msg
[0.243s] -- Up-to-date: /home/dylan/ros_programs/ex2_ws/src/install/angle_interface/include/angle_interface/angle_interface/msg/rosidl_generator_c__visibility_control.h
[0.243s] -- Up-to-date: /home/dylan/ros_programs/ex2_ws/src/install/angle_interface/include/angle_interface/angle_interface/srv
[0.243s] -- Up-to-date: /home/dylan/ros_programs/ex2_ws/src/install/angle_interface/include/angle_interface/angle_interface/srv/detail
[0.243s] -- Up-to-date: /home/dylan/ros_programs/ex2_ws/src/install/angle_interface/include/angle_interface/angle_interface/srv/detail/data__type_support.h
[0.243s] -- Up-to-date: /home/dylan/ros_programs/ex2_ws/src/install/angle_interface/include/angle_interface/angle_interface/srv/detail/data__functions.h
[0.243s] -- Up-to-date: /home/dylan/ros_programs/ex2_ws/src/install/angle_interface/include/angle_interface/angle_interface/srv/detail/data__struct.h
[0.243s] -- Up-to-date: /home/dylan/ros_programs/ex2_ws/src/install/angle_interface/include/angle_interface/angle_interface/srv/detail/data__functions.c
[0.243s] -- Up-to-date: /home/dylan/ros_programs/ex2_ws/src/install/angle_interface/include/angle_interface/angle_interface/srv/data.h
[0.243s] -- Up-to-date: /home/dylan/ros_programs/ex2_ws/src/install/angle_interface/share/angle_interface/environment/library_path.sh
[0.244s] -- Up-to-date: /home/dylan/ros_programs/ex2_ws/src/install/angle_interface/share/angle_interface/environment/library_path.dsv
[0.244s] -- Up-to-date: /home/dylan/ros_programs/ex2_ws/src/install/angle_interface/lib/libangle_interface__rosidl_generator_c.so
[0.244s] -- Up-to-date: /home/dylan/ros_programs/ex2_ws/src/install/angle_interface/include/angle_interface/angle_interface
[0.244s] -- Up-to-date: /home/dylan/ros_programs/ex2_ws/src/install/angle_interface/include/angle_interface/angle_interface/msg
[0.244s] -- Up-to-date: /home/dylan/ros_programs/ex2_ws/src/install/angle_interface/include/angle_interface/angle_interface/msg/rosidl_typesupport_fastrtps_c__visibility_control.h
[0.244s] -- Up-to-date: /home/dylan/ros_programs/ex2_ws/src/install/angle_interface/include/angle_interface/angle_interface/srv
[0.244s] -- Up-to-date: /home/dylan/ros_programs/ex2_ws/src/install/angle_interface/include/angle_interface/angle_interface/srv/detail
[0.244s] -- Up-to-date: /home/dylan/ros_programs/ex2_ws/src/install/angle_interface/include/angle_interface/angle_interface/srv/detail/data__rosidl_typesupport_fastrtps_c.h
[0.244s] -- Up-to-date: /home/dylan/ros_programs/ex2_ws/src/install/angle_interface/lib/libangle_interface__rosidl_typesupport_fastrtps_c.so
[0.244s] -- Up-to-date: /home/dylan/ros_programs/ex2_ws/src/install/angle_interface/include/angle_interface/angle_interface
[0.244s] -- Up-to-date: /home/dylan/ros_programs/ex2_ws/src/install/angle_interface/include/angle_interface/angle_interface/msg
[0.244s] -- Up-to-date: /home/dylan/ros_programs/ex2_ws/src/install/angle_interface/include/angle_interface/angle_interface/msg/rosidl_typesupport_introspection_c__visibility_control.h
[0.244s] -- Up-to-date: /home/dylan/ros_programs/ex2_ws/src/install/angle_interface/include/angle_interface/angle_interface/srv
[0.244s] -- Up-to-date: /home/dylan/ros_programs/ex2_ws/src/install/angle_interface/include/angle_interface/angle_interface/srv/detail
[0.244s] -- Up-to-date: /home/dylan/ros_programs/ex2_ws/src/install/angle_interface/include/angle_interface/angle_interface/srv/detail/data__rosidl_typesupport_introspection_c.h
[0.244s] -- Up-to-date: /home/dylan/ros_programs/ex2_ws/src/install/angle_interface/include/angle_interface/angle_interface/srv/detail/data__type_support.c
[0.244s] -- Up-to-date: /home/dylan/ros_programs/ex2_ws/src/install/angle_interface/lib/libangle_interface__rosidl_typesupport_introspection_c.so
[0.244s] -- Up-to-date: /home/dylan/ros_programs/ex2_ws/src/install/angle_interface/lib/libangle_interface__rosidl_typesupport_c.so
[0.244s] -- Up-to-date: /home/dylan/ros_programs/ex2_ws/src/install/angle_interface/include/angle_interface/angle_interface
[0.244s] -- Up-to-date: /home/dylan/ros_programs/ex2_ws/src/install/angle_interface/include/angle_interface/angle_interface/msg
[0.245s] -- Up-to-date: /home/dylan/ros_programs/ex2_ws/src/install/angle_interface/include/angle_interface/angle_interface/msg/rosidl_generator_cpp__visibility_control.hpp
[0.245s] -- Up-to-date: /home/dylan/ros_programs/ex2_ws/src/install/angle_interface/include/angle_interface/angle_interface/srv
[0.245s] -- Up-to-date: /home/dylan/ros_programs/ex2_ws/src/install/angle_interface/include/angle_interface/angle_interface/srv/detail
[0.245s] -- Up-to-date: /home/dylan/ros_programs/ex2_ws/src/install/angle_interface/include/angle_interface/angle_interface/srv/detail/data__struct.hpp
[0.245s] -- Up-to-date: /home/dylan/ros_programs/ex2_ws/src/install/angle_interface/include/angle_interface/angle_interface/srv/detail/data__traits.hpp
[0.245s] -- Up-to-date: /home/dylan/ros_programs/ex2_ws/src/install/angle_interface/include/angle_interface/angle_interface/srv/detail/data__builder.hpp
[0.245s] -- Up-to-date: /home/dylan/ros_programs/ex2_ws/src/install/angle_interface/include/angle_interface/angle_interface/srv/detail/data__type_support.hpp
[0.245s] -- Up-to-date: /home/dylan/ros_programs/ex2_ws/src/install/angle_interface/include/angle_interface/angle_interface/srv/data.hpp
[0.245s] -- Up-to-date: /home/dylan/ros_programs/ex2_ws/src/install/angle_interface/include/angle_interface/angle_interface
[0.245s] -- Up-to-date: /home/dylan/ros_programs/ex2_ws/src/install/angle_interface/include/angle_interface/angle_interface/msg
[0.245s] -- Up-to-date: /home/dylan/ros_programs/ex2_ws/src/install/angle_interface/include/angle_interface/angle_interface/msg/rosidl_typesupport_fastrtps_cpp__visibility_control.h
[0.245s] -- Up-to-date: /home/dylan/ros_programs/ex2_ws/src/install/angle_interface/include/angle_interface/angle_interface/srv
[0.245s] -- Up-to-date: /home/dylan/ros_programs/ex2_ws/src/install/angle_interface/include/angle_interface/angle_interface/srv/detail
[0.245s] -- Up-to-date: /home/dylan/ros_programs/ex2_ws/src/install/angle_interface/include/angle_interface/angle_interface/srv/detail/dds_fastrtps
[0.245s] -- Up-to-date: /home/dylan/ros_programs/ex2_ws/src/install/angle_interface/include/angle_interface/angle_interface/srv/detail/data__rosidl_typesupport_fastrtps_cpp.hpp
[0.245s] -- Up-to-date: /home/dylan/ros_programs/ex2_ws/src/install/angle_interface/lib/libangle_interface__rosidl_typesupport_fastrtps_cpp.so
[0.245s] -- Up-to-date: /home/dylan/ros_programs/ex2_ws/src/install/angle_interface/include/angle_interface/angle_interface
[0.245s] -- Up-to-date: /home/dylan/ros_programs/ex2_ws/src/install/angle_interface/include/angle_interface/angle_interface/srv
[0.245s] -- Up-to-date: /home/dylan/ros_programs/ex2_ws/src/install/angle_interface/include/angle_interface/angle_interface/srv/detail
[0.245s] -- Up-to-date: /home/dylan/ros_programs/ex2_ws/src/install/angle_interface/include/angle_interface/angle_interface/srv/detail/data__rosidl_typesupport_introspection_cpp.hpp
[0.245s] -- Up-to-date: /home/dylan/ros_programs/ex2_ws/src/install/angle_interface/include/angle_interface/angle_interface/srv/detail/data__type_support.cpp
[0.245s] -- Up-to-date: /home/dylan/ros_programs/ex2_ws/src/install/angle_interface/lib/libangle_interface__rosidl_typesupport_introspection_cpp.so
[0.245s] -- Up-to-date: /home/dylan/ros_programs/ex2_ws/src/install/angle_interface/lib/libangle_interface__rosidl_typesupport_cpp.so
[0.245s] -- Up-to-date: /home/dylan/ros_programs/ex2_ws/src/install/angle_interface/share/angle_interface/environment/pythonpath.sh
[0.245s] -- Up-to-date: /home/dylan/ros_programs/ex2_ws/src/install/angle_interface/share/angle_interface/environment/pythonpath.dsv
[0.245s] -- Up-to-date: /home/dylan/ros_programs/ex2_ws/src/install/angle_interface/local/lib/python3.10/dist-packages/angle_interface-0.0.0-py3.10.egg-info
[0.245s] -- Installing: /home/dylan/ros_programs/ex2_ws/src/install/angle_interface/local/lib/python3.10/dist-packages/angle_interface-0.0.0-py3.10.egg-info/PKG-INFO
[0.245s] -- Installing: /home/dylan/ros_programs/ex2_ws/src/install/angle_interface/local/lib/python3.10/dist-packages/angle_interface-0.0.0-py3.10.egg-info/top_level.txt
[0.245s] -- Installing: /home/dylan/ros_programs/ex2_ws/src/install/angle_interface/local/lib/python3.10/dist-packages/angle_interface-0.0.0-py3.10.egg-info/dependency_links.txt
[0.245s] -- Installing: /home/dylan/ros_programs/ex2_ws/src/install/angle_interface/local/lib/python3.10/dist-packages/angle_interface-0.0.0-py3.10.egg-info/SOURCES.txt
[0.245s] -- Up-to-date: /home/dylan/ros_programs/ex2_ws/src/install/angle_interface/local/lib/python3.10/dist-packages/angle_interface
[0.245s] -- Up-to-date: /home/dylan/ros_programs/ex2_ws/src/install/angle_interface/local/lib/python3.10/dist-packages/angle_interface/__init__.py
[0.245s] -- Up-to-date: /home/dylan/ros_programs/ex2_ws/src/install/angle_interface/local/lib/python3.10/dist-packages/angle_interface/_angle_interface_s.ep.rosidl_typesupport_fastrtps_c.c
[0.245s] -- Up-to-date: /home/dylan/ros_programs/ex2_ws/src/install/angle_interface/local/lib/python3.10/dist-packages/angle_interface/angle_interface_s__rosidl_typesupport_fastrtps_c.cpython-310-x86_64-linux-gnu.so
[0.245s] -- Up-to-date: /home/dylan/ros_programs/ex2_ws/src/install/angle_interface/local/lib/python3.10/dist-packages/angle_interface/_angle_interface_s.ep.rosidl_typesupport_introspection_c.c
[0.245s] -- Up-to-date: /home/dylan/ros_programs/ex2_ws/src/install/angle_interface/local/lib/python3.10/dist-packages/angle_interface/angle_interface_s__rosidl_typesupport_c.cpython-310-x86_64-linux-gnu.so
[0.245s] -- Up-to-date: /home/dylan/ros_programs/ex2_ws/src/install/angle_interface/local/lib/python3.10/dist-packages/angle_interface/angle_interface_s__rosidl_typesupport_introspection_c.cpython-310-x86_64-linux-gnu.so
[0.245s] -- Up-to-date: /home/dylan/ros_programs/ex2_ws/src/install/angle_interface/local/lib/python3.10/dist-packages/angle_interface/libangle_interface__rosidl_generator_py.so
[0.245s] -- Up-to-date: /home/dylan/ros_programs/ex2_ws/src/install/angle_interface/local/lib/python3.10/dist-packages/angle_interface/srv
[0.245s] -- Up-to-date: /home/dylan/ros_programs/ex2_ws/src/install/angle_interface/local/lib/python3.10/dist-packages/angle_interface/srv/__init__.py
[0.245s] -- Up-to-date: /home/dylan/ros_programs/ex2_ws/src/install/angle_interface/local/lib/python3.10/dist-packages/angle_interface/srv/_data_s.c
[0.246s] -- Up-to-date: /home/dylan/ros_programs/ex2_ws/src/install/angle_interface/local/lib/python3.10/dist-packages/angle_interface/srv/_data.py
[0.246s] -- Up-to-date: /home/dylan/ros_programs/ex2_ws/src/install/angle_interface/local/lib/python3.10/dist-packages/angle_interface/_angle_interface_s.ep.rosidl_typesupport_c.c
[0.266s] Listing '/home/dylan/ros_programs/ex2_ws/src/install/angle_interface/local/lib/python3.10/dist-packages/angle_interface'...
[0.266s] Listing '/home/dylan/ros_programs/ex2_ws/src/install/angle_interface/local/lib/python3.10/dist-packages/angle_interface/srv'...
[0.269s] -- Up-to-date: /home/dylan/ros_programs/ex2_ws/src/install/angle_interface/local/lib/python3.10/dist-packages/angle_interface/angle_interface_s__rosidl_typesupport_fastrtps_c.cpython-310-x86_64-linux-gnu.so
[0.269s] -- Up-to-date: /home/dylan/ros_programs/ex2_ws/src/install/angle_interface/local/lib/python3.10/dist-packages/angle_interface/angle_interface_s__rosidl_typesupport_introspection_c.cpython-310-x86_64-linux-gnu.so
[0.270s] -- Up-to-date: /home/dylan/ros_programs/ex2_ws/src/install/angle_interface/local/lib/python3.10/dist-packages/angle_interface/angle_interface_s__rosidl_typesupport_c.cpython-310-x86_64-linux-gnu.so
[0.270s] -- Up-to-date: /home/dylan/ros_programs/ex2_ws/src/install/angle_interface/lib/libangle_interface__rosidl_generator_py.so
[0.270s] -- Up-to-date: /home/dylan/ros_programs/ex2_ws/src/install/angle_interface/share/angle_interface/srv/Data.idl
[0.270s] -- Up-to-date: /home/dylan/ros_programs/ex2_ws/src/install/angle_interface/share/angle_interface/srv/Data.srv
[0.270s] -- Up-to-date: /home/dylan/ros_programs/ex2_ws/src/install/angle_interface/share/angle_interface/srv/Data_Request.msg
[0.270s] -- Up-to-date: /home/dylan/ros_programs/ex2_ws/src/install/angle_interface/share/angle_interface/srv/Data_Response.msg
[0.270s] -- Up-to-date: /home/dylan/ros_programs/ex2_ws/src/install/angle_interface/share/ament_index/resource_index/package_run_dependencies/angle_interface
[0.270s] -- Up-to-date: /home/dylan/ros_programs/ex2_ws/src/install/angle_interface/share/ament_index/resource_index/parent_prefix_path/angle_interface
[0.270s] -- Up-to-date: /home/dylan/ros_programs/ex2_ws/src/install/angle_interface/share/angle_interface/environment/ament_prefix_path.sh
[0.270s] -- Up-to-date: /home/dylan/ros_programs/ex2_ws/src/install/angle_interface/share/angle_interface/environment/ament_prefix_path.dsv
[0.270s] -- Up-to-date: /home/dylan/ros_programs/ex2_ws/src/install/angle_interface/share/angle_interface/environment/path.sh
[0.270s] -- Up-to-date: /home/dylan/ros_programs/ex2_ws/src/install/angle_interface/share/angle_interface/environment/path.dsv
[0.270s] -- Up-to-date: /home/dylan/ros_programs/ex2_ws/src/install/angle_interface/share/angle_interface/local_setup.bash
[0.270s] -- Up-to-date: /home/dylan/ros_programs/ex2_ws/src/install/angle_interface/share/angle_interface/local_setup.sh
[0.270s] -- Up-to-date: /home/dylan/ros_programs/ex2_ws/src/install/angle_interface/share/angle_interface/local_setup.zsh
[0.270s] -- Up-to-date: /home/dylan/ros_programs/ex2_ws/src/install/angle_interface/share/angle_interface/local_setup.dsv
[0.270s] -- Installing: /home/dylan/ros_programs/ex2_ws/src/install/angle_interface/share/angle_interface/package.dsv
[0.270s] -- Up-to-date: /home/dylan/ros_programs/ex2_ws/src/install/angle_interface/share/ament_index/resource_index/packages/angle_interface
[0.270s] -- Up-to-date: /home/dylan/ros_programs/ex2_ws/src/install/angle_interface/share/angle_interface/cmake/export_angle_interface__rosidl_generator_cExport.cmake
[0.270s] -- Up-to-date: /home/dylan/ros_programs/ex2_ws/src/install/angle_interface/share/angle_interface/cmake/export_angle_interface__rosidl_generator_cExport-noconfig.cmake
[0.270s] -- Up-to-date: /home/dylan/ros_programs/ex2_ws/src/install/angle_interface/share/angle_interface/cmake/export_angle_interface__rosidl_typesupport_fastrtps_cExport.cmake
[0.270s] -- Up-to-date: /home/dylan/ros_programs/ex2_ws/src/install/angle_interface/share/angle_interface/cmake/export_angle_interface__rosidl_typesupport_fastrtps_cExport-noconfig.cmake
[0.270s] -- Up-to-date: /home/dylan/ros_programs/ex2_ws/src/install/angle_interface/share/angle_interface/cmake/angle_interface__rosidl_typesupport_introspection_cExport.cmake
[0.270s] -- Up-to-date: /home/dylan/ros_programs/ex2_ws/src/install/angle_interface/share/angle_interface/cmake/angle_interface__rosidl_typesupport_introspection_cExport-noconfig.cmake
[0.270s] -- Up-to-date: /home/dylan/ros_programs/ex2_ws/src/install/angle_interface/share/angle_interface/cmake/angle_interface__rosidl_typesupport_cExport.cmake
[0.270s] -- Up-to-date: /home/dylan/ros_programs/ex2_ws/src/install/angle_interface/share/angle_interface/cmake/angle_interface__rosidl_typesupport_cExport-noconfig.cmake
[0.270s] -- Up-to-date: /home/dylan/ros_programs/ex2_ws/src/install/angle_interface/share/angle_interface/cmake/export_angle_interface__rosidl_generator_cppExport.cmake
[0.270s] -- Up-to-date: /home/dylan/ros_programs/ex2_ws/src/install/angle_interface/share/angle_interface/cmake/export_angle_interface__rosidl_typesupport_fastrtps_cppExport.cmake
[0.271s] -- Up-to-date: /home/dylan/ros_programs/ex2_ws/src/install/angle_interface/share/angle_interface/cmake/export_angle_interface__rosidl_typesupport_fastrtps_cppExport-noconfig.cmake
[0.271s] -- Up-to-date: /home/dylan/ros_programs/ex2_ws/src/install/angle_interface/share/angle_interface/cmake/angle_interface__rosidl_typesupport_introspection_cppExport.cmake
[0.271s] -- Up-to-date: /home/dylan/ros_programs/ex2_ws/src/install/angle_interface/share/angle_interface/cmake/angle_interface__rosidl_typesupport_introspection_cppExport-noconfig.cmake
[0.271s] -- Up-to-date: /home/dylan/ros_programs/ex2_ws/src/install/angle_interface/share/angle_interface/cmake/angle_interface__rosidl_typesupport_cppExport.cmake
[0.271s] -- Up-to-date: /home/dylan/ros_programs/ex2_ws/src/install/angle_interface/share/angle_interface/cmake/angle_interface__rosidl_typesupport_cppExport-noconfig.cmake
[0.271s] -- Up-to-date: /home/dylan/ros_programs/ex2_ws/src/install/angle_interface/share/angle_interface/cmake/export_angle_interface__rosidl_generator_pyExport.cmake
[0.271s] -- Up-to-date: /home/dylan/ros_programs/ex2_ws/src/install/angle_interface/share/angle_interface/cmake/export_angle_interface__rosidl_generator_pyExport-noconfig.cmake
[0.271s] -- Up-to-date: /home/dylan/ros_programs/ex2_ws/src/install/angle_interface/share/angle_interface/cmake/rosidl_cmake-extras.cmake
[0.271s] -- Up-to-date: /home/dylan/ros_programs/ex2_ws/src/install/angle_interface/share/angle_interface/cmake/ament_cmake_export_include_directories-extras.cmake
[0.271s] -- Up-to-date: /home/dylan/ros_programs/ex2_ws/src/install/angle_interface/share/angle_interface/cmake/ament_cmake_export_libraries-extras.cmake
[0.271s] -- Up-to-date: /home/dylan/ros_programs/ex2_ws/src/install/angle_interface/share/angle_interface/cmake/ament_cmake_export_targets-extras.cmake
[0.271s] -- Up-to-date: /home/dylan/ros_programs/ex2_ws/src/install/angle_interface/share/angle_interface/cmake/rosidl_cmake_export_typesupport_targets-extras.cmake
[0.271s] -- Up-to-date: /home/dylan/ros_programs/ex2_ws/src/install/angle_interface/share/angle_interface/cmake/ament_cmake_export_dependencies-extras.cmake
[0.271s] -- Up-to-date: /home/dylan/ros_programs/ex2_ws/src/install/angle_interface/share/angle_interface/cmake/rosidl_cmake_export_typesupport_libraries-extras.cmake
[0.271s] -- Up-to-date: /home/dylan/ros_programs/ex2_ws/src/install/angle_interface/share/angle_interface/cmake/angle_interfaceConfig.cmake
[0.271s] -- Up-to-date: /home/dylan/ros_programs/ex2_ws/src/install/angle_interface/share/angle_interface/cmake/angle_interfaceConfig-version.cmake
[0.271s] -- Up-to-date: /home/dylan/ros_programs/ex2_ws/src/install/angle_interface/share/angle_interface/package.xml
[0.272s] Invoked command in '/home/dylan/ros_programs/ex2_ws/src/build/angle_interface' returned '0': CMAKE_PREFIX_PATH=${CMAKE_PREFIX_PATH}:/home/dylan/ros_programs/ex2_ws/src/install/doggy:/opt/ros/humble /usr/bin/cmake --install /home/dylan/ros_programs/ex2_ws/src/build/angle_interface
