[0.318s] Invoking command in '/home/dylan/ros_programs/ex2_ws/src/doggy': PYTHONPATH=/home/dylan/ros_programs/ex2_ws/build/doggy/prefix_override:/usr/lib/python3/dist-packages/colcon_core/task/python/colcon_distutils_commands:/home/dylan/ros_programs/ex2_ws/install/doggy/lib/python3.10/site-packages:${PYTHONPATH} /usr/bin/python3 -W ignore:setup.py install is deprecated -W ignore:easy_install command is deprecated setup.py egg_info --egg-base ../../build/doggy build --build-base /home/dylan/ros_programs/ex2_ws/build/doggy/build install --record /home/dylan/ros_programs/ex2_ws/build/doggy/install.log --single-version-externally-managed install_data
[0.441s] running egg_info
[0.441s] writing ../../build/doggy/doggy.egg-info/PKG-INFO
[0.442s] writing dependency_links to ../../build/doggy/doggy.egg-info/dependency_links.txt
[0.442s] writing entry points to ../../build/doggy/doggy.egg-info/entry_points.txt
[0.442s] writing requirements to ../../build/doggy/doggy.egg-info/requires.txt
[0.442s] writing top-level names to ../../build/doggy/doggy.egg-info/top_level.txt
[0.443s] reading manifest file '../../build/doggy/doggy.egg-info/SOURCES.txt'
[0.451s] writing manifest file '../../build/doggy/doggy.egg-info/SOURCES.txt'
[0.451s] running build
[0.451s] running build_py
[0.451s] copying doggy/client.py -> /home/dylan/ros_programs/ex2_ws/build/doggy/build/lib/doggy
[0.451s] running install
[0.452s] running install_lib
[0.452s] copying /home/dylan/ros_programs/ex2_ws/build/doggy/build/lib/doggy/client.py -> /home/dylan/ros_programs/ex2_ws/install/doggy/lib/python3.10/site-packages/doggy
[0.452s] byte-compiling /home/dylan/ros_programs/ex2_ws/install/doggy/lib/python3.10/site-packages/doggy/client.py to client.cpython-310.pyc
[0.453s] running install_data
[0.453s] running install_egg_info
[0.454s] removing '/home/dylan/ros_programs/ex2_ws/install/doggy/lib/python3.10/site-packages/doggy-0.0.0-py3.10.egg-info' (and everything under it)
[0.454s] Copying ../../build/doggy/doggy.egg-info to /home/dylan/ros_programs/ex2_ws/install/doggy/lib/python3.10/site-packages/doggy-0.0.0-py3.10.egg-info
[0.454s] running install_scripts
[0.466s] Installing client script to /home/dylan/ros_programs/ex2_ws/install/doggy/lib/doggy
[0.466s] Installing server script to /home/dylan/ros_programs/ex2_ws/install/doggy/lib/doggy
[0.466s] writing list of installed files to '/home/dylan/ros_programs/ex2_ws/build/doggy/install.log'
[0.480s] Invoked command in '/home/dylan/ros_programs/ex2_ws/src/doggy' returned '0': PYTHONPATH=/home/dylan/ros_programs/ex2_ws/build/doggy/prefix_override:/usr/lib/python3/dist-packages/colcon_core/task/python/colcon_distutils_commands:/home/dylan/ros_programs/ex2_ws/install/doggy/lib/python3.10/site-packages:${PYTHONPATH} /usr/bin/python3 -W ignore:setup.py install is deprecated -W ignore:easy_install command is deprecated setup.py egg_info --egg-base ../../build/doggy build --build-base /home/dylan/ros_programs/ex2_ws/build/doggy/build install --record /home/dylan/ros_programs/ex2_ws/build/doggy/install.log --single-version-externally-managed install_data
