[0.007s] Invoking command in '/home/dylan/ros_programs/ex2_ws/build/angle_interface': CMAKE_PREFIX_PATH=/opt/ros/humble /usr/bin/cmake --build /home/dylan/ros_programs/ex2_ws/build/angle_interface -- -j16 -l16
[0.024s] -- Found ament_cmake: 1.3.12 (/opt/ros/humble/share/ament_cmake/cmake)
[0.098s] -- Found rosidl_default_generators: 1.2.0 (/opt/ros/humble/share/rosidl_default_generators/cmake)
[0.099s] -- Using all available rosidl_typesupport_c: rosidl_typesupport_fastrtps_c;rosidl_typesupport_introspection_c
[0.100s] -- Found rosidl_adapter: 3.1.7 (/opt/ros/humble/share/rosidl_adapter/cmake)
[0.116s] -- Using all available rosidl_typesupport_cpp: rosidl_typesupport_fastrtps_cpp;rosidl_typesupport_introspection_cpp
[0.291s] -- Found ament_cmake_ros: 0.10.0 (/opt/ros/humble/share/ament_cmake_ros/cmake)
[0.407s] -- Using all available rosidl_typesupport_c: rosidl_typesupport_fastrtps_c;rosidl_typesupport_introspection_c
[0.561s] -- Using all available rosidl_typesupport_cpp: rosidl_typesupport_fastrtps_cpp;rosidl_typesupport_introspection_cpp
[0.575s] -- Found python_cmake_module: 0.10.0 (/opt/ros/humble/share/python_cmake_module/cmake)
[0.595s] -- Using PYTHON_EXECUTABLE: /usr/bin/python3
[0.595s] -- Using PYTHON_INCLUDE_DIRS: /usr/include/python3.10
[0.595s] -- Using PYTHON_LIBRARIES: /usr/lib/x86_64-linux-gnu/libpython3.10.so
[0.601s] -- Found ament_lint_auto: 0.12.14 (/opt/ros/humble/share/ament_lint_auto/cmake)
[0.605s] -- Added test 'lint_cmake' to check CMake code style
[0.606s] -- Added test 'xmllint' to check XML markup files
[0.607s] -- Configuring done
[0.621s] -- Generating done
[0.627s] -- Build files have been written to: /home/dylan/ros_programs/ex2_ws/build/angle_interface
[0.646s] [35m[1mConsolidate compiler generated dependencies of target angle_interface__rosidl_generator_c[0m
[0.654s] [  6%] Built target angle_interface__cpp
[0.654s] [ 12%] Built target angle_interface__rosidl_generator_c
[0.663s] [ 12%] Built target ament_cmake_python_copy_angle_interface
[0.665s] [35m[1mConsolidate compiler generated dependencies of target angle_interface__rosidl_typesupport_fastrtps_cpp[0m
[0.665s] [35m[1mConsolidate compiler generated dependencies of target angle_interface__rosidl_typesupport_cpp[0m
[0.668s] [35m[1mConsolidate compiler generated dependencies of target angle_interface__rosidl_typesupport_c[0m
[0.669s] [35m[1mConsolidate compiler generated dependencies of target angle_interface__rosidl_typesupport_introspection_c[0m
[0.669s] [35m[1mConsolidate compiler generated dependencies of target angle_interface__rosidl_typesupport_introspection_cpp[0m
[0.669s] [35m[1mConsolidate compiler generated dependencies of target angle_interface__rosidl_typesupport_fastrtps_c[0m
[0.674s] [ 22%] Built target angle_interface__rosidl_typesupport_cpp
[0.675s] [ 32%] Built target angle_interface__rosidl_typesupport_c
[0.677s] [ 41%] Built target angle_interface__rosidl_typesupport_introspection_cpp
[0.678s] [ 70%] Built target angle_interface__rosidl_typesupport_fastrtps_c
[0.678s] [ 70%] Built target angle_interface__rosidl_typesupport_fastrtps_cpp
[0.678s] [ 70%] Built target angle_interface__rosidl_typesupport_introspection_c
[0.696s] [ 70%] Built target angle_interface
[0.712s] [ 74%] Built target angle_interface__py
[0.720s] [35m[1mConsolidate compiler generated dependencies of target angle_interface__rosidl_generator_py[0m
[0.731s] [ 80%] Built target angle_interface__rosidl_generator_py
[0.741s] [35m[1mConsolidate compiler generated dependencies of target angle_interface__rosidl_typesupport_c__pyext[0m
[0.741s] [35m[1mConsolidate compiler generated dependencies of target angle_interface__rosidl_typesupport_fastrtps_c__pyext[0m
[0.741s] [35m[1mConsolidate compiler generated dependencies of target angle_interface__rosidl_typesupport_introspection_c__pyext[0m
[0.752s] [ 93%] Built target angle_interface__rosidl_typesupport_introspection_c__pyext
[0.752s] [ 93%] Built target angle_interface__rosidl_typesupport_fastrtps_c__pyext
[0.753s] [100%] Built target angle_interface__rosidl_typesupport_c__pyext
[0.805s] running egg_info
[0.805s] writing angle_interface.egg-info/PKG-INFO
[0.805s] writing dependency_links to angle_interface.egg-info/dependency_links.txt
[0.805s] writing top-level names to angle_interface.egg-info/top_level.txt
[0.807s] reading manifest file 'angle_interface.egg-info/SOURCES.txt'
[0.807s] writing manifest file 'angle_interface.egg-info/SOURCES.txt'
[0.824s] [100%] Built target ament_cmake_python_build_angle_interface_egg
[0.835s] Invoked command in '/home/dylan/ros_programs/ex2_ws/build/angle_interface' returned '0': CMAKE_PREFIX_PATH=/opt/ros/humble /usr/bin/cmake --build /home/dylan/ros_programs/ex2_ws/build/angle_interface -- -j16 -l16
[0.842s] Invoking command in '/home/dylan/ros_programs/ex2_ws/build/angle_interface': CMAKE_PREFIX_PATH=/opt/ros/humble /usr/bin/cmake --install /home/dylan/ros_programs/ex2_ws/build/angle_interface
[0.847s] -- Install configuration: ""
[0.847s] -- Up-to-date: /home/dylan/ros_programs/ex2_ws/install/angle_interface/share/ament_index/resource_index/rosidl_interfaces/angle_interface
[0.848s] -- Up-to-date: /home/dylan/ros_programs/ex2_ws/install/angle_interface/include/angle_interface/angle_interface
[0.848s] -- Up-to-date: /home/dylan/ros_programs/ex2_ws/install/angle_interface/include/angle_interface/angle_interface/msg
[0.848s] -- Up-to-date: /home/dylan/ros_programs/ex2_ws/install/angle_interface/include/angle_interface/angle_interface/msg/rosidl_generator_c__visibility_control.h
[0.848s] -- Up-to-date: /home/dylan/ros_programs/ex2_ws/install/angle_interface/include/angle_interface/angle_interface/srv
[0.848s] -- Up-to-date: /home/dylan/ros_programs/ex2_ws/install/angle_interface/include/angle_interface/angle_interface/srv/detail
[0.848s] -- Up-to-date: /home/dylan/ros_programs/ex2_ws/install/angle_interface/include/angle_interface/angle_interface/srv/detail/data__type_support.h
[0.848s] -- Up-to-date: /home/dylan/ros_programs/ex2_ws/install/angle_interface/include/angle_interface/angle_interface/srv/detail/data__functions.h
[0.848s] -- Up-to-date: /home/dylan/ros_programs/ex2_ws/install/angle_interface/include/angle_interface/angle_interface/srv/detail/data__struct.h
[0.848s] -- Up-to-date: /home/dylan/ros_programs/ex2_ws/install/angle_interface/include/angle_interface/angle_interface/srv/detail/data__functions.c
[0.848s] -- Up-to-date: /home/dylan/ros_programs/ex2_ws/install/angle_interface/include/angle_interface/angle_interface/srv/data.h
[0.848s] -- Up-to-date: /home/dylan/ros_programs/ex2_ws/install/angle_interface/share/angle_interface/environment/library_path.sh
[0.848s] -- Installing: /home/dylan/ros_programs/ex2_ws/install/angle_interface/share/angle_interface/environment/library_path.dsv
[0.848s] -- Up-to-date: /home/dylan/ros_programs/ex2_ws/install/angle_interface/lib/libangle_interface__rosidl_generator_c.so
[0.848s] -- Up-to-date: /home/dylan/ros_programs/ex2_ws/install/angle_interface/include/angle_interface/angle_interface
[0.848s] -- Up-to-date: /home/dylan/ros_programs/ex2_ws/install/angle_interface/include/angle_interface/angle_interface/msg
[0.848s] -- Up-to-date: /home/dylan/ros_programs/ex2_ws/install/angle_interface/include/angle_interface/angle_interface/msg/rosidl_typesupport_fastrtps_c__visibility_control.h
[0.848s] -- Up-to-date: /home/dylan/ros_programs/ex2_ws/install/angle_interface/include/angle_interface/angle_interface/srv
[0.848s] -- Up-to-date: /home/dylan/ros_programs/ex2_ws/install/angle_interface/include/angle_interface/angle_interface/srv/detail
[0.848s] -- Up-to-date: /home/dylan/ros_programs/ex2_ws/install/angle_interface/include/angle_interface/angle_interface/srv/detail/data__rosidl_typesupport_fastrtps_c.h
[0.848s] -- Up-to-date: /home/dylan/ros_programs/ex2_ws/install/angle_interface/lib/libangle_interface__rosidl_typesupport_fastrtps_c.so
[0.848s] -- Up-to-date: /home/dylan/ros_programs/ex2_ws/install/angle_interface/include/angle_interface/angle_interface
[0.848s] -- Up-to-date: /home/dylan/ros_programs/ex2_ws/install/angle_interface/include/angle_interface/angle_interface/msg
[0.848s] -- Up-to-date: /home/dylan/ros_programs/ex2_ws/install/angle_interface/include/angle_interface/angle_interface/msg/rosidl_typesupport_introspection_c__visibility_control.h
[0.848s] -- Up-to-date: /home/dylan/ros_programs/ex2_ws/install/angle_interface/include/angle_interface/angle_interface/srv
[0.848s] -- Up-to-date: /home/dylan/ros_programs/ex2_ws/install/angle_interface/include/angle_interface/angle_interface/srv/detail
[0.848s] -- Up-to-date: /home/dylan/ros_programs/ex2_ws/install/angle_interface/include/angle_interface/angle_interface/srv/detail/data__rosidl_typesupport_introspection_c.h
[0.848s] -- Up-to-date: /home/dylan/ros_programs/ex2_ws/install/angle_interface/include/angle_interface/angle_interface/srv/detail/data__type_support.c
[0.848s] -- Up-to-date: /home/dylan/ros_programs/ex2_ws/install/angle_interface/lib/libangle_interface__rosidl_typesupport_introspection_c.so
[0.848s] -- Up-to-date: /home/dylan/ros_programs/ex2_ws/install/angle_interface/lib/libangle_interface__rosidl_typesupport_c.so
[0.848s] -- Up-to-date: /home/dylan/ros_programs/ex2_ws/install/angle_interface/include/angle_interface/angle_interface
[0.849s] -- Up-to-date: /home/dylan/ros_programs/ex2_ws/install/angle_interface/include/angle_interface/angle_interface/msg
[0.849s] -- Up-to-date: /home/dylan/ros_programs/ex2_ws/install/angle_interface/include/angle_interface/angle_interface/msg/rosidl_generator_cpp__visibility_control.hpp
[0.849s] -- Up-to-date: /home/dylan/ros_programs/ex2_ws/install/angle_interface/include/angle_interface/angle_interface/srv
[0.849s] -- Up-to-date: /home/dylan/ros_programs/ex2_ws/install/angle_interface/include/angle_interface/angle_interface/srv/detail
[0.849s] -- Up-to-date: /home/dylan/ros_programs/ex2_ws/install/angle_interface/include/angle_interface/angle_interface/srv/detail/data__struct.hpp
[0.849s] -- Up-to-date: /home/dylan/ros_programs/ex2_ws/install/angle_interface/include/angle_interface/angle_interface/srv/detail/data__traits.hpp
[0.849s] -- Up-to-date: /home/dylan/ros_programs/ex2_ws/install/angle_interface/include/angle_interface/angle_interface/srv/detail/data__builder.hpp
[0.849s] -- Up-to-date: /home/dylan/ros_programs/ex2_ws/install/angle_interface/include/angle_interface/angle_interface/srv/detail/data__type_support.hpp
[0.849s] -- Up-to-date: /home/dylan/ros_programs/ex2_ws/install/angle_interface/include/angle_interface/angle_interface/srv/data.hpp
[0.849s] -- Up-to-date: /home/dylan/ros_programs/ex2_ws/install/angle_interface/include/angle_interface/angle_interface
[0.849s] -- Up-to-date: /home/dylan/ros_programs/ex2_ws/install/angle_interface/include/angle_interface/angle_interface/msg
[0.849s] -- Up-to-date: /home/dylan/ros_programs/ex2_ws/install/angle_interface/include/angle_interface/angle_interface/msg/rosidl_typesupport_fastrtps_cpp__visibility_control.h
[0.849s] -- Up-to-date: /home/dylan/ros_programs/ex2_ws/install/angle_interface/include/angle_interface/angle_interface/srv
[0.849s] -- Up-to-date: /home/dylan/ros_programs/ex2_ws/install/angle_interface/include/angle_interface/angle_interface/srv/detail
[0.849s] -- Up-to-date: /home/dylan/ros_programs/ex2_ws/install/angle_interface/include/angle_interface/angle_interface/srv/detail/dds_fastrtps
[0.849s] -- Up-to-date: /home/dylan/ros_programs/ex2_ws/install/angle_interface/include/angle_interface/angle_interface/srv/detail/data__rosidl_typesupport_fastrtps_cpp.hpp
[0.849s] -- Up-to-date: /home/dylan/ros_programs/ex2_ws/install/angle_interface/lib/libangle_interface__rosidl_typesupport_fastrtps_cpp.so
[0.849s] -- Up-to-date: /home/dylan/ros_programs/ex2_ws/install/angle_interface/include/angle_interface/angle_interface
[0.849s] -- Up-to-date: /home/dylan/ros_programs/ex2_ws/install/angle_interface/include/angle_interface/angle_interface/srv
[0.850s] -- Up-to-date: /home/dylan/ros_programs/ex2_ws/install/angle_interface/include/angle_interface/angle_interface/srv/detail
[0.850s] -- Up-to-date: /home/dylan/ros_programs/ex2_ws/install/angle_interface/include/angle_interface/angle_interface/srv/detail/data__rosidl_typesupport_introspection_cpp.hpp
[0.850s] -- Up-to-date: /home/dylan/ros_programs/ex2_ws/install/angle_interface/include/angle_interface/angle_interface/srv/detail/data__type_support.cpp
[0.850s] -- Up-to-date: /home/dylan/ros_programs/ex2_ws/install/angle_interface/lib/libangle_interface__rosidl_typesupport_introspection_cpp.so
[0.850s] -- Up-to-date: /home/dylan/ros_programs/ex2_ws/install/angle_interface/lib/libangle_interface__rosidl_typesupport_cpp.so
[0.850s] -- Up-to-date: /home/dylan/ros_programs/ex2_ws/install/angle_interface/share/angle_interface/environment/pythonpath.sh
[0.850s] -- Installing: /home/dylan/ros_programs/ex2_ws/install/angle_interface/share/angle_interface/environment/pythonpath.dsv
[0.850s] -- Up-to-date: /home/dylan/ros_programs/ex2_ws/install/angle_interface/local/lib/python3.10/dist-packages/angle_interface-0.0.0-py3.10.egg-info
[0.850s] -- Installing: /home/dylan/ros_programs/ex2_ws/install/angle_interface/local/lib/python3.10/dist-packages/angle_interface-0.0.0-py3.10.egg-info/PKG-INFO
[0.850s] -- Installing: /home/dylan/ros_programs/ex2_ws/install/angle_interface/local/lib/python3.10/dist-packages/angle_interface-0.0.0-py3.10.egg-info/top_level.txt
[0.850s] -- Installing: /home/dylan/ros_programs/ex2_ws/install/angle_interface/local/lib/python3.10/dist-packages/angle_interface-0.0.0-py3.10.egg-info/dependency_links.txt
[0.850s] -- Installing: /home/dylan/ros_programs/ex2_ws/install/angle_interface/local/lib/python3.10/dist-packages/angle_interface-0.0.0-py3.10.egg-info/SOURCES.txt
[0.850s] -- Up-to-date: /home/dylan/ros_programs/ex2_ws/install/angle_interface/local/lib/python3.10/dist-packages/angle_interface
[0.850s] -- Installing: /home/dylan/ros_programs/ex2_ws/install/angle_interface/local/lib/python3.10/dist-packages/angle_interface/__init__.py
[0.850s] -- Up-to-date: /home/dylan/ros_programs/ex2_ws/install/angle_interface/local/lib/python3.10/dist-packages/angle_interface/_angle_interface_s.ep.rosidl_typesupport_fastrtps_c.c
[0.850s] -- Up-to-date: /home/dylan/ros_programs/ex2_ws/install/angle_interface/local/lib/python3.10/dist-packages/angle_interface/angle_interface_s__rosidl_typesupport_fastrtps_c.cpython-310-x86_64-linux-gnu.so
[0.851s] -- Up-to-date: /home/dylan/ros_programs/ex2_ws/install/angle_interface/local/lib/python3.10/dist-packages/angle_interface/_angle_interface_s.ep.rosidl_typesupport_introspection_c.c
[0.851s] -- Up-to-date: /home/dylan/ros_programs/ex2_ws/install/angle_interface/local/lib/python3.10/dist-packages/angle_interface/angle_interface_s__rosidl_typesupport_c.cpython-310-x86_64-linux-gnu.so
[0.851s] -- Up-to-date: /home/dylan/ros_programs/ex2_ws/install/angle_interface/local/lib/python3.10/dist-packages/angle_interface/angle_interface_s__rosidl_typesupport_introspection_c.cpython-310-x86_64-linux-gnu.so
[0.851s] -- Up-to-date: /home/dylan/ros_programs/ex2_ws/install/angle_interface/local/lib/python3.10/dist-packages/angle_interface/libangle_interface__rosidl_generator_py.so
[0.851s] -- Up-to-date: /home/dylan/ros_programs/ex2_ws/install/angle_interface/local/lib/python3.10/dist-packages/angle_interface/srv
[0.851s] -- Up-to-date: /home/dylan/ros_programs/ex2_ws/install/angle_interface/local/lib/python3.10/dist-packages/angle_interface/srv/__init__.py
[0.851s] -- Up-to-date: /home/dylan/ros_programs/ex2_ws/install/angle_interface/local/lib/python3.10/dist-packages/angle_interface/srv/_data_s.c
[0.851s] -- Up-to-date: /home/dylan/ros_programs/ex2_ws/install/angle_interface/local/lib/python3.10/dist-packages/angle_interface/srv/_data.py
[0.851s] -- Up-to-date: /home/dylan/ros_programs/ex2_ws/install/angle_interface/local/lib/python3.10/dist-packages/angle_interface/_angle_interface_s.ep.rosidl_typesupport_c.c
[0.872s] Listing '/home/dylan/ros_programs/ex2_ws/install/angle_interface/local/lib/python3.10/dist-packages/angle_interface'...
[0.872s] Compiling '/home/dylan/ros_programs/ex2_ws/install/angle_interface/local/lib/python3.10/dist-packages/angle_interface/__init__.py'...
[0.872s] Listing '/home/dylan/ros_programs/ex2_ws/install/angle_interface/local/lib/python3.10/dist-packages/angle_interface/srv'...
[0.875s] -- Up-to-date: /home/dylan/ros_programs/ex2_ws/install/angle_interface/local/lib/python3.10/dist-packages/angle_interface/angle_interface_s__rosidl_typesupport_fastrtps_c.cpython-310-x86_64-linux-gnu.so
[0.875s] -- Up-to-date: /home/dylan/ros_programs/ex2_ws/install/angle_interface/local/lib/python3.10/dist-packages/angle_interface/angle_interface_s__rosidl_typesupport_introspection_c.cpython-310-x86_64-linux-gnu.so
[0.875s] -- Up-to-date: /home/dylan/ros_programs/ex2_ws/install/angle_interface/local/lib/python3.10/dist-packages/angle_interface/angle_interface_s__rosidl_typesupport_c.cpython-310-x86_64-linux-gnu.so
[0.875s] -- Up-to-date: /home/dylan/ros_programs/ex2_ws/install/angle_interface/lib/libangle_interface__rosidl_generator_py.so
[0.875s] -- Up-to-date: /home/dylan/ros_programs/ex2_ws/install/angle_interface/share/angle_interface/srv/Data.idl
[0.875s] -- Installing: /home/dylan/ros_programs/ex2_ws/install/angle_interface/share/angle_interface/srv/Data.srv
[0.875s] -- Up-to-date: /home/dylan/ros_programs/ex2_ws/install/angle_interface/share/angle_interface/srv/Data_Request.msg
[0.875s] -- Up-to-date: /home/dylan/ros_programs/ex2_ws/install/angle_interface/share/angle_interface/srv/Data_Response.msg
[0.875s] -- Up-to-date: /home/dylan/ros_programs/ex2_ws/install/angle_interface/share/ament_index/resource_index/package_run_dependencies/angle_interface
[0.875s] -- Up-to-date: /home/dylan/ros_programs/ex2_ws/install/angle_interface/share/ament_index/resource_index/parent_prefix_path/angle_interface
[0.875s] -- Up-to-date: /home/dylan/ros_programs/ex2_ws/install/angle_interface/share/angle_interface/environment/ament_prefix_path.sh
[0.875s] -- Installing: /home/dylan/ros_programs/ex2_ws/install/angle_interface/share/angle_interface/environment/ament_prefix_path.dsv
[0.876s] -- Up-to-date: /home/dylan/ros_programs/ex2_ws/install/angle_interface/share/angle_interface/environment/path.sh
[0.876s] -- Installing: /home/dylan/ros_programs/ex2_ws/install/angle_interface/share/angle_interface/environment/path.dsv
[0.876s] -- Up-to-date: /home/dylan/ros_programs/ex2_ws/install/angle_interface/share/angle_interface/local_setup.bash
[0.876s] -- Up-to-date: /home/dylan/ros_programs/ex2_ws/install/angle_interface/share/angle_interface/local_setup.sh
[0.876s] -- Up-to-date: /home/dylan/ros_programs/ex2_ws/install/angle_interface/share/angle_interface/local_setup.zsh
[0.876s] -- Installing: /home/dylan/ros_programs/ex2_ws/install/angle_interface/share/angle_interface/local_setup.dsv
[0.876s] -- Installing: /home/dylan/ros_programs/ex2_ws/install/angle_interface/share/angle_interface/package.dsv
[0.876s] -- Up-to-date: /home/dylan/ros_programs/ex2_ws/install/angle_interface/share/ament_index/resource_index/packages/angle_interface
[0.876s] -- Up-to-date: /home/dylan/ros_programs/ex2_ws/install/angle_interface/share/angle_interface/cmake/export_angle_interface__rosidl_generator_cExport.cmake
[0.876s] -- Up-to-date: /home/dylan/ros_programs/ex2_ws/install/angle_interface/share/angle_interface/cmake/export_angle_interface__rosidl_generator_cExport-noconfig.cmake
[0.876s] -- Up-to-date: /home/dylan/ros_programs/ex2_ws/install/angle_interface/share/angle_interface/cmake/export_angle_interface__rosidl_typesupport_fastrtps_cExport.cmake
[0.876s] -- Up-to-date: /home/dylan/ros_programs/ex2_ws/install/angle_interface/share/angle_interface/cmake/export_angle_interface__rosidl_typesupport_fastrtps_cExport-noconfig.cmake
[0.877s] -- Up-to-date: /home/dylan/ros_programs/ex2_ws/install/angle_interface/share/angle_interface/cmake/angle_interface__rosidl_typesupport_introspection_cExport.cmake
[0.877s] -- Up-to-date: /home/dylan/ros_programs/ex2_ws/install/angle_interface/share/angle_interface/cmake/angle_interface__rosidl_typesupport_introspection_cExport-noconfig.cmake
[0.877s] -- Up-to-date: /home/dylan/ros_programs/ex2_ws/install/angle_interface/share/angle_interface/cmake/angle_interface__rosidl_typesupport_cExport.cmake
[0.877s] -- Up-to-date: /home/dylan/ros_programs/ex2_ws/install/angle_interface/share/angle_interface/cmake/angle_interface__rosidl_typesupport_cExport-noconfig.cmake
[0.877s] -- Up-to-date: /home/dylan/ros_programs/ex2_ws/install/angle_interface/share/angle_interface/cmake/export_angle_interface__rosidl_generator_cppExport.cmake
[0.877s] -- Up-to-date: /home/dylan/ros_programs/ex2_ws/install/angle_interface/share/angle_interface/cmake/export_angle_interface__rosidl_typesupport_fastrtps_cppExport.cmake
[0.877s] -- Up-to-date: /home/dylan/ros_programs/ex2_ws/install/angle_interface/share/angle_interface/cmake/export_angle_interface__rosidl_typesupport_fastrtps_cppExport-noconfig.cmake
[0.877s] -- Up-to-date: /home/dylan/ros_programs/ex2_ws/install/angle_interface/share/angle_interface/cmake/angle_interface__rosidl_typesupport_introspection_cppExport.cmake
[0.878s] -- Up-to-date: /home/dylan/ros_programs/ex2_ws/install/angle_interface/share/angle_interface/cmake/angle_interface__rosidl_typesupport_introspection_cppExport-noconfig.cmake
[0.878s] -- Up-to-date: /home/dylan/ros_programs/ex2_ws/install/angle_interface/share/angle_interface/cmake/angle_interface__rosidl_typesupport_cppExport.cmake
[0.878s] -- Up-to-date: /home/dylan/ros_programs/ex2_ws/install/angle_interface/share/angle_interface/cmake/angle_interface__rosidl_typesupport_cppExport-noconfig.cmake
[0.878s] -- Up-to-date: /home/dylan/ros_programs/ex2_ws/install/angle_interface/share/angle_interface/cmake/export_angle_interface__rosidl_generator_pyExport.cmake
[0.878s] -- Up-to-date: /home/dylan/ros_programs/ex2_ws/install/angle_interface/share/angle_interface/cmake/export_angle_interface__rosidl_generator_pyExport-noconfig.cmake
[0.878s] -- Up-to-date: /home/dylan/ros_programs/ex2_ws/install/angle_interface/share/angle_interface/cmake/rosidl_cmake-extras.cmake
[0.878s] -- Up-to-date: /home/dylan/ros_programs/ex2_ws/install/angle_interface/share/angle_interface/cmake/ament_cmake_export_include_directories-extras.cmake
[0.879s] -- Up-to-date: /home/dylan/ros_programs/ex2_ws/install/angle_interface/share/angle_interface/cmake/ament_cmake_export_libraries-extras.cmake
[0.879s] -- Up-to-date: /home/dylan/ros_programs/ex2_ws/install/angle_interface/share/angle_interface/cmake/ament_cmake_export_targets-extras.cmake
[0.879s] -- Up-to-date: /home/dylan/ros_programs/ex2_ws/install/angle_interface/share/angle_interface/cmake/rosidl_cmake_export_typesupport_targets-extras.cmake
[0.879s] -- Up-to-date: /home/dylan/ros_programs/ex2_ws/install/angle_interface/share/angle_interface/cmake/ament_cmake_export_dependencies-extras.cmake
[0.879s] -- Up-to-date: /home/dylan/ros_programs/ex2_ws/install/angle_interface/share/angle_interface/cmake/rosidl_cmake_export_typesupport_libraries-extras.cmake
[0.879s] -- Up-to-date: /home/dylan/ros_programs/ex2_ws/install/angle_interface/share/angle_interface/cmake/angle_interfaceConfig.cmake
[0.879s] -- Up-to-date: /home/dylan/ros_programs/ex2_ws/install/angle_interface/share/angle_interface/cmake/angle_interfaceConfig-version.cmake
[0.880s] -- Installing: /home/dylan/ros_programs/ex2_ws/install/angle_interface/share/angle_interface/package.xml
[0.880s] Invoked command in '/home/dylan/ros_programs/ex2_ws/build/angle_interface' returned '0': CMAKE_PREFIX_PATH=/opt/ros/humble /usr/bin/cmake --install /home/dylan/ros_programs/ex2_ws/build/angle_interface
