[0.056s] DEBUG:colcon:Command line arguments: ['/usr/bin/colcon', 'build']
[0.056s] DEBUG:colcon:Parsed command line arguments: Namespace(log_base=None, log_level=None, verb_name='build', build_base='build', install_base='install', merge_install=False, symlink_install=False, test_result_base=None, continue_on_error=False, executor='parallel', parallel_workers=16, event_handlers=None, ignore_user_meta=False, metas=['./colcon.meta'], base_paths=['.'], packages_ignore=None, packages_ignore_regex=None, paths=None, packages_up_to=None, packages_up_to_regex=None, packages_above=None, packages_above_and_dependencies=None, packages_above_depth=None, packages_select_by_dep=None, packages_skip_by_dep=None, packages_skip_up_to=None, packages_select_build_failed=False, packages_skip_build_finished=False, packages_select_test_failures=False, packages_skip_test_passed=False, packages_select=None, packages_skip=None, packages_select_regex=None, packages_skip_regex=None, packages_start=None, packages_end=None, allow_overriding=[], cmake_args=None, cmake_target=None, cmake_target_skip_unavailable=False, cmake_clean_cache=False, cmake_clean_first=False, cmake_force_configure=False, ament_cmake_args=None, catkin_cmake_args=None, catkin_skip_building_tests=False, mixin_files=None, mixin=None, verb_parser=<colcon_mixin.mixin.mixin_argument.MixinArgumentDecorator object at 0x7e25185558d0>, verb_extension=<colcon_core.verb.build.BuildVerb object at 0x7e2518554b20>, main=<bound method BuildVerb.main of <colcon_core.verb.build.BuildVerb object at 0x7e2518554b20>>, mixin_verb=('build',))
[0.137s] Level 1:colcon.colcon_core.package_discovery:discover_packages(colcon_meta) check parameters
[0.137s] Level 1:colcon.colcon_core.package_discovery:discover_packages(recursive) check parameters
[0.137s] Level 1:colcon.colcon_core.package_discovery:discover_packages(ignore) check parameters
[0.137s] Level 1:colcon.colcon_core.package_discovery:discover_packages(path) check parameters
[0.137s] Level 1:colcon.colcon_core.package_discovery:discover_packages(colcon_meta) discover
[0.137s] Level 1:colcon.colcon_core.package_discovery:discover_packages(recursive) discover
[0.137s] INFO:colcon.colcon_core.package_discovery:Crawling recursively for packages in '/home/dylan/ros_programs/ex2_ws'
[0.137s] Level 1:colcon.colcon_core.package_identification:_identify(.) by extensions ['ignore', 'ignore_ament_install']
[0.137s] Level 1:colcon.colcon_core.package_identification:_identify(.) by extension 'ignore'
[0.137s] Level 1:colcon.colcon_core.package_identification:_identify(.) by extension 'ignore_ament_install'
[0.137s] Level 1:colcon.colcon_core.package_identification:_identify(.) by extensions ['colcon_pkg']
[0.137s] Level 1:colcon.colcon_core.package_identification:_identify(.) by extension 'colcon_pkg'
[0.137s] Level 1:colcon.colcon_core.package_identification:_identify(.) by extensions ['colcon_meta']
[0.137s] Level 1:colcon.colcon_core.package_identification:_identify(.) by extension 'colcon_meta'
[0.137s] Level 1:colcon.colcon_core.package_identification:_identify(.) by extensions ['ros']
[0.137s] Level 1:colcon.colcon_core.package_identification:_identify(.) by extension 'ros'
[0.144s] Level 1:colcon.colcon_core.package_identification:_identify(.) by extensions ['cmake', 'python']
[0.144s] Level 1:colcon.colcon_core.package_identification:_identify(.) by extension 'cmake'
[0.144s] Level 1:colcon.colcon_core.package_identification:_identify(.) by extension 'python'
[0.144s] Level 1:colcon.colcon_core.package_identification:_identify(.) by extensions ['python_setup_py']
[0.144s] Level 1:colcon.colcon_core.package_identification:_identify(.) by extension 'python_setup_py'
[0.144s] Level 1:colcon.colcon_core.package_identification:_identify(build) by extensions ['ignore', 'ignore_ament_install']
[0.144s] Level 1:colcon.colcon_core.package_identification:_identify(build) by extension 'ignore'
[0.144s] Level 1:colcon.colcon_core.package_identification:_identify(build) ignored
[0.144s] Level 1:colcon.colcon_core.package_identification:_identify(install) by extensions ['ignore', 'ignore_ament_install']
[0.144s] Level 1:colcon.colcon_core.package_identification:_identify(install) by extension 'ignore'
[0.144s] Level 1:colcon.colcon_core.package_identification:_identify(install) ignored
[0.144s] Level 1:colcon.colcon_core.package_identification:_identify(log) by extensions ['ignore', 'ignore_ament_install']
[0.144s] Level 1:colcon.colcon_core.package_identification:_identify(log) by extension 'ignore'
[0.144s] Level 1:colcon.colcon_core.package_identification:_identify(log) ignored
[0.144s] Level 1:colcon.colcon_core.package_identification:_identify(src) by extensions ['ignore', 'ignore_ament_install']
[0.144s] Level 1:colcon.colcon_core.package_identification:_identify(src) by extension 'ignore'
[0.144s] Level 1:colcon.colcon_core.package_identification:_identify(src) by extension 'ignore_ament_install'
[0.144s] Level 1:colcon.colcon_core.package_identification:_identify(src) by extensions ['colcon_pkg']
[0.144s] Level 1:colcon.colcon_core.package_identification:_identify(src) by extension 'colcon_pkg'
[0.144s] Level 1:colcon.colcon_core.package_identification:_identify(src) by extensions ['colcon_meta']
[0.144s] Level 1:colcon.colcon_core.package_identification:_identify(src) by extension 'colcon_meta'
[0.145s] Level 1:colcon.colcon_core.package_identification:_identify(src) by extensions ['ros']
[0.145s] Level 1:colcon.colcon_core.package_identification:_identify(src) by extension 'ros'
[0.145s] Level 1:colcon.colcon_core.package_identification:_identify(src) by extensions ['cmake', 'python']
[0.145s] Level 1:colcon.colcon_core.package_identification:_identify(src) by extension 'cmake'
[0.145s] Level 1:colcon.colcon_core.package_identification:_identify(src) by extension 'python'
[0.145s] Level 1:colcon.colcon_core.package_identification:_identify(src) by extensions ['python_setup_py']
[0.145s] Level 1:colcon.colcon_core.package_identification:_identify(src) by extension 'python_setup_py'
[0.145s] Level 1:colcon.colcon_core.package_identification:_identify(src/angle_interface) by extensions ['ignore', 'ignore_ament_install']
[0.145s] Level 1:colcon.colcon_core.package_identification:_identify(src/angle_interface) by extension 'ignore'
[0.145s] Level 1:colcon.colcon_core.package_identification:_identify(src/angle_interface) by extension 'ignore_ament_install'
[0.145s] Level 1:colcon.colcon_core.package_identification:_identify(src/angle_interface) by extensions ['colcon_pkg']
[0.145s] Level 1:colcon.colcon_core.package_identification:_identify(src/angle_interface) by extension 'colcon_pkg'
[0.145s] Level 1:colcon.colcon_core.package_identification:_identify(src/angle_interface) by extensions ['colcon_meta']
[0.145s] Level 1:colcon.colcon_core.package_identification:_identify(src/angle_interface) by extension 'colcon_meta'
[0.145s] Level 1:colcon.colcon_core.package_identification:_identify(src/angle_interface) by extensions ['ros']
[0.145s] Level 1:colcon.colcon_core.package_identification:_identify(src/angle_interface) by extension 'ros'
[0.146s] DEBUG:colcon.colcon_core.package_identification:Package 'src/angle_interface' with type 'ros.ament_cmake' and name 'angle_interface'
[0.146s] Level 1:colcon.colcon_core.package_identification:_identify(src/build) by extensions ['ignore', 'ignore_ament_install']
[0.146s] Level 1:colcon.colcon_core.package_identification:_identify(src/build) by extension 'ignore'
[0.146s] Level 1:colcon.colcon_core.package_identification:_identify(src/build) ignored
[0.146s] Level 1:colcon.colcon_core.package_identification:_identify(src/doggy) by extensions ['ignore', 'ignore_ament_install']
[0.146s] Level 1:colcon.colcon_core.package_identification:_identify(src/doggy) by extension 'ignore'
[0.146s] Level 1:colcon.colcon_core.package_identification:_identify(src/doggy) by extension 'ignore_ament_install'
[0.147s] Level 1:colcon.colcon_core.package_identification:_identify(src/doggy) by extensions ['colcon_pkg']
[0.147s] Level 1:colcon.colcon_core.package_identification:_identify(src/doggy) by extension 'colcon_pkg'
[0.147s] Level 1:colcon.colcon_core.package_identification:_identify(src/doggy) by extensions ['colcon_meta']
[0.147s] Level 1:colcon.colcon_core.package_identification:_identify(src/doggy) by extension 'colcon_meta'
[0.147s] Level 1:colcon.colcon_core.package_identification:_identify(src/doggy) by extensions ['ros']
[0.147s] Level 1:colcon.colcon_core.package_identification:_identify(src/doggy) by extension 'ros'
[0.147s] DEBUG:colcon.colcon_core.package_identification:Package 'src/doggy' with type 'ros.ament_python' and name 'doggy'
[0.147s] Level 1:colcon.colcon_core.package_identification:_identify(src/install) by extensions ['ignore', 'ignore_ament_install']
[0.147s] Level 1:colcon.colcon_core.package_identification:_identify(src/install) by extension 'ignore'
[0.147s] Level 1:colcon.colcon_core.package_identification:_identify(src/install) ignored
[0.147s] Level 1:colcon.colcon_core.package_identification:_identify(src/log) by extensions ['ignore', 'ignore_ament_install']
[0.147s] Level 1:colcon.colcon_core.package_identification:_identify(src/log) by extension 'ignore'
[0.147s] Level 1:colcon.colcon_core.package_identification:_identify(src/log) ignored
[0.147s] Level 1:colcon.colcon_core.package_discovery:discover_packages(recursive) using defaults
[0.147s] Level 1:colcon.colcon_core.package_discovery:discover_packages(ignore) discover
[0.147s] Level 1:colcon.colcon_core.package_discovery:discover_packages(ignore) using defaults
[0.147s] Level 1:colcon.colcon_core.package_discovery:discover_packages(path) discover
[0.147s] Level 1:colcon.colcon_core.package_discovery:discover_packages(path) using defaults
[0.164s] Level 1:colcon.colcon_core.package_discovery:discover_packages(prefix_path) check parameters
[0.164s] Level 1:colcon.colcon_core.package_discovery:discover_packages(prefix_path) discover
[0.165s] DEBUG:colcon.colcon_installed_package_information.package_discovery:Found 2 installed packages in /home/dylan/ros_programs/ex2_ws/install
[0.165s] DEBUG:colcon.colcon_installed_package_information.package_discovery:Found 271 installed packages in /opt/ros/humble
[0.166s] Level 1:colcon.colcon_core.package_discovery:discover_packages(prefix_path) using defaults
[0.184s] Level 5:colcon.colcon_core.verb:set package 'angle_interface' build argument 'cmake_args' from command line to 'None'
[0.184s] Level 5:colcon.colcon_core.verb:set package 'angle_interface' build argument 'cmake_target' from command line to 'None'
[0.185s] Level 5:colcon.colcon_core.verb:set package 'angle_interface' build argument 'cmake_target_skip_unavailable' from command line to 'False'
[0.185s] Level 5:colcon.colcon_core.verb:set package 'angle_interface' build argument 'cmake_clean_cache' from command line to 'False'
[0.185s] Level 5:colcon.colcon_core.verb:set package 'angle_interface' build argument 'cmake_clean_first' from command line to 'False'
[0.185s] Level 5:colcon.colcon_core.verb:set package 'angle_interface' build argument 'cmake_force_configure' from command line to 'False'
[0.185s] Level 5:colcon.colcon_core.verb:set package 'angle_interface' build argument 'ament_cmake_args' from command line to 'None'
[0.185s] Level 5:colcon.colcon_core.verb:set package 'angle_interface' build argument 'catkin_cmake_args' from command line to 'None'
[0.185s] Level 5:colcon.colcon_core.verb:set package 'angle_interface' build argument 'catkin_skip_building_tests' from command line to 'False'
[0.185s] DEBUG:colcon.colcon_core.verb:Building package 'angle_interface' with the following arguments: {'ament_cmake_args': None, 'build_base': '/home/dylan/ros_programs/ex2_ws/build/angle_interface', 'catkin_cmake_args': None, 'catkin_skip_building_tests': False, 'cmake_args': None, 'cmake_clean_cache': False, 'cmake_clean_first': False, 'cmake_force_configure': False, 'cmake_target': None, 'cmake_target_skip_unavailable': False, 'install_base': '/home/dylan/ros_programs/ex2_ws/install/angle_interface', 'merge_install': False, 'path': '/home/dylan/ros_programs/ex2_ws/src/angle_interface', 'symlink_install': False, 'test_result_base': None}
[0.185s] Level 5:colcon.colcon_core.verb:set package 'doggy' build argument 'cmake_args' from command line to 'None'
[0.185s] Level 5:colcon.colcon_core.verb:set package 'doggy' build argument 'cmake_target' from command line to 'None'
[0.185s] Level 5:colcon.colcon_core.verb:set package 'doggy' build argument 'cmake_target_skip_unavailable' from command line to 'False'
[0.185s] Level 5:colcon.colcon_core.verb:set package 'doggy' build argument 'cmake_clean_cache' from command line to 'False'
[0.185s] Level 5:colcon.colcon_core.verb:set package 'doggy' build argument 'cmake_clean_first' from command line to 'False'
[0.185s] Level 5:colcon.colcon_core.verb:set package 'doggy' build argument 'cmake_force_configure' from command line to 'False'
[0.185s] Level 5:colcon.colcon_core.verb:set package 'doggy' build argument 'ament_cmake_args' from command line to 'None'
[0.185s] Level 5:colcon.colcon_core.verb:set package 'doggy' build argument 'catkin_cmake_args' from command line to 'None'
[0.185s] Level 5:colcon.colcon_core.verb:set package 'doggy' build argument 'catkin_skip_building_tests' from command line to 'False'
[0.185s] DEBUG:colcon.colcon_core.verb:Building package 'doggy' with the following arguments: {'ament_cmake_args': None, 'build_base': '/home/dylan/ros_programs/ex2_ws/build/doggy', 'catkin_cmake_args': None, 'catkin_skip_building_tests': False, 'cmake_args': None, 'cmake_clean_cache': False, 'cmake_clean_first': False, 'cmake_force_configure': False, 'cmake_target': None, 'cmake_target_skip_unavailable': False, 'install_base': '/home/dylan/ros_programs/ex2_ws/install/doggy', 'merge_install': False, 'path': '/home/dylan/ros_programs/ex2_ws/src/doggy', 'symlink_install': False, 'test_result_base': None}
[0.185s] INFO:colcon.colcon_core.executor:Executing jobs using 'parallel' executor
[0.186s] DEBUG:colcon.colcon_parallel_executor.executor.parallel:run_until_complete
[0.186s] INFO:colcon.colcon_ros.task.ament_cmake.build:Building ROS package in '/home/dylan/ros_programs/ex2_ws/src/angle_interface' with build type 'ament_cmake'
[0.186s] INFO:colcon.colcon_cmake.task.cmake.build:Building CMake package in '/home/dylan/ros_programs/ex2_ws/src/angle_interface'
[0.187s] INFO:colcon.colcon_core.plugin_system:Skipping extension 'colcon_core.shell.bat': Not used on non-Windows systems
[0.187s] INFO:colcon.colcon_core.shell:Skip shell extension 'powershell' for command environment: Not usable outside of PowerShell
[0.187s] DEBUG:colcon.colcon_core.shell:Skip shell extension 'dsv' for command environment
[0.195s] DEBUG:colcon.colcon_core.event_handler.log_command:Invoking command in '/home/dylan/ros_programs/ex2_ws/build/angle_interface': CMAKE_PREFIX_PATH=${CMAKE_PREFIX_PATH}:/home/dylan/ros_programs/ex2_ws/install/doggy:/opt/ros/humble /usr/bin/cmake --build /home/dylan/ros_programs/ex2_ws/build/angle_interface -- -j16 -l16
[0.401s] DEBUG:colcon.colcon_core.event_handler.log_command:Invoked command in '/home/dylan/ros_programs/ex2_ws/build/angle_interface' returned '0': CMAKE_PREFIX_PATH=${CMAKE_PREFIX_PATH}:/home/dylan/ros_programs/ex2_ws/install/doggy:/opt/ros/humble /usr/bin/cmake --build /home/dylan/ros_programs/ex2_ws/build/angle_interface -- -j16 -l16
[0.408s] DEBUG:colcon.colcon_core.event_handler.log_command:Invoking command in '/home/dylan/ros_programs/ex2_ws/build/angle_interface': CMAKE_PREFIX_PATH=${CMAKE_PREFIX_PATH}:/home/dylan/ros_programs/ex2_ws/install/doggy:/opt/ros/humble /usr/bin/cmake --install /home/dylan/ros_programs/ex2_ws/build/angle_interface
[0.442s] Level 1:colcon.colcon_core.environment:create_environment_scripts_only(angle_interface)
[0.443s] DEBUG:colcon.colcon_core.event_handler.log_command:Invoked command in '/home/dylan/ros_programs/ex2_ws/build/angle_interface' returned '0': CMAKE_PREFIX_PATH=${CMAKE_PREFIX_PATH}:/home/dylan/ros_programs/ex2_ws/install/doggy:/opt/ros/humble /usr/bin/cmake --install /home/dylan/ros_programs/ex2_ws/build/angle_interface
[0.445s] Level 1:colcon.colcon_core.environment:checking '/home/dylan/ros_programs/ex2_ws/install/angle_interface' for CMake module files
[0.445s] Level 1:colcon.colcon_core.environment:checking '/home/dylan/ros_programs/ex2_ws/install/angle_interface' for CMake config files
[0.446s] Level 1:colcon.colcon_core.shell:create_environment_hook('angle_interface', 'cmake_prefix_path')
[0.446s] INFO:colcon.colcon_core.shell:Creating environment hook '/home/dylan/ros_programs/ex2_ws/install/angle_interface/share/angle_interface/hook/cmake_prefix_path.ps1'
[0.446s] INFO:colcon.colcon_core.shell:Creating environment descriptor '/home/dylan/ros_programs/ex2_ws/install/angle_interface/share/angle_interface/hook/cmake_prefix_path.dsv'
[0.447s] INFO:colcon.colcon_core.shell:Creating environment hook '/home/dylan/ros_programs/ex2_ws/install/angle_interface/share/angle_interface/hook/cmake_prefix_path.sh'
[0.448s] Level 1:colcon.colcon_core.environment:checking '/home/dylan/ros_programs/ex2_ws/install/angle_interface/lib'
[0.448s] Level 1:colcon.colcon_core.shell:create_environment_hook('angle_interface', 'ld_library_path_lib')
[0.448s] INFO:colcon.colcon_core.shell:Creating environment hook '/home/dylan/ros_programs/ex2_ws/install/angle_interface/share/angle_interface/hook/ld_library_path_lib.ps1'
[0.448s] INFO:colcon.colcon_core.shell:Creating environment descriptor '/home/dylan/ros_programs/ex2_ws/install/angle_interface/share/angle_interface/hook/ld_library_path_lib.dsv'
[0.449s] INFO:colcon.colcon_core.shell:Creating environment hook '/home/dylan/ros_programs/ex2_ws/install/angle_interface/share/angle_interface/hook/ld_library_path_lib.sh'
[0.449s] Level 1:colcon.colcon_core.environment:checking '/home/dylan/ros_programs/ex2_ws/install/angle_interface/bin'
[0.449s] Level 1:colcon.colcon_core.environment:checking '/home/dylan/ros_programs/ex2_ws/install/angle_interface/lib/pkgconfig/angle_interface.pc'
[0.449s] Level 1:colcon.colcon_core.environment:checking '/home/dylan/ros_programs/ex2_ws/install/angle_interface/lib/python3.10/site-packages'
[0.450s] Level 1:colcon.colcon_core.environment:checking '/home/dylan/ros_programs/ex2_ws/install/angle_interface/bin'
[0.450s] INFO:colcon.colcon_core.shell:Creating package script '/home/dylan/ros_programs/ex2_ws/install/angle_interface/share/angle_interface/package.ps1'
[0.451s] INFO:colcon.colcon_core.shell:Creating package descriptor '/home/dylan/ros_programs/ex2_ws/install/angle_interface/share/angle_interface/package.dsv'
[0.451s] INFO:colcon.colcon_core.shell:Creating package script '/home/dylan/ros_programs/ex2_ws/install/angle_interface/share/angle_interface/package.sh'
[0.452s] INFO:colcon.colcon_core.shell:Creating package script '/home/dylan/ros_programs/ex2_ws/install/angle_interface/share/angle_interface/package.bash'
[0.452s] INFO:colcon.colcon_core.shell:Creating package script '/home/dylan/ros_programs/ex2_ws/install/angle_interface/share/angle_interface/package.zsh'
[0.453s] Level 1:colcon.colcon_core.environment:create_file_with_runtime_dependencies(/home/dylan/ros_programs/ex2_ws/install/angle_interface/share/colcon-core/packages/angle_interface)
[0.453s] Level 1:colcon.colcon_core.environment:create_environment_scripts_only(angle_interface)
[0.453s] Level 1:colcon.colcon_core.environment:checking '/home/dylan/ros_programs/ex2_ws/install/angle_interface' for CMake module files
[0.454s] Level 1:colcon.colcon_core.environment:checking '/home/dylan/ros_programs/ex2_ws/install/angle_interface' for CMake config files
[0.454s] Level 1:colcon.colcon_core.shell:create_environment_hook('angle_interface', 'cmake_prefix_path')
[0.454s] INFO:colcon.colcon_core.shell:Creating environment hook '/home/dylan/ros_programs/ex2_ws/install/angle_interface/share/angle_interface/hook/cmake_prefix_path.ps1'
[0.454s] INFO:colcon.colcon_core.shell:Creating environment descriptor '/home/dylan/ros_programs/ex2_ws/install/angle_interface/share/angle_interface/hook/cmake_prefix_path.dsv'
[0.454s] INFO:colcon.colcon_core.shell:Creating environment hook '/home/dylan/ros_programs/ex2_ws/install/angle_interface/share/angle_interface/hook/cmake_prefix_path.sh'
[0.455s] Level 1:colcon.colcon_core.environment:checking '/home/dylan/ros_programs/ex2_ws/install/angle_interface/lib'
[0.455s] Level 1:colcon.colcon_core.shell:create_environment_hook('angle_interface', 'ld_library_path_lib')
[0.455s] INFO:colcon.colcon_core.shell:Creating environment hook '/home/dylan/ros_programs/ex2_ws/install/angle_interface/share/angle_interface/hook/ld_library_path_lib.ps1'
[0.455s] INFO:colcon.colcon_core.shell:Creating environment descriptor '/home/dylan/ros_programs/ex2_ws/install/angle_interface/share/angle_interface/hook/ld_library_path_lib.dsv'
[0.455s] INFO:colcon.colcon_core.shell:Creating environment hook '/home/dylan/ros_programs/ex2_ws/install/angle_interface/share/angle_interface/hook/ld_library_path_lib.sh'
[0.455s] Level 1:colcon.colcon_core.environment:checking '/home/dylan/ros_programs/ex2_ws/install/angle_interface/bin'
[0.455s] Level 1:colcon.colcon_core.environment:checking '/home/dylan/ros_programs/ex2_ws/install/angle_interface/lib/pkgconfig/angle_interface.pc'
[0.456s] Level 1:colcon.colcon_core.environment:checking '/home/dylan/ros_programs/ex2_ws/install/angle_interface/lib/python3.10/site-packages'
[0.456s] Level 1:colcon.colcon_core.environment:checking '/home/dylan/ros_programs/ex2_ws/install/angle_interface/bin'
[0.456s] INFO:colcon.colcon_core.shell:Creating package script '/home/dylan/ros_programs/ex2_ws/install/angle_interface/share/angle_interface/package.ps1'
[0.456s] INFO:colcon.colcon_core.shell:Creating package descriptor '/home/dylan/ros_programs/ex2_ws/install/angle_interface/share/angle_interface/package.dsv'
[0.456s] INFO:colcon.colcon_core.shell:Creating package script '/home/dylan/ros_programs/ex2_ws/install/angle_interface/share/angle_interface/package.sh'
[0.457s] INFO:colcon.colcon_core.shell:Creating package script '/home/dylan/ros_programs/ex2_ws/install/angle_interface/share/angle_interface/package.bash'
[0.457s] INFO:colcon.colcon_core.shell:Creating package script '/home/dylan/ros_programs/ex2_ws/install/angle_interface/share/angle_interface/package.zsh'
[0.457s] Level 1:colcon.colcon_core.environment:create_file_with_runtime_dependencies(/home/dylan/ros_programs/ex2_ws/install/angle_interface/share/colcon-core/packages/angle_interface)
[0.457s] INFO:colcon.colcon_ros.task.ament_python.build:Building ROS package in '/home/dylan/ros_programs/ex2_ws/src/doggy' with build type 'ament_python'
[0.457s] Level 1:colcon.colcon_core.shell:create_environment_hook('doggy', 'ament_prefix_path')
[0.457s] INFO:colcon.colcon_core.shell:Creating environment hook '/home/dylan/ros_programs/ex2_ws/install/doggy/share/doggy/hook/ament_prefix_path.ps1'
[0.458s] INFO:colcon.colcon_core.shell:Creating environment descriptor '/home/dylan/ros_programs/ex2_ws/install/doggy/share/doggy/hook/ament_prefix_path.dsv'
[0.458s] INFO:colcon.colcon_core.shell:Creating environment hook '/home/dylan/ros_programs/ex2_ws/install/doggy/share/doggy/hook/ament_prefix_path.sh'
[0.458s] INFO:colcon.colcon_core.shell:Skip shell extension 'powershell' for command environment: Not usable outside of PowerShell
[0.458s] DEBUG:colcon.colcon_core.shell:Skip shell extension 'dsv' for command environment
[0.594s] INFO:colcon.colcon_core.task.python.build:Building Python package in '/home/dylan/ros_programs/ex2_ws/src/doggy'
[0.594s] INFO:colcon.colcon_core.shell:Skip shell extension 'powershell' for command environment: Not usable outside of PowerShell
[0.594s] DEBUG:colcon.colcon_core.shell:Skip shell extension 'dsv' for command environment
[0.772s] DEBUG:colcon.colcon_core.event_handler.log_command:Invoking command in '/home/dylan/ros_programs/ex2_ws/src/doggy': PYTHONPATH=/home/dylan/ros_programs/ex2_ws/build/doggy/prefix_override:/usr/lib/python3/dist-packages/colcon_core/task/python/colcon_distutils_commands:/home/dylan/ros_programs/ex2_ws/install/doggy/lib/python3.10/site-packages:${PYTHONPATH} /usr/bin/python3 -W ignore:setup.py install is deprecated -W ignore:easy_install command is deprecated setup.py egg_info --egg-base ../../build/doggy build --build-base /home/dylan/ros_programs/ex2_ws/build/doggy/build install --record /home/dylan/ros_programs/ex2_ws/build/doggy/install.log --single-version-externally-managed install_data
[0.922s] Level 1:colcon.colcon_core.environment:checking '/home/dylan/ros_programs/ex2_ws/install/doggy' for CMake module files
[0.923s] Level 1:colcon.colcon_core.environment:checking '/home/dylan/ros_programs/ex2_ws/install/doggy' for CMake config files
[0.923s] DEBUG:colcon.colcon_core.event_handler.log_command:Invoked command in '/home/dylan/ros_programs/ex2_ws/src/doggy' returned '0': PYTHONPATH=/home/dylan/ros_programs/ex2_ws/build/doggy/prefix_override:/usr/lib/python3/dist-packages/colcon_core/task/python/colcon_distutils_commands:/home/dylan/ros_programs/ex2_ws/install/doggy/lib/python3.10/site-packages:${PYTHONPATH} /usr/bin/python3 -W ignore:setup.py install is deprecated -W ignore:easy_install command is deprecated setup.py egg_info --egg-base ../../build/doggy build --build-base /home/dylan/ros_programs/ex2_ws/build/doggy/build install --record /home/dylan/ros_programs/ex2_ws/build/doggy/install.log --single-version-externally-managed install_data
[0.923s] Level 1:colcon.colcon_core.environment:checking '/home/dylan/ros_programs/ex2_ws/install/doggy/lib'
[0.923s] Level 1:colcon.colcon_core.environment:checking '/home/dylan/ros_programs/ex2_ws/install/doggy/bin'
[0.923s] Level 1:colcon.colcon_core.environment:checking '/home/dylan/ros_programs/ex2_ws/install/doggy/lib/pkgconfig/doggy.pc'
[0.924s] Level 1:colcon.colcon_core.environment:checking '/home/dylan/ros_programs/ex2_ws/install/doggy/lib/python3.10/site-packages'
[0.924s] Level 1:colcon.colcon_core.shell:create_environment_hook('doggy', 'pythonpath')
[0.924s] INFO:colcon.colcon_core.shell:Creating environment hook '/home/dylan/ros_programs/ex2_ws/install/doggy/share/doggy/hook/pythonpath.ps1'
[0.924s] INFO:colcon.colcon_core.shell:Creating environment descriptor '/home/dylan/ros_programs/ex2_ws/install/doggy/share/doggy/hook/pythonpath.dsv'
[0.924s] INFO:colcon.colcon_core.shell:Creating environment hook '/home/dylan/ros_programs/ex2_ws/install/doggy/share/doggy/hook/pythonpath.sh'
[0.925s] Level 1:colcon.colcon_core.environment:checking '/home/dylan/ros_programs/ex2_ws/install/doggy/bin'
[0.925s] Level 1:colcon.colcon_core.environment:create_environment_scripts_only(doggy)
[0.925s] INFO:colcon.colcon_core.shell:Creating package script '/home/dylan/ros_programs/ex2_ws/install/doggy/share/doggy/package.ps1'
[0.925s] INFO:colcon.colcon_core.shell:Creating package descriptor '/home/dylan/ros_programs/ex2_ws/install/doggy/share/doggy/package.dsv'
[0.925s] INFO:colcon.colcon_core.shell:Creating package script '/home/dylan/ros_programs/ex2_ws/install/doggy/share/doggy/package.sh'
[0.926s] INFO:colcon.colcon_core.shell:Creating package script '/home/dylan/ros_programs/ex2_ws/install/doggy/share/doggy/package.bash'
[0.926s] INFO:colcon.colcon_core.shell:Creating package script '/home/dylan/ros_programs/ex2_ws/install/doggy/share/doggy/package.zsh'
[0.926s] Level 1:colcon.colcon_core.environment:create_file_with_runtime_dependencies(/home/dylan/ros_programs/ex2_ws/install/doggy/share/colcon-core/packages/doggy)
[0.926s] DEBUG:colcon.colcon_parallel_executor.executor.parallel:closing loop
[0.926s] DEBUG:colcon.colcon_parallel_executor.executor.parallel:loop closed
[0.926s] DEBUG:colcon.colcon_parallel_executor.executor.parallel:run_until_complete finished with '0'
[0.926s] DEBUG:colcon.colcon_core.event_reactor:joining thread
[0.930s] INFO:colcon.colcon_core.plugin_system:Skipping extension 'colcon_notification.desktop_notification.terminal_notifier': Not used on non-Darwin systems
[0.930s] INFO:colcon.colcon_core.plugin_system:Skipping extension 'colcon_notification.desktop_notification.win32': Not used on non-Windows systems
[0.930s] INFO:colcon.colcon_notification.desktop_notification:Sending desktop notification using 'notify2'
[0.937s] DEBUG:colcon.colcon_core.event_reactor:joined thread
[0.937s] INFO:colcon.colcon_core.shell:Creating prefix script '/home/dylan/ros_programs/ex2_ws/install/local_setup.ps1'
[0.938s] INFO:colcon.colcon_core.shell:Creating prefix util module '/home/dylan/ros_programs/ex2_ws/install/_local_setup_util_ps1.py'
[0.938s] INFO:colcon.colcon_core.shell:Creating prefix chain script '/home/dylan/ros_programs/ex2_ws/install/setup.ps1'
[0.939s] INFO:colcon.colcon_core.shell:Creating prefix script '/home/dylan/ros_programs/ex2_ws/install/local_setup.sh'
[0.939s] INFO:colcon.colcon_core.shell:Creating prefix util module '/home/dylan/ros_programs/ex2_ws/install/_local_setup_util_sh.py'
[0.940s] INFO:colcon.colcon_core.shell:Creating prefix chain script '/home/dylan/ros_programs/ex2_ws/install/setup.sh'
[0.940s] INFO:colcon.colcon_core.shell:Creating prefix script '/home/dylan/ros_programs/ex2_ws/install/local_setup.bash'
[0.941s] INFO:colcon.colcon_core.shell:Creating prefix chain script '/home/dylan/ros_programs/ex2_ws/install/setup.bash'
[0.941s] INFO:colcon.colcon_core.shell:Creating prefix script '/home/dylan/ros_programs/ex2_ws/install/local_setup.zsh'
[0.941s] INFO:colcon.colcon_core.shell:Creating prefix chain script '/home/dylan/ros_programs/ex2_ws/install/setup.zsh'
