running egg_info
creating ../../build/doggy/doggy.egg-info
writing ../../build/doggy/doggy.egg-info/PKG-INFO
writing dependency_links to ../../build/doggy/doggy.egg-info/dependency_links.txt
writing entry points to ../../build/doggy/doggy.egg-info/entry_points.txt
writing requirements to ../../build/doggy/doggy.egg-info/requires.txt
writing top-level names to ../../build/doggy/doggy.egg-info/top_level.txt
writing manifest file '../../build/doggy/doggy.egg-info/SOURCES.txt'
reading manifest file '../../build/doggy/doggy.egg-info/SOURCES.txt'
writing manifest file '../../build/doggy/doggy.egg-info/SOURCES.txt'
running build
running build_py
creating /home/dylan/ros_programs/ex2_ws/build/doggy/build
creating /home/dylan/ros_programs/ex2_ws/build/doggy/build/lib
creating /home/dylan/ros_programs/ex2_ws/build/doggy/build/lib/doggy
copying doggy/__init__.py -> /home/dylan/ros_programs/ex2_ws/build/doggy/build/lib/doggy
copying doggy/client.py -> /home/dylan/ros_programs/ex2_ws/build/doggy/build/lib/doggy
copying doggy/server.py -> /home/dylan/ros_programs/ex2_ws/build/doggy/build/lib/doggy
running install
running install_lib
creating /home/dylan/ros_programs/ex2_ws/install/doggy/lib/python3.10/site-packages/doggy
copying /home/dylan/ros_programs/ex2_ws/build/doggy/build/lib/doggy/__init__.py -> /home/dylan/ros_programs/ex2_ws/install/doggy/lib/python3.10/site-packages/doggy
copying /home/dylan/ros_programs/ex2_ws/build/doggy/build/lib/doggy/client.py -> /home/dylan/ros_programs/ex2_ws/install/doggy/lib/python3.10/site-packages/doggy
copying /home/dylan/ros_programs/ex2_ws/build/doggy/build/lib/doggy/server.py -> /home/dylan/ros_programs/ex2_ws/install/doggy/lib/python3.10/site-packages/doggy
byte-compiling /home/dylan/ros_programs/ex2_ws/install/doggy/lib/python3.10/site-packages/doggy/__init__.py to __init__.cpython-310.pyc
byte-compiling /home/dylan/ros_programs/ex2_ws/install/doggy/lib/python3.10/site-packages/doggy/client.py to client.cpython-310.pyc
byte-compiling /home/dylan/ros_programs/ex2_ws/install/doggy/lib/python3.10/site-packages/doggy/server.py to server.cpython-310.pyc
running install_data
creating /home/dylan/ros_programs/ex2_ws/install/doggy/share/ament_index
creating /home/dylan/ros_programs/ex2_ws/install/doggy/share/ament_index/resource_index
creating /home/dylan/ros_programs/ex2_ws/install/doggy/share/ament_index/resource_index/packages
copying resource/doggy -> /home/dylan/ros_programs/ex2_ws/install/doggy/share/ament_index/resource_index/packages
copying package.xml -> /home/dylan/ros_programs/ex2_ws/install/doggy/share/doggy
running install_egg_info
Copying ../../build/doggy/doggy.egg-info to /home/dylan/ros_programs/ex2_ws/install/doggy/lib/python3.10/site-packages/doggy-0.0.0-py3.10.egg-info
running install_scripts
Installing client script to /home/dylan/ros_programs/ex2_ws/install/doggy/lib/doggy
Installing server script to /home/dylan/ros_programs/ex2_ws/install/doggy/lib/doggy
writing list of installed files to '/home/dylan/ros_programs/ex2_ws/build/doggy/install.log'
